
*** Running vivado
    with args -log audio_mixer_project_processing_system7_0_0.vds -m64 -product Vivado -mode batch -messageDb vivado.pb -notrace -source audio_mixer_project_processing_system7_0_0.tcl


****** Vivado v2017.3 (64-bit)
  **** SW Build 2018833 on Wed Oct  4 19:58:07 MDT 2017
  **** IP Build 2016188 on Wed Oct  4 21:52:56 MDT 2017
    ** Copyright 1986-2017 Xilinx, Inc. All Rights Reserved.

source audio_mixer_project_processing_system7_0_0.tcl -notrace
Starting RTL Elaboration : Time (s): cpu = 00:00:07 ; elapsed = 00:00:09 . Memory (MB): peak = 1319.695 ; gain = 86.000 ; free physical = 8428 ; free virtual = 13277
INFO: [Synth 8-638] synthesizing module 'audio_mixer_project_processing_system7_0_0' [/home/martin.perman/workspace/audio-mixer-project/vivado/audio-mixer-project.srcs/sources_1/bd/audio_mixer_project/ip/audio_mixer_project_processing_system7_0_0/synth/audio_mixer_project_processing_system7_0_0.v:60]
INFO: [Synth 8-638] synthesizing module 'processing_system7_v5_5_processing_system7' [/home/martin.perman/workspace/audio-mixer-project/vivado/audio-mixer-project.srcs/sources_1/bd/audio_mixer_project/ip/audio_mixer_project_processing_system7_0_0/hdl/verilog/processing_system7_v5_5_processing_system7.v:162]
INFO: [Synth 8-638] synthesizing module 'BUFG' [/cad/x_17/Vivado/2017.3/scripts/rt/data/unisim_comp.v:607]
INFO: [Synth 8-256] done synthesizing module 'BUFG' (1#1) [/cad/x_17/Vivado/2017.3/scripts/rt/data/unisim_comp.v:607]
INFO: [Synth 8-638] synthesizing module 'BIBUF' [/cad/x_17/Vivado/2017.3/scripts/rt/data/unisim_comp.v:268]
INFO: [Synth 8-256] done synthesizing module 'BIBUF' (2#1) [/cad/x_17/Vivado/2017.3/scripts/rt/data/unisim_comp.v:268]
INFO: [Synth 8-638] synthesizing module 'PS7' [/cad/x_17/Vivado/2017.3/scripts/rt/data/unisim_comp.v:40559]
INFO: [Synth 8-256] done synthesizing module 'PS7' (3#1) [/cad/x_17/Vivado/2017.3/scripts/rt/data/unisim_comp.v:40559]
INFO: [Synth 8-256] done synthesizing module 'processing_system7_v5_5_processing_system7' (4#1) [/home/martin.perman/workspace/audio-mixer-project/vivado/audio-mixer-project.srcs/sources_1/bd/audio_mixer_project/ip/audio_mixer_project_processing_system7_0_0/hdl/verilog/processing_system7_v5_5_processing_system7.v:162]
INFO: [Synth 8-256] done synthesizing module 'audio_mixer_project_processing_system7_0_0' (5#1) [/home/martin.perman/workspace/audio-mixer-project/vivado/audio-mixer-project.srcs/sources_1/bd/audio_mixer_project/ip/audio_mixer_project_processing_system7_0_0/synth/audio_mixer_project_processing_system7_0_0.v:60]
Finished RTL Elaboration : Time (s): cpu = 00:00:07 ; elapsed = 00:00:11 . Memory (MB): peak = 1361.234 ; gain = 127.539 ; free physical = 8401 ; free virtual = 13251
Finished RTL Optimization Phase 1 : Time (s): cpu = 00:00:08 ; elapsed = 00:00:11 . Memory (MB): peak = 1361.234 ; gain = 127.539 ; free physical = 8385 ; free virtual = 13235
INFO: [Device 21-403] Loading part xc7z020clg484-1
Constraint Validation Runtime : Time (s): cpu = 00:00:00.01 ; elapsed = 00:00:00.01 . Memory (MB): peak = 1635.984 ; gain = 1.000 ; free physical = 7832 ; free virtual = 12691
Finished Constraint Validation : Time (s): cpu = 00:00:23 ; elapsed = 00:01:00 . Memory (MB): peak = 1635.984 ; gain = 402.289 ; free physical = 7788 ; free virtual = 12647
Finished Loading Part and Timing Information : Time (s): cpu = 00:00:23 ; elapsed = 00:01:00 . Memory (MB): peak = 1635.984 ; gain = 402.289 ; free physical = 7788 ; free virtual = 12647
Finished applying 'set_property' XDC Constraints : Time (s): cpu = 00:00:23 ; elapsed = 00:01:00 . Memory (MB): peak = 1635.984 ; gain = 402.289 ; free physical = 7793 ; free virtual = 12653
Finished RTL Optimization Phase 2 : Time (s): cpu = 00:00:23 ; elapsed = 00:01:00 . Memory (MB): peak = 1635.984 ; gain = 402.289 ; free physical = 7782 ; free virtual = 12641
Finished Cross Boundary and Area Optimization : Time (s): cpu = 00:00:24 ; elapsed = 00:01:01 . Memory (MB): peak = 1635.984 ; gain = 402.289 ; free physical = 7760 ; free virtual = 12619
Finished Applying XDC Timing Constraints : Time (s): cpu = 00:00:29 ; elapsed = 00:01:13 . Memory (MB): peak = 1840.984 ; gain = 607.289 ; free physical = 7327 ; free virtual = 12186
Finished Timing Optimization : Time (s): cpu = 00:00:29 ; elapsed = 00:01:14 . Memory (MB): peak = 1860.992 ; gain = 627.297 ; free physical = 7313 ; free virtual = 12173
Finished Technology Mapping : Time (s): cpu = 00:00:30 ; elapsed = 00:01:15 . Memory (MB): peak = 1869.000 ; gain = 635.305 ; free physical = 7298 ; free virtual = 12158
Finished IO Insertion : Time (s): cpu = 00:00:31 ; elapsed = 00:01:16 . Memory (MB): peak = 1869.004 ; gain = 635.309 ; free physical = 7258 ; free virtual = 12118
Finished Renaming Generated Instances : Time (s): cpu = 00:00:31 ; elapsed = 00:01:16 . Memory (MB): peak = 1869.004 ; gain = 635.309 ; free physical = 7258 ; free virtual = 12118
Finished Rebuilding User Hierarchy : Time (s): cpu = 00:00:31 ; elapsed = 00:01:16 . Memory (MB): peak = 1869.004 ; gain = 635.309 ; free physical = 7258 ; free virtual = 12118
Finished Renaming Generated Ports : Time (s): cpu = 00:00:31 ; elapsed = 00:01:16 . Memory (MB): peak = 1869.004 ; gain = 635.309 ; free physical = 7258 ; free virtual = 12118
Finished Handling Custom Attributes : Time (s): cpu = 00:00:31 ; elapsed = 00:01:16 . Memory (MB): peak = 1869.004 ; gain = 635.309 ; free physical = 7258 ; free virtual = 12117
Finished Renaming Generated Nets : Time (s): cpu = 00:00:31 ; elapsed = 00:01:16 . Memory (MB): peak = 1869.004 ; gain = 635.309 ; free physical = 7258 ; free virtual = 12117

Report Cell Usage: 
+------+------+------+
|      |Cell  |Count |
+------+------+------+
|1     |BIBUF |   130|
|2     |BUFG  |     1|
|3     |LUT1  |   112|
|4     |PS7   |     1|
+------+------+------+
Finished Writing Synthesis Report : Time (s): cpu = 00:00:31 ; elapsed = 00:01:16 . Memory (MB): peak = 1869.004 ; gain = 635.309 ; free physical = 7258 ; free virtual = 12117
synth_design: Time (s): cpu = 00:00:33 ; elapsed = 00:01:17 . Memory (MB): peak = 1871.000 ; gain = 663.125 ; free physical = 7435 ; free virtual = 12294
