
*** Running vivado
    with args -log audio_mixer_project_xlconstant_0_0.vds -m64 -product Vivado -mode batch -messageDb vivado.pb -notrace -source audio_mixer_project_xlconstant_0_0.tcl


****** Vivado v2017.3 (64-bit)
  **** SW Build 2018833 on Wed Oct  4 19:58:07 MDT 2017
  **** IP Build 2016188 on Wed Oct  4 21:52:56 MDT 2017
    ** Copyright 1986-2017 Xilinx, Inc. All Rights Reserved.

source audio_mixer_project_xlconstant_0_0.tcl -notrace
Starting RTL Elaboration : Time (s): cpu = 00:00:06 ; elapsed = 00:00:09 . Memory (MB): peak = 1307.938 ; gain = 81.000 ; free physical = 8362 ; free virtual = 13196
INFO: [Synth 8-638] synthesizing module 'audio_mixer_project_xlconstant_0_0' [/home/martin.perman/workspace/audio-mixer-project/vivado/audio-mixer-project.srcs/sources_1/bd/audio_mixer_project/ip/audio_mixer_project_xlconstant_0_0/synth/audio_mixer_project_xlconstant_0_0.v:57]
INFO: [Synth 8-638] synthesizing module 'xlconstant_v1_1_3_xlconstant' [/home/martin.perman/workspace/audio-mixer-project/vivado/audio-mixer-project.srcs/sources_1/bd/audio_mixer_project/ipshared/0750/hdl/xlconstant_v1_1_vl_rfs.v:23]
INFO: [Synth 8-256] done synthesizing module 'xlconstant_v1_1_3_xlconstant' (1#1) [/home/martin.perman/workspace/audio-mixer-project/vivado/audio-mixer-project.srcs/sources_1/bd/audio_mixer_project/ipshared/0750/hdl/xlconstant_v1_1_vl_rfs.v:23]
INFO: [Synth 8-256] done synthesizing module 'audio_mixer_project_xlconstant_0_0' (2#1) [/home/martin.perman/workspace/audio-mixer-project/vivado/audio-mixer-project.srcs/sources_1/bd/audio_mixer_project/ip/audio_mixer_project_xlconstant_0_0/synth/audio_mixer_project_xlconstant_0_0.v:57]
Finished RTL Elaboration : Time (s): cpu = 00:00:07 ; elapsed = 00:00:10 . Memory (MB): peak = 1350.477 ; gain = 123.539 ; free physical = 8303 ; free virtual = 13137
Finished RTL Optimization Phase 1 : Time (s): cpu = 00:00:07 ; elapsed = 00:00:10 . Memory (MB): peak = 1350.477 ; gain = 123.539 ; free physical = 8293 ; free virtual = 13128
INFO: [Device 21-403] Loading part xc7z020clg484-1
Constraint Validation Runtime : Time (s): cpu = 00:00:00 ; elapsed = 00:00:00.01 . Memory (MB): peak = 1597.484 ; gain = 0.000 ; free physical = 7535 ; free virtual = 12370
Finished Constraint Validation : Time (s): cpu = 00:00:21 ; elapsed = 00:00:59 . Memory (MB): peak = 1597.484 ; gain = 370.547 ; free physical = 7544 ; free virtual = 12379
Finished Loading Part and Timing Information : Time (s): cpu = 00:00:21 ; elapsed = 00:00:59 . Memory (MB): peak = 1597.484 ; gain = 370.547 ; free physical = 7544 ; free virtual = 12379
Finished applying 'set_property' XDC Constraints : Time (s): cpu = 00:00:21 ; elapsed = 00:00:59 . Memory (MB): peak = 1597.484 ; gain = 370.547 ; free physical = 7546 ; free virtual = 12381
Finished RTL Optimization Phase 2 : Time (s): cpu = 00:00:21 ; elapsed = 00:00:59 . Memory (MB): peak = 1597.484 ; gain = 370.547 ; free physical = 7546 ; free virtual = 12381
Finished Cross Boundary and Area Optimization : Time (s): cpu = 00:00:21 ; elapsed = 00:01:00 . Memory (MB): peak = 1597.484 ; gain = 370.547 ; free physical = 7552 ; free virtual = 12387
Finished Applying XDC Timing Constraints : Time (s): cpu = 00:00:27 ; elapsed = 00:01:12 . Memory (MB): peak = 1647.484 ; gain = 420.547 ; free physical = 7236 ; free virtual = 12072
Finished Timing Optimization : Time (s): cpu = 00:00:27 ; elapsed = 00:01:12 . Memory (MB): peak = 1647.484 ; gain = 420.547 ; free physical = 7236 ; free virtual = 12072
Finished Technology Mapping : Time (s): cpu = 00:00:27 ; elapsed = 00:01:12 . Memory (MB): peak = 1656.500 ; gain = 429.562 ; free physical = 7235 ; free virtual = 12071
Finished IO Insertion : Time (s): cpu = 00:00:27 ; elapsed = 00:01:13 . Memory (MB): peak = 1656.504 ; gain = 429.566 ; free physical = 7226 ; free virtual = 12062
Finished Renaming Generated Instances : Time (s): cpu = 00:00:27 ; elapsed = 00:01:13 . Memory (MB): peak = 1656.504 ; gain = 429.566 ; free physical = 7226 ; free virtual = 12062
Finished Rebuilding User Hierarchy : Time (s): cpu = 00:00:27 ; elapsed = 00:01:13 . Memory (MB): peak = 1656.504 ; gain = 429.566 ; free physical = 7226 ; free virtual = 12062
Finished Renaming Generated Ports : Time (s): cpu = 00:00:27 ; elapsed = 00:01:13 . Memory (MB): peak = 1656.504 ; gain = 429.566 ; free physical = 7226 ; free virtual = 12062
Finished Handling Custom Attributes : Time (s): cpu = 00:00:27 ; elapsed = 00:01:13 . Memory (MB): peak = 1656.504 ; gain = 429.566 ; free physical = 7226 ; free virtual = 12062
Finished Renaming Generated Nets : Time (s): cpu = 00:00:27 ; elapsed = 00:01:13 . Memory (MB): peak = 1656.504 ; gain = 429.566 ; free physical = 7226 ; free virtual = 12062

Report Cell Usage: 
+-+-----+------+
| |Cell |Count |
+-+-----+------+
+-+-----+------+
Finished Writing Synthesis Report : Time (s): cpu = 00:00:27 ; elapsed = 00:01:13 . Memory (MB): peak = 1656.504 ; gain = 429.566 ; free physical = 7226 ; free virtual = 12062
synth_design: Time (s): cpu = 00:00:29 ; elapsed = 00:01:14 . Memory (MB): peak = 1670.504 ; gain = 469.387 ; free physical = 7181 ; free virtual = 12016
