
*** Running vivado
    with args -log audio_mixer_project_processing_system7_0_0.vds -m64 -tempDir /home/clarke/tmp -product Vivado -mode batch -messageDb vivado.pb -notrace -source audio_mixer_project_processing_system7_0_0.tcl


****** Vivado v2017.3 (64-bit)
  **** SW Build 2018833 on Wed Oct  4 19:58:07 MDT 2017
  **** IP Build 2016188 on Wed Oct  4 21:52:56 MDT 2017
    ** Copyright 1986-2017 Xilinx, Inc. All Rights Reserved.

source audio_mixer_project_processing_system7_0_0.tcl -notrace
Starting RTL Elaboration : Time (s): cpu = 00:00:08 ; elapsed = 00:00:09 . Memory (MB): peak = 1251.848 ; gain = 85.000 ; free physical = 8412 ; free virtual = 11863
INFO: [Synth 8-638] synthesizing module 'audio_mixer_project_processing_system7_0_0' [/home/clarke/workspace/audio-mixer-project/vivado/audio-mixer-project.srcs/sources_1/bd/audio_mixer_project/ip/audio_mixer_project_processing_system7_0_0/synth/audio_mixer_project_processing_system7_0_0.v:60]
INFO: [Synth 8-638] synthesizing module 'processing_system7_v5_5_processing_system7' [/home/clarke/workspace/audio-mixer-project/vivado/audio-mixer-project.srcs/sources_1/bd/audio_mixer_project/ip/audio_mixer_project_processing_system7_0_0/hdl/verilog/processing_system7_v5_5_processing_system7.v:162]
INFO: [Synth 8-638] synthesizing module 'BUFG' [/opt/Xilinx/Vivado/2017.3/scripts/rt/data/unisim_comp.v:607]
INFO: [Synth 8-256] done synthesizing module 'BUFG' (1#1) [/opt/Xilinx/Vivado/2017.3/scripts/rt/data/unisim_comp.v:607]
INFO: [Synth 8-638] synthesizing module 'BIBUF' [/opt/Xilinx/Vivado/2017.3/scripts/rt/data/unisim_comp.v:268]
INFO: [Synth 8-256] done synthesizing module 'BIBUF' (2#1) [/opt/Xilinx/Vivado/2017.3/scripts/rt/data/unisim_comp.v:268]
INFO: [Synth 8-638] synthesizing module 'PS7' [/opt/Xilinx/Vivado/2017.3/scripts/rt/data/unisim_comp.v:40559]
INFO: [Synth 8-256] done synthesizing module 'PS7' (3#1) [/opt/Xilinx/Vivado/2017.3/scripts/rt/data/unisim_comp.v:40559]
INFO: [Synth 8-256] done synthesizing module 'processing_system7_v5_5_processing_system7' (4#1) [/home/clarke/workspace/audio-mixer-project/vivado/audio-mixer-project.srcs/sources_1/bd/audio_mixer_project/ip/audio_mixer_project_processing_system7_0_0/hdl/verilog/processing_system7_v5_5_processing_system7.v:162]
INFO: [Synth 8-256] done synthesizing module 'audio_mixer_project_processing_system7_0_0' (5#1) [/home/clarke/workspace/audio-mixer-project/vivado/audio-mixer-project.srcs/sources_1/bd/audio_mixer_project/ip/audio_mixer_project_processing_system7_0_0/synth/audio_mixer_project_processing_system7_0_0.v:60]
Finished RTL Elaboration : Time (s): cpu = 00:00:09 ; elapsed = 00:00:10 . Memory (MB): peak = 1293.379 ; gain = 126.531 ; free physical = 8441 ; free virtual = 11894
Finished RTL Optimization Phase 1 : Time (s): cpu = 00:00:10 ; elapsed = 00:00:11 . Memory (MB): peak = 1293.379 ; gain = 126.531 ; free physical = 8411 ; free virtual = 11863
INFO: [Device 21-403] Loading part xc7z020clg484-1
Constraint Validation Runtime : Time (s): cpu = 00:00:00.02 ; elapsed = 00:00:00.02 . Memory (MB): peak = 1597.137 ; gain = 0.000 ; free physical = 7361 ; free virtual = 10821
Finished Constraint Validation : Time (s): cpu = 00:00:30 ; elapsed = 00:00:47 . Memory (MB): peak = 1597.137 ; gain = 430.289 ; free physical = 7452 ; free virtual = 10913
Finished Loading Part and Timing Information : Time (s): cpu = 00:00:30 ; elapsed = 00:00:47 . Memory (MB): peak = 1597.137 ; gain = 430.289 ; free physical = 7451 ; free virtual = 10913
Finished applying 'set_property' XDC Constraints : Time (s): cpu = 00:00:30 ; elapsed = 00:00:47 . Memory (MB): peak = 1597.137 ; gain = 430.289 ; free physical = 7433 ; free virtual = 10894
Finished RTL Optimization Phase 2 : Time (s): cpu = 00:00:31 ; elapsed = 00:00:48 . Memory (MB): peak = 1597.137 ; gain = 430.289 ; free physical = 7460 ; free virtual = 10922
Finished Cross Boundary and Area Optimization : Time (s): cpu = 00:00:31 ; elapsed = 00:00:48 . Memory (MB): peak = 1597.137 ; gain = 430.289 ; free physical = 7427 ; free virtual = 10888
Finished Applying XDC Timing Constraints : Time (s): cpu = 00:00:39 ; elapsed = 00:01:00 . Memory (MB): peak = 1771.129 ; gain = 604.281 ; free physical = 6977 ; free virtual = 10429
Finished Timing Optimization : Time (s): cpu = 00:00:39 ; elapsed = 00:01:00 . Memory (MB): peak = 1792.137 ; gain = 625.289 ; free physical = 6960 ; free virtual = 10412
Finished Technology Mapping : Time (s): cpu = 00:00:41 ; elapsed = 00:01:02 . Memory (MB): peak = 1800.145 ; gain = 633.297 ; free physical = 6902 ; free virtual = 10354
Finished IO Insertion : Time (s): cpu = 00:00:43 ; elapsed = 00:01:04 . Memory (MB): peak = 1800.145 ; gain = 633.297 ; free physical = 6922 ; free virtual = 10377
Finished Renaming Generated Instances : Time (s): cpu = 00:00:43 ; elapsed = 00:01:04 . Memory (MB): peak = 1800.145 ; gain = 633.297 ; free physical = 6922 ; free virtual = 10377
Finished Rebuilding User Hierarchy : Time (s): cpu = 00:00:43 ; elapsed = 00:01:04 . Memory (MB): peak = 1800.145 ; gain = 633.297 ; free physical = 6919 ; free virtual = 10374
Finished Renaming Generated Ports : Time (s): cpu = 00:00:43 ; elapsed = 00:01:04 . Memory (MB): peak = 1800.145 ; gain = 633.297 ; free physical = 6920 ; free virtual = 10374
Finished Handling Custom Attributes : Time (s): cpu = 00:00:43 ; elapsed = 00:01:04 . Memory (MB): peak = 1800.145 ; gain = 633.297 ; free physical = 6920 ; free virtual = 10374
Finished Renaming Generated Nets : Time (s): cpu = 00:00:43 ; elapsed = 00:01:04 . Memory (MB): peak = 1800.145 ; gain = 633.297 ; free physical = 6920 ; free virtual = 10374

Report Cell Usage: 
+------+------+------+
|      |Cell  |Count |
+------+------+------+
|1     |BIBUF |   130|
|2     |BUFG  |     1|
|3     |LUT1  |   112|
|4     |PS7   |     1|
+------+------+------+
Finished Writing Synthesis Report : Time (s): cpu = 00:00:43 ; elapsed = 00:01:04 . Memory (MB): peak = 1800.145 ; gain = 633.297 ; free physical = 6920 ; free virtual = 10374
synth_design: Time (s): cpu = 00:00:45 ; elapsed = 00:01:05 . Memory (MB): peak = 1802.145 ; gain = 648.668 ; free physical = 7587 ; free virtual = 11042
