19:38:24 INFO  : Registering command handlers for SDK TCF services
19:38:26 INFO  : Launching XSCT server: xsct -n -interactive /home/martin.perman/workspace/audio-mixer-project/vivado/audio-mixer-project.sdk/temp_xsdb_launch_script.tcl
19:38:28 INFO  : XSCT server has started successfully.
19:38:30 INFO  : Successfully done setting XSCT server connection channel  
19:38:30 INFO  : Successfully done setting SDK workspace  
19:38:30 INFO  : Processing command line option -hwspec /home/martin.perman/workspace/audio-mixer-project/vivado/audio-mixer-project.sdk/audio_mixer_project_wrapper.hdf.
11:37:59 INFO  : Launching XSCT server: xsct -n -interactive /home/martin.perman/workspace/audio-mixer-project/vivado/audio-mixer-project.sdk/temp_xsdb_launch_script.tcl
11:38:01 INFO  : XSCT server has started successfully.
11:38:01 INFO  : Successfully done setting XSCT server connection channel  
11:38:04 INFO  : Successfully done setting SDK workspace  
11:38:05 INFO  : Registering command handlers for SDK TCF services
11:38:07 INFO  : Processing command line option -hwspec /home/martin.perman/workspace/audio-mixer-project/vivado/audio-mixer-project.sdk/audio_mixer_project_wrapper.hdf.
11:38:07 INFO  : Checking for hwspec changes in the project audio_mixer_project_wrapper_hw_platform_0.
11:38:07 INFO  : SDK has detected change in the last modified timestamps for source hardware specification file Source:1525768589000,  Project:1524587571000
11:38:07 INFO  : The hardware specification for project 'audio_mixer_project_wrapper_hw_platform_0' is different from /home/martin.perman/workspace/audio-mixer-project/vivado/audio-mixer-project.sdk/audio_mixer_project_wrapper.hdf.
11:38:09 INFO  : Copied contents of /home/martin.perman/workspace/audio-mixer-project/vivado/audio-mixer-project.sdk/audio_mixer_project_wrapper.hdf into /audio_mixer_project_wrapper_hw_platform_0/system.hdf.
11:38:12 ERROR : (XSDB Server)ERROR: [Hsi 55-1433] Error boost::filesystem::directory_iterator::construct: Permission denied: "/tmp/.esd-475"
ERROR: [Hsi 55-1433] Error boost::filesystem::directory_iterator::construct: Permission denied: "/tmp/systemd-private-92fcff9e5c8e492690dc02ad5c9f3bf3-rtkit-daemon.service-8z3wzd"
ERROR: [Hsi 55-1433] Error boost::filesystem::directory_iterator::construct: Permission denied: "/tmp/systemd-private-92fcff9e5c8e492690dc02ad5c9f3bf3-colord.service-WKErUT"
ERROR: [Hsi 55-1433] Error boost::filesystem::directory_iterator::construct: Permission denied: "/tmp/systemd-private-92fcff9e5c8e492690dc02ad5c9f3bf3-ntpd.service-m6lo2z"

11:38:12 ERROR : Failed to openhw "/tmp/system5371177383361041635.hdf"
Reason: ERROR: [Common 17-39] 'hsi::open_hw_design' failed due to earlier errors.

11:38:12 INFO  : Synchronizing projects in the workspace with the hardware platform specification changes.
11:38:12 INFO  : Clearing existing target manager status.
11:38:12 WARN  : Given IPC port value is invalid. Using default port 2350
11:38:12 WARN  : Given XMD timeout value is invalid. Using default value of 50000
11:38:15 WARN  : Given XMD transaction timeout value is invalid. Using default value of 60000 milli seconds
11:38:15 INFO  : Workspace synchronized with the new hardware specification file. Cleaning dependent projects...
11:38:15 WARN  : Linker script will not be updated automatically. Users need to update it manually.
11:58:59 ERROR : Unexpected error while parsing XMD response ?: com.google.gson.JsonSyntaxException: com.google.gson.stream.MalformedJsonException: invalid number or unquoted string near 
