#-----------------------------------------------------------
# Webtalk v2017.3 (64-bit)
# SW Build 2018833 on Wed Oct  4 19:58:07 MDT 2017
# 
# Start of session at: Tue Apr 24 19:39:34 2018
# Process ID: 12321
# Current directory: /home/martin.perman/workspace/audio-mixer-project/vivado/audio-mixer-project.sdk/webtalk
# Command line: wbtcv -mode batch -source sdk_webtalk.tcl
# Log file: /home/martin.perman/workspace/audio-mixer-project/vivado/audio-mixer-project.sdk/webtalk/webtalk.log
# Journal file: /home/martin.perman/workspace/audio-mixer-project/vivado/audio-mixer-project.sdk/webtalk/webtalk.jou
#-----------------------------------------------------------
source sdk_webtalk.tcl
# webtalk_init -webtalk_dir /home/martin.perman/workspace/audio-mixer-project/vivado/audio-mixer-project.sdk/webtalk
# webtalk_register_client -client project
# webtalk_add_data -client project -key date_generated -value "2018-04-24 19:39:33" -context "software_version_and_target_device"
# webtalk_add_data -client project -key product_version -value "SDK v2017.3" -context "software_version_and_target_device"
# webtalk_add_data -client project -key build_version -value "2017.3" -context "software_version_and_target_device"
# webtalk_add_data -client project -key os_platform -value "amd64" -context "software_version_and_target_device"
# webtalk_add_data -client project -key registration_id -value "174123256_177724473_177724475_704" -context "software_version_and_target_device"
# webtalk_add_data -client project -key tool_flow -value "SDK" -context "software_version_and_target_device"
# webtalk_add_data -client project -key beta -value "false" -context "software_version_and_target_device"
# webtalk_add_data -client project -key route_design -value "NA" -context "software_version_and_target_device"
# webtalk_add_data -client project -key target_family -value "NA" -context "software_version_and_target_device"
# webtalk_add_data -client project -key target_device -value "NA" -context "software_version_and_target_device"
# webtalk_add_data -client project -key target_package -value "NA" -context "software_version_and_target_device"
# webtalk_add_data -client project -key target_speed -value "NA" -context "software_version_and_target_device"
# webtalk_add_data -client project -key random_id -value "p6ck216e59hkcl7bimea25g58s" -context "software_version_and_target_device"
# webtalk_add_data -client project -key project_id -value "2017.3_1" -context "software_version_and_target_device"
# webtalk_add_data -client project -key project_iteration -value "1" -context "software_version_and_target_device"
# webtalk_add_data -client project -key os_name -value "SUSE" -context "user_environment"
# webtalk_add_data -client project -key os_release -value "SUSE Linux Enterprise Desktop 12 SP2" -context "user_environment"
# webtalk_add_data -client project -key cpu_name -value "Intel(R) Core(TM) i5-7500 CPU @ 3.40GHz" -context "user_environment"
# webtalk_add_data -client project -key cpu_speed -value "3688.140 MHz" -context "user_environment"
# webtalk_add_data -client project -key total_processors -value "1" -context "user_environment"
# webtalk_add_data -client project -key system_ram -value "16.205 GB" -context "user_environment"
# webtalk_register_client -client sdk
# webtalk_add_data -client sdk -key uid -value "1524587912000" -context "sdk\\\\hardware/1524587912000"
# webtalk_add_data -client sdk -key isZynq -value "true" -context "sdk\\\\hardware/1524587912000"
# webtalk_add_data -client sdk -key isZynqMP -value "false" -context "sdk\\\\hardware/1524587912000"
# webtalk_add_data -client sdk -key Processors -value "2" -context "sdk\\\\hardware/1524587912000"
# webtalk_add_data -client sdk -key VivadoVersion -value "2017.3" -context "sdk\\\\hardware/1524587912000"
# webtalk_add_data -client sdk -key Arch -value "zynq" -context "sdk\\\\hardware/1524587912000"
# webtalk_add_data -client sdk -key Device -value "7z020" -context "sdk\\\\hardware/1524587912000"
# webtalk_add_data -client sdk -key IsHandoff -value "true" -context "sdk\\\\hardware/1524587912000"
# webtalk_add_data -client sdk -key os -value "NA" -context "sdk\\\\hardware/1524587912000"
# webtalk_add_data -client sdk -key apptemplate -value "NA" -context "sdk\\\\hardware/1524587912000"
# webtalk_add_data -client sdk -key RecordType -value "HWCreation" -context "sdk\\\\hardware/1524587912000"
# webtalk_add_data -client sdk -key uid -value "NA" -context "sdk\\\\bsp/1524587973771"
# webtalk_add_data -client sdk -key RecordType -value "ToolUsage" -context "sdk\\\\bsp/1524587973771"
# webtalk_add_data -client sdk -key BootgenCount -value "0" -context "sdk\\\\bsp/1524587973771"
# webtalk_add_data -client sdk -key DebugCount -value "0" -context "sdk\\\\bsp/1524587973771"
# webtalk_add_data -client sdk -key PerfCount -value "0" -context "sdk\\\\bsp/1524587973771"
# webtalk_add_data -client sdk -key FlashCount -value "0" -context "sdk\\\\bsp/1524587973771"
# webtalk_add_data -client sdk -key CrossTriggCount -value "0" -context "sdk\\\\bsp/1524587973771"
# webtalk_add_data -client sdk -key QemuDebugCount -value "0" -context "sdk\\\\bsp/1524587973771"
# webtalk_transmit -clientid 1051255364 -regid "174123256_177724473_177724475_704" -xml /home/martin.perman/workspace/audio-mixer-project/vivado/audio-mixer-project.sdk/webtalk/usage_statistics_ext_sdk.xml -html /home/martin.perman/workspace/audio-mixer-project/vivado/audio-mixer-project.sdk/webtalk/usage_statistics_ext_sdk.html -wdm /home/martin.perman/workspace/audio-mixer-project/vivado/audio-mixer-project.sdk/webtalk/sdk_webtalk.wdm -intro "<H3>SDK Usage Report</H3><BR>"
# webtalk_terminate
INFO: [Common 17-206] Exiting Webtalk at Tue Apr 24 19:39:34 2018...
