
*** Running vivado
    with args -log audio_mixer_project_pmod_controller_0_3.vds -m64 -tempDir /home/clarke/tmp -product Vivado -mode batch -messageDb vivado.pb -notrace -source audio_mixer_project_pmod_controller_0_3.tcl


****** Vivado v2017.3 (64-bit)
  **** SW Build 2018833 on Wed Oct  4 19:58:07 MDT 2017
  **** IP Build 2016188 on Wed Oct  4 21:52:56 MDT 2017
    ** Copyright 1986-2017 Xilinx, Inc. All Rights Reserved.

source audio_mixer_project_pmod_controller_0_3.tcl -notrace
Command: synth_design -top audio_mixer_project_pmod_controller_0_3 -part xc7z020clg484-1 -mode out_of_context
Starting synth_design
Attempting to get a license for feature 'Synthesis' and/or device 'xc7z020'
INFO: [Common 17-349] Got license for feature 'Synthesis' and/or device 'xc7z020'
INFO: Launching helper process for spawning children vivado processes
INFO: Helper process launched with PID 28190 
---------------------------------------------------------------------------------
Starting RTL Elaboration : Time (s): cpu = 00:00:07 ; elapsed = 00:00:07 . Memory (MB): peak = 1240.844 ; gain = 74.000 ; free physical = 11373 ; free virtual = 13160
---------------------------------------------------------------------------------
INFO: [Synth 8-638] synthesizing module 'audio_mixer_project_pmod_controller_0_3' [/home/clarke/workspace/audio-mixer-project/vivado/audio-mixer-project.srcs/sources_1/bd/audio_mixer_project/ip/audio_mixer_project_pmod_controller_0_3/synth/audio_mixer_project_pmod_controller_0_3.vhd:87]
	Parameter C_S00_AXI_DATA_WIDTH bound to: 32 - type: integer 
	Parameter C_S00_AXI_ADDR_WIDTH bound to: 4 - type: integer 
INFO: [Synth 8-3491] module 'pmod_controller_v1_0' declared at '/home/clarke/workspace/audio-mixer-project/vivado/audio-mixer-project.srcs/sources_1/bd/audio_mixer_project/ipshared/46fd/hdl/pmod_controller_v1_0.vhd:5' bound to instance 'U0' of component 'pmod_controller_v1_0' [/home/clarke/workspace/audio-mixer-project/vivado/audio-mixer-project.srcs/sources_1/bd/audio_mixer_project/ip/audio_mixer_project_pmod_controller_0_3/synth/audio_mixer_project_pmod_controller_0_3.vhd:155]
INFO: [Synth 8-638] synthesizing module 'pmod_controller_v1_0' [/home/clarke/workspace/audio-mixer-project/vivado/audio-mixer-project.srcs/sources_1/bd/audio_mixer_project/ipshared/46fd/hdl/pmod_controller_v1_0.vhd:53]
	Parameter C_S00_AXI_DATA_WIDTH bound to: 32 - type: integer 
	Parameter C_S00_AXI_ADDR_WIDTH bound to: 4 - type: integer 
	Parameter C_S_AXI_DATA_WIDTH bound to: 32 - type: integer 
	Parameter C_S_AXI_ADDR_WIDTH bound to: 4 - type: integer 
INFO: [Synth 8-3491] module 'pmod_controller_v1_0_S00_AXI' declared at '/home/clarke/workspace/audio-mixer-project/vivado/audio-mixer-project.srcs/sources_1/bd/audio_mixer_project/ipshared/46fd/hdl/pmod_controller_v1_0_S00_AXI.vhd:5' bound to instance 'pmod_controller_v1_0_S00_AXI_inst' of component 'pmod_controller_v1_0_S00_AXI' [/home/clarke/workspace/audio-mixer-project/vivado/audio-mixer-project.srcs/sources_1/bd/audio_mixer_project/ipshared/46fd/hdl/pmod_controller_v1_0.vhd:95]
INFO: [Synth 8-638] synthesizing module 'pmod_controller_v1_0_S00_AXI' [/home/clarke/workspace/audio-mixer-project/vivado/audio-mixer-project.srcs/sources_1/bd/audio_mixer_project/ipshared/46fd/hdl/pmod_controller_v1_0_S00_AXI.vhd:91]
	Parameter C_S_AXI_DATA_WIDTH bound to: 32 - type: integer 
	Parameter C_S_AXI_ADDR_WIDTH bound to: 4 - type: integer 
INFO: [Synth 8-226] default block is never used [/home/clarke/workspace/audio-mixer-project/vivado/audio-mixer-project.srcs/sources_1/bd/audio_mixer_project/ipshared/46fd/hdl/pmod_controller_v1_0_S00_AXI.vhd:242]
INFO: [Synth 8-226] default block is never used [/home/clarke/workspace/audio-mixer-project/vivado/audio-mixer-project.srcs/sources_1/bd/audio_mixer_project/ipshared/46fd/hdl/pmod_controller_v1_0_S00_AXI.vhd:372]
INFO: [Synth 8-3491] module 'rotary_controller' declared at '/home/clarke/workspace/audio-mixer-project/vivado/audio-mixer-project.srcs/sources_1/bd/audio_mixer_project/ipshared/46fd/rotary_controller.vhd:34' bound to instance 'controller1' of component 'rotary_controller' [/home/clarke/workspace/audio-mixer-project/vivado/audio-mixer-project.srcs/sources_1/bd/audio_mixer_project/ipshared/46fd/hdl/pmod_controller_v1_0_S00_AXI.vhd:407]
INFO: [Synth 8-638] synthesizing module 'rotary_controller' [/home/clarke/workspace/audio-mixer-project/vivado/audio-mixer-project.srcs/sources_1/bd/audio_mixer_project/ipshared/46fd/rotary_controller.vhd:49]
INFO: [Synth 8-3491] module 'debouncer' declared at '/home/clarke/workspace/audio-mixer-project/vivado/audio-mixer-project.srcs/sources_1/bd/audio_mixer_project/ipshared/46fd/debouncer.vhd:35' bound to instance 'Button_debouncer' of component 'debouncer' [/home/clarke/workspace/audio-mixer-project/vivado/audio-mixer-project.srcs/sources_1/bd/audio_mixer_project/ipshared/46fd/rotary_controller.vhd:69]
INFO: [Synth 8-638] synthesizing module 'debouncer' [/home/clarke/workspace/audio-mixer-project/vivado/audio-mixer-project.srcs/sources_1/bd/audio_mixer_project/ipshared/46fd/debouncer.vhd:43]
	Parameter counter_size bound to: 19 - type: integer 
WARNING: [Synth 8-3848] Net counter_set in module/entity debouncer does not have driver. [/home/clarke/workspace/audio-mixer-project/vivado/audio-mixer-project.srcs/sources_1/bd/audio_mixer_project/ipshared/46fd/debouncer.vhd:46]
INFO: [Synth 8-256] done synthesizing module 'debouncer' (1#1) [/home/clarke/workspace/audio-mixer-project/vivado/audio-mixer-project.srcs/sources_1/bd/audio_mixer_project/ipshared/46fd/debouncer.vhd:43]
INFO: [Synth 8-3491] module 'debouncer' declared at '/home/clarke/workspace/audio-mixer-project/vivado/audio-mixer-project.srcs/sources_1/bd/audio_mixer_project/ipshared/46fd/debouncer.vhd:35' bound to instance 'Switch_debouncer' of component 'debouncer' [/home/clarke/workspace/audio-mixer-project/vivado/audio-mixer-project.srcs/sources_1/bd/audio_mixer_project/ipshared/46fd/rotary_controller.vhd:75]
INFO: [Synth 8-3491] module 'pulse_generator' declared at '/home/clarke/workspace/audio-mixer-project/vivado/audio-mixer-project.srcs/sources_1/bd/audio_mixer_project/ipshared/46fd/pulse_generator.vhd:34' bound to instance 'pulsegen' of component 'pulse_generator' [/home/clarke/workspace/audio-mixer-project/vivado/audio-mixer-project.srcs/sources_1/bd/audio_mixer_project/ipshared/46fd/rotary_controller.vhd:81]
INFO: [Synth 8-638] synthesizing module 'pulse_generator' [/home/clarke/workspace/audio-mixer-project/vivado/audio-mixer-project.srcs/sources_1/bd/audio_mixer_project/ipshared/46fd/pulse_generator.vhd:40]
INFO: [Synth 8-256] done synthesizing module 'pulse_generator' (2#1) [/home/clarke/workspace/audio-mixer-project/vivado/audio-mixer-project.srcs/sources_1/bd/audio_mixer_project/ipshared/46fd/pulse_generator.vhd:40]
INFO: [Synth 8-256] done synthesizing module 'rotary_controller' (3#1) [/home/clarke/workspace/audio-mixer-project/vivado/audio-mixer-project.srcs/sources_1/bd/audio_mixer_project/ipshared/46fd/rotary_controller.vhd:49]
WARNING: [Synth 8-6014] Unused sequential element loc_addr_reg was removed.  [/home/clarke/workspace/audio-mixer-project/vivado/audio-mixer-project.srcs/sources_1/bd/audio_mixer_project/ipshared/46fd/hdl/pmod_controller_v1_0_S00_AXI.vhd:240]
INFO: [Synth 8-256] done synthesizing module 'pmod_controller_v1_0_S00_AXI' (4#1) [/home/clarke/workspace/audio-mixer-project/vivado/audio-mixer-project.srcs/sources_1/bd/audio_mixer_project/ipshared/46fd/hdl/pmod_controller_v1_0_S00_AXI.vhd:91]
INFO: [Synth 8-256] done synthesizing module 'pmod_controller_v1_0' (5#1) [/home/clarke/workspace/audio-mixer-project/vivado/audio-mixer-project.srcs/sources_1/bd/audio_mixer_project/ipshared/46fd/hdl/pmod_controller_v1_0.vhd:53]
INFO: [Synth 8-256] done synthesizing module 'audio_mixer_project_pmod_controller_0_3' (6#1) [/home/clarke/workspace/audio-mixer-project/vivado/audio-mixer-project.srcs/sources_1/bd/audio_mixer_project/ip/audio_mixer_project_pmod_controller_0_3/synth/audio_mixer_project_pmod_controller_0_3.vhd:87]
WARNING: [Synth 8-3331] design pmod_controller_v1_0_S00_AXI has unconnected port S_AXI_AWPROT[2]
WARNING: [Synth 8-3331] design pmod_controller_v1_0_S00_AXI has unconnected port S_AXI_AWPROT[1]
WARNING: [Synth 8-3331] design pmod_controller_v1_0_S00_AXI has unconnected port S_AXI_AWPROT[0]
WARNING: [Synth 8-3331] design pmod_controller_v1_0_S00_AXI has unconnected port S_AXI_ARPROT[2]
WARNING: [Synth 8-3331] design pmod_controller_v1_0_S00_AXI has unconnected port S_AXI_ARPROT[1]
WARNING: [Synth 8-3331] design pmod_controller_v1_0_S00_AXI has unconnected port S_AXI_ARPROT[0]
---------------------------------------------------------------------------------
Finished RTL Elaboration : Time (s): cpu = 00:00:07 ; elapsed = 00:00:08 . Memory (MB): peak = 1283.375 ; gain = 116.531 ; free physical = 11310 ; free virtual = 13114
---------------------------------------------------------------------------------

Report Check Netlist: 
+------+------------------+-------+---------+-------+------------------+
|      |Item              |Errors |Warnings |Status |Description       |
+------+------------------+-------+---------+-------+------------------+
|1     |multi_driven_nets |      0|        0|Passed |Multi driven nets |
+------+------------------+-------+---------+-------+------------------+
---------------------------------------------------------------------------------
Finished RTL Optimization Phase 1 : Time (s): cpu = 00:00:07 ; elapsed = 00:00:08 . Memory (MB): peak = 1283.375 ; gain = 116.531 ; free physical = 11301 ; free virtual = 13104
---------------------------------------------------------------------------------
INFO: [Device 21-403] Loading part xc7z020clg484-1
INFO: [Project 1-570] Preparing netlist for logic optimization

Processing XDC Constraints
Initializing timing engine
Completed Processing XDC Constraints

INFO: [Project 1-111] Unisim Transformation Summary:
No Unisim elements were transformed.

Constraint Validation Runtime : Time (s): cpu = 00:00:00.01 ; elapsed = 00:00:00.01 . Memory (MB): peak = 1651.398 ; gain = 0.000 ; free physical = 10864 ; free virtual = 12712
---------------------------------------------------------------------------------
Finished Constraint Validation : Time (s): cpu = 00:00:22 ; elapsed = 00:00:35 . Memory (MB): peak = 1651.398 ; gain = 484.555 ; free physical = 10777 ; free virtual = 12626
---------------------------------------------------------------------------------
---------------------------------------------------------------------------------
Start Loading Part and Timing Information
---------------------------------------------------------------------------------
Loading part: xc7z020clg484-1
---------------------------------------------------------------------------------
Finished Loading Part and Timing Information : Time (s): cpu = 00:00:22 ; elapsed = 00:00:35 . Memory (MB): peak = 1651.398 ; gain = 484.555 ; free physical = 10777 ; free virtual = 12626
---------------------------------------------------------------------------------
---------------------------------------------------------------------------------
Start Applying 'set_property' XDC Constraints
---------------------------------------------------------------------------------
---------------------------------------------------------------------------------
Finished applying 'set_property' XDC Constraints : Time (s): cpu = 00:00:22 ; elapsed = 00:00:35 . Memory (MB): peak = 1651.398 ; gain = 484.555 ; free physical = 10779 ; free virtual = 12628
---------------------------------------------------------------------------------
WARNING: [Synth 8-6014] Unused sequential element counter_out_reg was removed.  [/home/clarke/workspace/audio-mixer-project/vivado/audio-mixer-project.srcs/sources_1/bd/audio_mixer_project/ipshared/46fd/debouncer.vhd:56]
---------------------------------------------------------------------------------
Finished RTL Optimization Phase 2 : Time (s): cpu = 00:00:22 ; elapsed = 00:00:35 . Memory (MB): peak = 1651.398 ; gain = 484.555 ; free physical = 10771 ; free virtual = 12620
---------------------------------------------------------------------------------

Report RTL Partitions: 
+-+--------------+------------+----------+
| |RTL Partition |Replication |Instances |
+-+--------------+------------+----------+
+-+--------------+------------+----------+
---------------------------------------------------------------------------------
Start RTL Component Statistics 
---------------------------------------------------------------------------------
Detailed RTL Component Info : 
+---Registers : 
	               32 Bit    Registers := 3     
	                4 Bit    Registers := 2     
	                2 Bit    Registers := 4     
	                1 Bit    Registers := 10    
+---Muxes : 
	   2 Input     32 Bit        Muxes := 4     
	   4 Input     32 Bit        Muxes := 5     
	   2 Input      8 Bit        Muxes := 16    
	   2 Input      1 Bit        Muxes := 5     
---------------------------------------------------------------------------------
Finished RTL Component Statistics 
---------------------------------------------------------------------------------
---------------------------------------------------------------------------------
Start RTL Hierarchical Component Statistics 
---------------------------------------------------------------------------------
Hierarchical RTL Component report 
Module debouncer 
Detailed RTL Component Info : 
+---Registers : 
	                2 Bit    Registers := 1     
	                1 Bit    Registers := 1     
Module pulse_generator 
Detailed RTL Component Info : 
+---Registers : 
	                1 Bit    Registers := 2     
Module pmod_controller_v1_0_S00_AXI 
Detailed RTL Component Info : 
+---Registers : 
	               32 Bit    Registers := 3     
	                4 Bit    Registers := 2     
	                2 Bit    Registers := 2     
	                1 Bit    Registers := 6     
+---Muxes : 
	   2 Input     32 Bit        Muxes := 4     
	   4 Input     32 Bit        Muxes := 5     
	   2 Input      8 Bit        Muxes := 16    
	   2 Input      1 Bit        Muxes := 5     
---------------------------------------------------------------------------------
Finished RTL Hierarchical Component Statistics
---------------------------------------------------------------------------------
---------------------------------------------------------------------------------
Start Part Resource Summary
---------------------------------------------------------------------------------
Part Resources:
DSPs: 220 (col length:60)
BRAMs: 280 (col length: RAMB18 60 RAMB36 30)
---------------------------------------------------------------------------------
Finished Part Resource Summary
---------------------------------------------------------------------------------
---------------------------------------------------------------------------------
Start Cross Boundary and Area Optimization
---------------------------------------------------------------------------------
WARNING: [Synth 8-6014] Unused sequential element U0/pmod_controller_v1_0_S00_AXI_inst/controller1/Button_debouncer/counter_out_reg was removed.  [/home/clarke/workspace/audio-mixer-project/vivado/audio-mixer-project.srcs/sources_1/bd/audio_mixer_project/ipshared/46fd/debouncer.vhd:56]
WARNING: [Synth 8-6014] Unused sequential element U0/pmod_controller_v1_0_S00_AXI_inst/controller1/Switch_debouncer/counter_out_reg was removed.  [/home/clarke/workspace/audio-mixer-project/vivado/audio-mixer-project.srcs/sources_1/bd/audio_mixer_project/ipshared/46fd/debouncer.vhd:56]
WARNING: [Synth 8-3331] design audio_mixer_project_pmod_controller_0_3 has unconnected port s00_axi_awprot[2]
WARNING: [Synth 8-3331] design audio_mixer_project_pmod_controller_0_3 has unconnected port s00_axi_awprot[1]
WARNING: [Synth 8-3331] design audio_mixer_project_pmod_controller_0_3 has unconnected port s00_axi_awprot[0]
WARNING: [Synth 8-3331] design audio_mixer_project_pmod_controller_0_3 has unconnected port s00_axi_arprot[2]
WARNING: [Synth 8-3331] design audio_mixer_project_pmod_controller_0_3 has unconnected port s00_axi_arprot[1]
WARNING: [Synth 8-3331] design audio_mixer_project_pmod_controller_0_3 has unconnected port s00_axi_arprot[0]
INFO: [Synth 8-3333] propagating constant 1 across sequential element (\U0/pmod_controller_v1_0_S00_AXI_inst/aw_en_reg )
INFO: [Synth 8-3886] merging instance 'U0/pmod_controller_v1_0_S00_AXI_inst/axi_rresp_reg[0]' (FDRE) to 'U0/pmod_controller_v1_0_S00_AXI_inst/axi_rresp_reg[1]'
INFO: [Synth 8-3333] propagating constant 0 across sequential element (\U0/pmod_controller_v1_0_S00_AXI_inst/axi_rresp_reg[1] )
INFO: [Synth 8-3886] merging instance 'U0/pmod_controller_v1_0_S00_AXI_inst/axi_bresp_reg[0]' (FDRE) to 'U0/pmod_controller_v1_0_S00_AXI_inst/axi_bresp_reg[1]'
INFO: [Synth 8-3333] propagating constant 0 across sequential element (\U0/pmod_controller_v1_0_S00_AXI_inst/axi_bresp_reg[1] )
INFO: [Synth 8-3332] Sequential element (U0/pmod_controller_v1_0_S00_AXI_inst/aw_en_reg) is unused and will be removed from module audio_mixer_project_pmod_controller_0_3.
INFO: [Synth 8-3332] Sequential element (U0/pmod_controller_v1_0_S00_AXI_inst/axi_bresp_reg[1]) is unused and will be removed from module audio_mixer_project_pmod_controller_0_3.
INFO: [Synth 8-3332] Sequential element (U0/pmod_controller_v1_0_S00_AXI_inst/axi_awaddr_reg[1]) is unused and will be removed from module audio_mixer_project_pmod_controller_0_3.
INFO: [Synth 8-3332] Sequential element (U0/pmod_controller_v1_0_S00_AXI_inst/axi_awaddr_reg[0]) is unused and will be removed from module audio_mixer_project_pmod_controller_0_3.
INFO: [Synth 8-3332] Sequential element (U0/pmod_controller_v1_0_S00_AXI_inst/axi_araddr_reg[1]) is unused and will be removed from module audio_mixer_project_pmod_controller_0_3.
INFO: [Synth 8-3332] Sequential element (U0/pmod_controller_v1_0_S00_AXI_inst/axi_araddr_reg[0]) is unused and will be removed from module audio_mixer_project_pmod_controller_0_3.
INFO: [Synth 8-3332] Sequential element (U0/pmod_controller_v1_0_S00_AXI_inst/axi_rresp_reg[1]) is unused and will be removed from module audio_mixer_project_pmod_controller_0_3.
---------------------------------------------------------------------------------
Finished Cross Boundary and Area Optimization : Time (s): cpu = 00:00:23 ; elapsed = 00:00:35 . Memory (MB): peak = 1651.398 ; gain = 484.555 ; free physical = 10775 ; free virtual = 12626
---------------------------------------------------------------------------------

Report RTL Partitions: 
+-+--------------+------------+----------+
| |RTL Partition |Replication |Instances |
+-+--------------+------------+----------+
+-+--------------+------------+----------+
---------------------------------------------------------------------------------
Start Applying XDC Timing Constraints
---------------------------------------------------------------------------------
Reading /home/clarke/tmp/.Xil_clarke/Vivado-28175-archlinux/realtime/audio_mixer_project_pmod_controller_0_3_synth.xdc
---------------------------------------------------------------------------------
Finished Applying XDC Timing Constraints : Time (s): cpu = 00:00:28 ; elapsed = 00:00:43 . Memory (MB): peak = 1651.398 ; gain = 484.555 ; free physical = 10549 ; free virtual = 12407
---------------------------------------------------------------------------------
---------------------------------------------------------------------------------
Start Timing Optimization
---------------------------------------------------------------------------------
---------------------------------------------------------------------------------
Finished Timing Optimization : Time (s): cpu = 00:00:28 ; elapsed = 00:00:43 . Memory (MB): peak = 1651.398 ; gain = 484.555 ; free physical = 10549 ; free virtual = 12408
---------------------------------------------------------------------------------

Report RTL Partitions: 
+-+--------------+------------+----------+
| |RTL Partition |Replication |Instances |
+-+--------------+------------+----------+
+-+--------------+------------+----------+
---------------------------------------------------------------------------------
Start Technology Mapping
---------------------------------------------------------------------------------
---------------------------------------------------------------------------------
Finished Technology Mapping : Time (s): cpu = 00:00:28 ; elapsed = 00:00:43 . Memory (MB): peak = 1651.398 ; gain = 484.555 ; free physical = 10548 ; free virtual = 12407
---------------------------------------------------------------------------------

Report RTL Partitions: 
+-+--------------+------------+----------+
| |RTL Partition |Replication |Instances |
+-+--------------+------------+----------+
+-+--------------+------------+----------+
---------------------------------------------------------------------------------
Start IO Insertion
---------------------------------------------------------------------------------
---------------------------------------------------------------------------------
Start Flattening Before IO Insertion
---------------------------------------------------------------------------------
---------------------------------------------------------------------------------
Finished Flattening Before IO Insertion
---------------------------------------------------------------------------------
---------------------------------------------------------------------------------
Start Final Netlist Cleanup
---------------------------------------------------------------------------------
---------------------------------------------------------------------------------
Finished Final Netlist Cleanup
---------------------------------------------------------------------------------
---------------------------------------------------------------------------------
Finished IO Insertion : Time (s): cpu = 00:00:29 ; elapsed = 00:00:44 . Memory (MB): peak = 1651.398 ; gain = 484.555 ; free physical = 10546 ; free virtual = 12405
---------------------------------------------------------------------------------
CRITICAL WARNING: [Synth 8-3352] multi-driven net Rotary_a with 1st driver pin 'U0/pmod_controller_v1_0_S00_AXI_inst/slv_reg0_reg[0]/Q' [/home/clarke/workspace/audio-mixer-project/vivado/audio-mixer-project.srcs/sources_1/bd/audio_mixer_project/ipshared/46fd/hdl/pmod_controller_v1_0_S00_AXI.vhd:235]
CRITICAL WARNING: [Synth 8-3352] multi-driven net Rotary_a with 2nd driver pin 'Rotary_a' [/home/clarke/workspace/audio-mixer-project/vivado/audio-mixer-project.srcs/sources_1/bd/audio_mixer_project/ip/audio_mixer_project_pmod_controller_0_3/synth/audio_mixer_project_pmod_controller_0_3.vhd:56]
CRITICAL WARNING: [Synth 8-3352] multi-driven net Rotary_b with 1st driver pin 'U0/pmod_controller_v1_0_S00_AXI_inst/slv_reg1_reg[1]/Q' [/home/clarke/workspace/audio-mixer-project/vivado/audio-mixer-project.srcs/sources_1/bd/audio_mixer_project/ipshared/46fd/hdl/pmod_controller_v1_0_S00_AXI.vhd:236]
CRITICAL WARNING: [Synth 8-3352] multi-driven net Rotary_b with 2nd driver pin 'Rotary_b' [/home/clarke/workspace/audio-mixer-project/vivado/audio-mixer-project.srcs/sources_1/bd/audio_mixer_project/ip/audio_mixer_project_pmod_controller_0_3/synth/audio_mixer_project_pmod_controller_0_3.vhd:56]
CRITICAL WARNING: [Synth 8-3352] multi-driven net U0/pmod_controller_v1_0_S00_AXI_inst/slv_reg3[3] with 1st driver pin 'U0/pmod_controller_v1_0_S00_AXI_inst/controller1/Button_debouncer/result_reg/Q' [/home/clarke/workspace/audio-mixer-project/vivado/audio-mixer-project.srcs/sources_1/bd/audio_mixer_project/ipshared/46fd/debouncer.vhd:60]
CRITICAL WARNING: [Synth 8-3352] multi-driven net U0/pmod_controller_v1_0_S00_AXI_inst/slv_reg3[3] with 2nd driver pin 'U0/pmod_controller_v1_0_S00_AXI_inst/slv_reg3_reg[3]/Q' [/home/clarke/workspace/audio-mixer-project/vivado/audio-mixer-project.srcs/sources_1/bd/audio_mixer_project/ipshared/46fd/hdl/pmod_controller_v1_0_S00_AXI.vhd:238]
CRITICAL WARNING: [Synth 8-3352] multi-driven net U0/pmod_controller_v1_0_S00_AXI_inst/slv_reg2[2] with 1st driver pin 'U0/pmod_controller_v1_0_S00_AXI_inst/controller1/Switch_debouncer/result_reg/Q' [/home/clarke/workspace/audio-mixer-project/vivado/audio-mixer-project.srcs/sources_1/bd/audio_mixer_project/ipshared/46fd/debouncer.vhd:60]
CRITICAL WARNING: [Synth 8-3352] multi-driven net U0/pmod_controller_v1_0_S00_AXI_inst/slv_reg2[2] with 2nd driver pin 'U0/pmod_controller_v1_0_S00_AXI_inst/slv_reg2_reg[2]/Q' [/home/clarke/workspace/audio-mixer-project/vivado/audio-mixer-project.srcs/sources_1/bd/audio_mixer_project/ipshared/46fd/hdl/pmod_controller_v1_0_S00_AXI.vhd:237]

Report Check Netlist: 
+------+------------------+-------+---------+-------+------------------+
|      |Item              |Errors |Warnings |Status |Description       |
+------+------------------+-------+---------+-------+------------------+
|1     |multi_driven_nets |      0|        4|Failed |Multi driven nets |
+------+------------------+-------+---------+-------+------------------+
---------------------------------------------------------------------------------
Start Renaming Generated Instances
---------------------------------------------------------------------------------
---------------------------------------------------------------------------------
Finished Renaming Generated Instances : Time (s): cpu = 00:00:29 ; elapsed = 00:00:44 . Memory (MB): peak = 1651.398 ; gain = 484.555 ; free physical = 10546 ; free virtual = 12405
---------------------------------------------------------------------------------

Report RTL Partitions: 
+-+--------------+------------+----------+
| |RTL Partition |Replication |Instances |
+-+--------------+------------+----------+
+-+--------------+------------+----------+
---------------------------------------------------------------------------------
Start Rebuilding User Hierarchy
---------------------------------------------------------------------------------
---------------------------------------------------------------------------------
Finished Rebuilding User Hierarchy : Time (s): cpu = 00:00:29 ; elapsed = 00:00:44 . Memory (MB): peak = 1651.398 ; gain = 484.555 ; free physical = 10546 ; free virtual = 12405
---------------------------------------------------------------------------------
---------------------------------------------------------------------------------
Start Renaming Generated Ports
---------------------------------------------------------------------------------
---------------------------------------------------------------------------------
Finished Renaming Generated Ports : Time (s): cpu = 00:00:29 ; elapsed = 00:00:44 . Memory (MB): peak = 1651.398 ; gain = 484.555 ; free physical = 10546 ; free virtual = 12405
---------------------------------------------------------------------------------
---------------------------------------------------------------------------------
Start Handling Custom Attributes
---------------------------------------------------------------------------------
---------------------------------------------------------------------------------
Finished Handling Custom Attributes : Time (s): cpu = 00:00:29 ; elapsed = 00:00:44 . Memory (MB): peak = 1651.398 ; gain = 484.555 ; free physical = 10546 ; free virtual = 12405
---------------------------------------------------------------------------------
---------------------------------------------------------------------------------
Start Renaming Generated Nets
---------------------------------------------------------------------------------
---------------------------------------------------------------------------------
Finished Renaming Generated Nets : Time (s): cpu = 00:00:29 ; elapsed = 00:00:44 . Memory (MB): peak = 1651.398 ; gain = 484.555 ; free physical = 10546 ; free virtual = 12405
---------------------------------------------------------------------------------
---------------------------------------------------------------------------------
Start Writing Synthesis Report
---------------------------------------------------------------------------------

Report BlackBoxes: 
+-+--------------+----------+
| |BlackBox name |Instances |
+-+--------------+----------+
+-+--------------+----------+

Report Cell Usage: 
+------+-------+------+
|      |Cell   |Count |
+------+-------+------+
|1     |CARRY4 |    10|
|2     |LUT1   |     5|
|3     |LUT2   |     2|
|4     |LUT3   |     5|
|5     |LUT4   |    21|
|6     |LUT5   |     2|
|7     |LUT6   |    33|
|8     |FDRE   |   215|
|9     |FDSE   |     2|
+------+-------+------+

Report Instance Areas: 
+------+--------------------------------------+-----------------------------+------+
|      |Instance                              |Module                       |Cells |
+------+--------------------------------------+-----------------------------+------+
|1     |top                                   |                             |   295|
|2     |  U0                                  |pmod_controller_v1_0         |   295|
|3     |    pmod_controller_v1_0_S00_AXI_inst |pmod_controller_v1_0_S00_AXI |   295|
|4     |      controller1                     |rotary_controller            |    66|
|5     |        Button_debouncer              |debouncer                    |    31|
|6     |        Switch_debouncer              |debouncer_0                  |    31|
|7     |        pulsegen                      |pulse_generator              |     3|
+------+--------------------------------------+-----------------------------+------+
---------------------------------------------------------------------------------
Finished Writing Synthesis Report : Time (s): cpu = 00:00:29 ; elapsed = 00:00:44 . Memory (MB): peak = 1651.398 ; gain = 484.555 ; free physical = 10546 ; free virtual = 12405
---------------------------------------------------------------------------------
Synthesis finished with 0 errors, 8 critical warnings and 9 warnings.
Synthesis Optimization Runtime : Time (s): cpu = 00:00:21 ; elapsed = 00:00:25 . Memory (MB): peak = 1651.398 ; gain = 116.531 ; free physical = 10603 ; free virtual = 12462
Synthesis Optimization Complete : Time (s): cpu = 00:00:29 ; elapsed = 00:00:44 . Memory (MB): peak = 1651.398 ; gain = 484.555 ; free physical = 10603 ; free virtual = 12462
INFO: [Project 1-571] Translating synthesized netlist
INFO: [Netlist 29-17] Analyzing 10 Unisim elements for replacement
INFO: [Netlist 29-28] Unisim Transformation completed in 0 CPU seconds
INFO: [Project 1-570] Preparing netlist for logic optimization
INFO: [Opt 31-138] Pushed 0 inverter(s) to 0 load pin(s).
INFO: [Project 1-111] Unisim Transformation Summary:
No Unisim elements were transformed.

INFO: [Common 17-83] Releasing license: Synthesis
43 Infos, 17 Warnings, 8 Critical Warnings and 0 Errors encountered.
synth_design completed successfully
synth_design: Time (s): cpu = 00:00:30 ; elapsed = 00:00:45 . Memory (MB): peak = 1651.398 ; gain = 497.926 ; free physical = 10552 ; free virtual = 12411
INFO: [Common 17-1381] The checkpoint '/home/clarke/workspace/audio-mixer-project/vivado/audio-mixer-project.runs/audio_mixer_project_pmod_controller_0_3_synth_1/audio_mixer_project_pmod_controller_0_3.dcp' has been generated.
