
*** Running vivado
    with args -log audio_mixer_project_xlconcat_0_0.vds -m64 -tempDir /home/clarke/tmp -product Vivado -mode batch -messageDb vivado.pb -notrace -source audio_mixer_project_xlconcat_0_0.tcl


****** Vivado v2017.3 (64-bit)
  **** SW Build 2018833 on Wed Oct  4 19:58:07 MDT 2017
  **** IP Build 2016188 on Wed Oct  4 21:52:56 MDT 2017
    ** Copyright 1986-2017 Xilinx, Inc. All Rights Reserved.

source audio_mixer_project_xlconcat_0_0.tcl -notrace
Starting RTL Elaboration : Time (s): cpu = 00:00:10 ; elapsed = 00:00:11 . Memory (MB): peak = 1239.848 ; gain = 73.000 ; free physical = 9169 ; free virtual = 11794
INFO: [Synth 8-638] synthesizing module 'audio_mixer_project_xlconcat_0_0' [/home/clarke/workspace/audio-mixer-project/vivado/audio-mixer-project.srcs/sources_1/bd/audio_mixer_project/ip/audio_mixer_project_xlconcat_0_0/synth/audio_mixer_project_xlconcat_0_0.v:58]
INFO: [Synth 8-638] synthesizing module 'xlconcat_v2_1_1_xlconcat' [/home/clarke/workspace/audio-mixer-project/vivado/audio-mixer-project.srcs/sources_1/bd/audio_mixer_project/ipshared/2f66/hdl/xlconcat_v2_1_vl_rfs.v:14]
INFO: [Synth 8-256] done synthesizing module 'xlconcat_v2_1_1_xlconcat' (1#1) [/home/clarke/workspace/audio-mixer-project/vivado/audio-mixer-project.srcs/sources_1/bd/audio_mixer_project/ipshared/2f66/hdl/xlconcat_v2_1_vl_rfs.v:14]
INFO: [Synth 8-256] done synthesizing module 'audio_mixer_project_xlconcat_0_0' (2#1) [/home/clarke/workspace/audio-mixer-project/vivado/audio-mixer-project.srcs/sources_1/bd/audio_mixer_project/ip/audio_mixer_project_xlconcat_0_0/synth/audio_mixer_project_xlconcat_0_0.v:58]
Finished RTL Elaboration : Time (s): cpu = 00:00:11 ; elapsed = 00:00:12 . Memory (MB): peak = 1282.379 ; gain = 115.531 ; free physical = 9161 ; free virtual = 11786
Finished RTL Optimization Phase 1 : Time (s): cpu = 00:00:11 ; elapsed = 00:00:12 . Memory (MB): peak = 1282.379 ; gain = 115.531 ; free physical = 9158 ; free virtual = 11784
INFO: [Device 21-403] Loading part xc7z020clg484-1
Constraint Validation Runtime : Time (s): cpu = 00:00:00 ; elapsed = 00:00:00 . Memory (MB): peak = 1565.402 ; gain = 0.000 ; free physical = 8439 ; free virtual = 11082
Finished Constraint Validation : Time (s): cpu = 00:00:26 ; elapsed = 00:00:39 . Memory (MB): peak = 1565.402 ; gain = 398.555 ; free physical = 8573 ; free virtual = 11225
Finished Loading Part and Timing Information : Time (s): cpu = 00:00:26 ; elapsed = 00:00:39 . Memory (MB): peak = 1565.402 ; gain = 398.555 ; free physical = 8573 ; free virtual = 11225
Finished applying 'set_property' XDC Constraints : Time (s): cpu = 00:00:26 ; elapsed = 00:00:39 . Memory (MB): peak = 1565.402 ; gain = 398.555 ; free physical = 8574 ; free virtual = 11226
Finished RTL Optimization Phase 2 : Time (s): cpu = 00:00:26 ; elapsed = 00:00:39 . Memory (MB): peak = 1565.402 ; gain = 398.555 ; free physical = 8574 ; free virtual = 11226
Finished Cross Boundary and Area Optimization : Time (s): cpu = 00:00:26 ; elapsed = 00:00:40 . Memory (MB): peak = 1565.402 ; gain = 398.555 ; free physical = 8570 ; free virtual = 11221
Finished Applying XDC Timing Constraints : Time (s): cpu = 00:00:32 ; elapsed = 00:00:48 . Memory (MB): peak = 1578.387 ; gain = 411.539 ; free physical = 8218 ; free virtual = 10869
Finished Timing Optimization : Time (s): cpu = 00:00:32 ; elapsed = 00:00:48 . Memory (MB): peak = 1578.387 ; gain = 411.539 ; free physical = 8218 ; free virtual = 10869
Finished Technology Mapping : Time (s): cpu = 00:00:32 ; elapsed = 00:00:48 . Memory (MB): peak = 1588.402 ; gain = 421.555 ; free physical = 8215 ; free virtual = 10867
Finished IO Insertion : Time (s): cpu = 00:00:33 ; elapsed = 00:00:48 . Memory (MB): peak = 1588.402 ; gain = 421.555 ; free physical = 8202 ; free virtual = 10854
Finished Renaming Generated Instances : Time (s): cpu = 00:00:33 ; elapsed = 00:00:48 . Memory (MB): peak = 1588.402 ; gain = 421.555 ; free physical = 8202 ; free virtual = 10854
Finished Rebuilding User Hierarchy : Time (s): cpu = 00:00:33 ; elapsed = 00:00:48 . Memory (MB): peak = 1588.402 ; gain = 421.555 ; free physical = 8202 ; free virtual = 10854
Finished Renaming Generated Ports : Time (s): cpu = 00:00:33 ; elapsed = 00:00:48 . Memory (MB): peak = 1588.402 ; gain = 421.555 ; free physical = 8202 ; free virtual = 10854
Finished Handling Custom Attributes : Time (s): cpu = 00:00:33 ; elapsed = 00:00:48 . Memory (MB): peak = 1588.402 ; gain = 421.555 ; free physical = 8202 ; free virtual = 10854
Finished Renaming Generated Nets : Time (s): cpu = 00:00:33 ; elapsed = 00:00:48 . Memory (MB): peak = 1588.402 ; gain = 421.555 ; free physical = 8202 ; free virtual = 10854

Report Cell Usage: 
+-+-----+------+
| |Cell |Count |
+-+-----+------+
+-+-----+------+
Finished Writing Synthesis Report : Time (s): cpu = 00:00:33 ; elapsed = 00:00:48 . Memory (MB): peak = 1588.402 ; gain = 421.555 ; free physical = 8202 ; free virtual = 10854
synth_design: Time (s): cpu = 00:00:34 ; elapsed = 00:00:49 . Memory (MB): peak = 1594.402 ; gain = 440.926 ; free physical = 8257 ; free virtual = 10909
