
*** Running vivado
    with args -log audio_mixer_project_processing_system7_0_0.vds -m64 -tempDir /home/clarke/tmp -product Vivado -mode batch -messageDb vivado.pb -notrace -source audio_mixer_project_processing_system7_0_0.tcl


****** Vivado v2017.3 (64-bit)
  **** SW Build 2018833 on Wed Oct  4 19:58:07 MDT 2017
  **** IP Build 2016188 on Wed Oct  4 21:52:56 MDT 2017
    ** Copyright 1986-2017 Xilinx, Inc. All Rights Reserved.

source audio_mixer_project_processing_system7_0_0.tcl -notrace
Starting RTL Elaboration : Time (s): cpu = 00:00:07 ; elapsed = 00:00:07 . Memory (MB): peak = 1250.844 ; gain = 84.000 ; free physical = 9669 ; free virtual = 12643
INFO: [Synth 8-638] synthesizing module 'audio_mixer_project_processing_system7_0_0' [/home/clarke/workspace/audio-mixer-project/vivado/audio-mixer-project.srcs/sources_1/bd/audio_mixer_project/ip/audio_mixer_project_processing_system7_0_0/synth/audio_mixer_project_processing_system7_0_0.v:60]
INFO: [Synth 8-638] synthesizing module 'processing_system7_v5_5_processing_system7' [/home/clarke/workspace/audio-mixer-project/vivado/audio-mixer-project.srcs/sources_1/bd/audio_mixer_project/ip/audio_mixer_project_processing_system7_0_0/hdl/verilog/processing_system7_v5_5_processing_system7.v:162]
INFO: [Synth 8-638] synthesizing module 'BUFG' [/opt/Xilinx/Vivado/2017.3/scripts/rt/data/unisim_comp.v:607]
INFO: [Synth 8-256] done synthesizing module 'BUFG' (1#1) [/opt/Xilinx/Vivado/2017.3/scripts/rt/data/unisim_comp.v:607]
INFO: [Synth 8-638] synthesizing module 'BIBUF' [/opt/Xilinx/Vivado/2017.3/scripts/rt/data/unisim_comp.v:268]
INFO: [Synth 8-256] done synthesizing module 'BIBUF' (2#1) [/opt/Xilinx/Vivado/2017.3/scripts/rt/data/unisim_comp.v:268]
INFO: [Synth 8-638] synthesizing module 'PS7' [/opt/Xilinx/Vivado/2017.3/scripts/rt/data/unisim_comp.v:40559]
INFO: [Synth 8-256] done synthesizing module 'PS7' (3#1) [/opt/Xilinx/Vivado/2017.3/scripts/rt/data/unisim_comp.v:40559]
INFO: [Synth 8-256] done synthesizing module 'processing_system7_v5_5_processing_system7' (4#1) [/home/clarke/workspace/audio-mixer-project/vivado/audio-mixer-project.srcs/sources_1/bd/audio_mixer_project/ip/audio_mixer_project_processing_system7_0_0/hdl/verilog/processing_system7_v5_5_processing_system7.v:162]
INFO: [Synth 8-256] done synthesizing module 'audio_mixer_project_processing_system7_0_0' (5#1) [/home/clarke/workspace/audio-mixer-project/vivado/audio-mixer-project.srcs/sources_1/bd/audio_mixer_project/ip/audio_mixer_project_processing_system7_0_0/synth/audio_mixer_project_processing_system7_0_0.v:60]
Finished RTL Elaboration : Time (s): cpu = 00:00:08 ; elapsed = 00:00:08 . Memory (MB): peak = 1293.375 ; gain = 126.531 ; free physical = 9656 ; free virtual = 12650
Finished RTL Optimization Phase 1 : Time (s): cpu = 00:00:08 ; elapsed = 00:00:09 . Memory (MB): peak = 1293.375 ; gain = 126.531 ; free physical = 9636 ; free virtual = 12630
INFO: [Device 21-403] Loading part xc7z020clg484-1
Constraint Validation Runtime : Time (s): cpu = 00:00:00.01 ; elapsed = 00:00:00.01 . Memory (MB): peak = 1597.133 ; gain = 0.000 ; free physical = 8959 ; free virtual = 11954
Finished Constraint Validation : Time (s): cpu = 00:00:24 ; elapsed = 00:00:37 . Memory (MB): peak = 1597.133 ; gain = 430.289 ; free physical = 8948 ; free virtual = 11944
Finished Loading Part and Timing Information : Time (s): cpu = 00:00:24 ; elapsed = 00:00:37 . Memory (MB): peak = 1597.133 ; gain = 430.289 ; free physical = 8948 ; free virtual = 11944
Finished applying 'set_property' XDC Constraints : Time (s): cpu = 00:00:24 ; elapsed = 00:00:37 . Memory (MB): peak = 1597.133 ; gain = 430.289 ; free physical = 8944 ; free virtual = 11939
Finished RTL Optimization Phase 2 : Time (s): cpu = 00:00:24 ; elapsed = 00:00:37 . Memory (MB): peak = 1597.133 ; gain = 430.289 ; free physical = 8926 ; free virtual = 11921
Finished Cross Boundary and Area Optimization : Time (s): cpu = 00:00:25 ; elapsed = 00:00:38 . Memory (MB): peak = 1597.133 ; gain = 430.289 ; free physical = 8904 ; free virtual = 11900
Finished Applying XDC Timing Constraints : Time (s): cpu = 00:00:31 ; elapsed = 00:00:46 . Memory (MB): peak = 1771.133 ; gain = 604.289 ; free physical = 9527 ; free virtual = 12525
Finished Timing Optimization : Time (s): cpu = 00:00:31 ; elapsed = 00:00:46 . Memory (MB): peak = 1791.141 ; gain = 624.297 ; free physical = 9512 ; free virtual = 12511
Finished Technology Mapping : Time (s): cpu = 00:00:32 ; elapsed = 00:00:48 . Memory (MB): peak = 1799.148 ; gain = 632.305 ; free physical = 9478 ; free virtual = 12476
Finished IO Insertion : Time (s): cpu = 00:00:33 ; elapsed = 00:00:49 . Memory (MB): peak = 1799.148 ; gain = 632.305 ; free physical = 9484 ; free virtual = 12483
Finished Renaming Generated Instances : Time (s): cpu = 00:00:33 ; elapsed = 00:00:49 . Memory (MB): peak = 1799.148 ; gain = 632.305 ; free physical = 9484 ; free virtual = 12483
Finished Rebuilding User Hierarchy : Time (s): cpu = 00:00:33 ; elapsed = 00:00:49 . Memory (MB): peak = 1799.148 ; gain = 632.305 ; free physical = 9484 ; free virtual = 12483
Finished Renaming Generated Ports : Time (s): cpu = 00:00:33 ; elapsed = 00:00:49 . Memory (MB): peak = 1799.148 ; gain = 632.305 ; free physical = 9484 ; free virtual = 12483
Finished Handling Custom Attributes : Time (s): cpu = 00:00:33 ; elapsed = 00:00:49 . Memory (MB): peak = 1799.148 ; gain = 632.305 ; free physical = 9484 ; free virtual = 12483
Finished Renaming Generated Nets : Time (s): cpu = 00:00:33 ; elapsed = 00:00:49 . Memory (MB): peak = 1799.148 ; gain = 632.305 ; free physical = 9484 ; free virtual = 12483

Report Cell Usage: 
+------+------+------+
|      |Cell  |Count |
+------+------+------+
|1     |BIBUF |   130|
|2     |BUFG  |     1|
|3     |LUT1  |   112|
|4     |PS7   |     1|
+------+------+------+
Finished Writing Synthesis Report : Time (s): cpu = 00:00:33 ; elapsed = 00:00:49 . Memory (MB): peak = 1799.148 ; gain = 632.305 ; free physical = 9484 ; free virtual = 12483
synth_design: Time (s): cpu = 00:00:35 ; elapsed = 00:00:50 . Memory (MB): peak = 1802.148 ; gain = 648.676 ; free physical = 9640 ; free virtual = 12641
