#-----------------------------------------------------------
# Vivado v2017.3 (64-bit)
# SW Build 2018833 on Wed Oct  4 19:58:07 MDT 2017
# IP Build 2016188 on Wed Oct  4 21:52:56 MDT 2017
# Start of session at: Tue Apr 17 14:11:09 2018
# Process ID: 9549
# Current directory: /home/martin.perman/workspace/audio-mixer-project/vivado/2017.3
# Command line: vivado
# Log file: /home/martin.perman/workspace/audio-mixer-project/vivado/2017.3/vivado.log
# Journal file: /home/martin.perman/workspace/audio-mixer-project/vivado/2017.3/vivado.jou
#-----------------------------------------------------------
start_gui
open_project /home/martin.perman/workspace/audio-mixer-project/vivado/2017.3/project.xpr
INFO: [Project 1-313] Project file moved from '/home/martin.perman/workspace/project/vivado' since last save.
CRITICAL WARNING: [Project 1-311] Could not find the file '/home/martin.perman/workspace/audio-mixer-project/vivado/ip_repo/zedboard_audio/constraints/zed_audio.xdc', nor could it be found using path '/home/martin.perman/workspace/project/ip_repo/zedboard_audio/constraints/zed_audio.xdc'.
Scanning sources...
Finished scanning sources
WARNING: [filemgmt 56-2] IP Repository Path: Could not find the directory '/home/martin.perman/workspace/audio-mixer-project/vivado/ip_repo/zedboard_audio', nor could it be found using path '/home/martin.perman/workspace/project/ip_repo/zedboard_audio'.
WARNING: [filemgmt 56-2] IPUserFilesDir: Could not find the directory '/home/martin.perman/workspace/audio-mixer-project/vivado/2017.3/project.ip_user_files', nor could it be found using path '/home/martin.perman/workspace/project/vivado/project.ip_user_files'.
INFO: [IP_Flow 19-234] Refreshing IP repositories
WARNING: [IP_Flow 19-2248] Failed to load user IP repository '/home/martin.perman/workspace/audio-mixer-project/vivado/ip_repo/zedboard_audio'; Can't find the specified path.
If this directory should no longer be in your list of user repositories, go to the IP Settings dialog and remove it.
INFO: [IP_Flow 19-2313] Loaded Vivado IP repository '/cad/x_17/Vivado/2017.3/data/ip'.
WARNING: [BD 41-1661] One or more IPs have been locked in the design 'project_design.bd'. Please run report_ip_status for more details and recommendations on how to fix this issue.
List of locked IPs:
project_design_zed_audio_0_0

open_project: Time (s): cpu = 00:00:08 ; elapsed = 00:00:06 . Memory (MB): peak = 6096.441 ; gain = 39.727 ; free physical = 8348 ; free virtual = 14465
update_compile_order -fileset sources_1
update_files -from_files /home/martin.perman/workspace/audio-mixer-project/ip-repo/zedboard_audio/constraints/zed_audio.xdc -to_files /home/martin.perman/workspace/audio-mixer-project/vivado/ip_repo/zedboard_audio/constraints/zed_audio.xdc -filesets [get_filesets *]
INFO: [filemgmt 20-762] Replacing file '/home/martin.perman/workspace/audio-mixer-project/vivado/ip_repo/zedboard_audio/constraints/zed_audio.xdc' with file '/home/martin.perman/workspace/audio-mixer-project/ip-repo/zedboard_audio/constraints/zed_audio.xdc'.
open_bd_design {/home/martin.perman/workspace/audio-mixer-project/vivado/2017.3/project.srcs/sources_1/bd/project_design/project_design.bd}
Adding cell -- xilinx.com:ip:processing_system7:5.5 - processing_system7_0
Adding cell -- ttu.ee:user:zed_audio:1.0 - zed_audio_0
Adding cell -- xilinx.com:ip:xlconstant:1.1 - xlconstant_0
WARNING: [BD 41-1731] Type mismatch between connected pins: /processing_system7_0/FCLK_CLK0(clk) and /zed_audio_0/clk_100(undef)
Successfully read diagram <project_design> from BD file </home/martin.perman/workspace/audio-mixer-project/vivado/2017.3/project.srcs/sources_1/bd/project_design/project_design.bd>
exit
INFO: [Common 17-206] Exiting Vivado at Tue Apr 17 14:16:07 2018...
