Copyright 1986-2017 Xilinx, Inc. All Rights Reserved.
---------------------------------------------------------------------------------------------------------
| Tool Version : Vivado v.2017.3 (lin64) Build 2018833 Wed Oct  4 19:58:07 MDT 2017
| Date         : Thu May 10 23:31:22 2018
| Host         : archlinux running 64-bit Arch Linux
| Command      : report_clock_utilization -file audio_mixer_project_wrapper_clock_utilization_routed.rpt
| Design       : audio_mixer_project_wrapper
| Device       : 7z020-clg484
| Speed File   : -1  PRODUCTION 1.11 2014-09-11
---------------------------------------------------------------------------------------------------------

Clock Utilization Report

Table of Contents
-----------------
1. Clock Primitive Utilization
2. Global Clock Resources
3. Global Clock Source Details
4. Local Clock Details
5. Clock Regions: Key Resource Utilization
6. Clock Regions : Global Clock Summary
7. Device Cell Placement Summary for Global Clock g0
8. Device Cell Placement Summary for Global Clock g1
9. Clock Region Cell Placement per Global Clock: Region X0Y0
10. Clock Region Cell Placement per Global Clock: Region X1Y0
11. Clock Region Cell Placement per Global Clock: Region X0Y1
12. Clock Region Cell Placement per Global Clock: Region X1Y1
13. Clock Region Cell Placement per Global Clock: Region X0Y2
14. Clock Region Cell Placement per Global Clock: Region X1Y2

1. Clock Primitive Utilization
------------------------------

+----------+------+-----------+-----+--------------+--------+
| Type     | Used | Available | LOC | Clock Region | Pblock |
+----------+------+-----------+-----+--------------+--------+
| BUFGCTRL |    2 |        32 |   0 |            0 |      0 |
| BUFH     |    0 |        72 |   0 |            0 |      0 |
| BUFIO    |    0 |        16 |   0 |            0 |      0 |
| BUFMR    |    0 |         8 |   0 |            0 |      0 |
| BUFR     |    0 |        16 |   0 |            0 |      0 |
| MMCM     |    1 |         4 |   0 |            0 |      0 |
| PLL      |    0 |         4 |   0 |            0 |      0 |
+----------+------+-----------+-----+--------------+--------+


2. Global Clock Resources
-------------------------

+-----------+-----------+-----------------+------------+----------------+--------------+-------------------+-------------+-----------------+--------------+-------------------+-------------------------------------------------------------------------------------+-----------------------------------------------------------+
| Global Id | Source Id | Driver Type/Pin | Constraint | Site           | Clock Region | Load Clock Region | Clock Loads | Non-Clock Loads | Clock Period | Clock             | Driver Pin                                                                          | Net                                                       |
+-----------+-----------+-----------------+------------+----------------+--------------+-------------------+-------------+-----------------+--------------+-------------------+-------------------------------------------------------------------------------------+-----------------------------------------------------------+
| g0        | src0      | BUFG/O          | None       | BUFGCTRL_X0Y16 | n/a          |                 6 |       14139 |               0 |       10.000 | clk_fpga_0        | audio_mixer_project_i/processing_system7_0/inst/buffer_fclk_clk_0.FCLK_CLK_0_BUFG/O | audio_mixer_project_i/processing_system7_0/inst/FCLK_CLK0 |
| g1        | src1      | BUFG/O          | None       | BUFGCTRL_X0Y0  | n/a          |                 5 |         236 |               0 |       20.833 | zed_audio_clk_48M | audio_mixer_project_i/zed_audio_0/U0/i_clocking/clkout1_buf/O                       | audio_mixer_project_i/zed_audio_0/U0/i_clocking/CLK_48    |
+-----------+-----------+-----------------+------------+----------------+--------------+-------------------+-------------+-----------------+--------------+-------------------+-------------------------------------------------------------------------------------+-----------------------------------------------------------+
* Clock Loads column represents the clock pin loads (pin count)
** Non-Clock Loads column represents the non-clock pin loads (pin count)


3. Global Clock Source Details
------------------------------

+-----------+-----------+--------------------+------------+-----------------+--------------+-------------+-----------------+---------------------+-------------------+-----------------------------------------------------------------------+------------------------------------------------------------------------+
| Source Id | Global Id | Driver Type/Pin    | Constraint | Site            | Clock Region | Clock Loads | Non-Clock Loads | Source Clock Period | Source Clock      | Driver Pin                                                            | Net                                                                    |
+-----------+-----------+--------------------+------------+-----------------+--------------+-------------+-----------------+---------------------+-------------------+-----------------------------------------------------------------------+------------------------------------------------------------------------+
| src0      | g0        | PS7/FCLKCLK[0]     | PS7_X0Y0   | PS7_X0Y0        | X0Y2         |           1 |               0 |              10.000 | clk_fpga_0        | audio_mixer_project_i/processing_system7_0/inst/PS7_i/FCLKCLK[0]      | audio_mixer_project_i/processing_system7_0/inst/FCLK_CLK_unbuffered[0] |
| src1      | g1        | MMCME2_ADV/CLKOUT0 | None       | MMCME2_ADV_X1Y0 | X1Y0         |           1 |               0 |              20.833 | zed_audio_clk_48M | audio_mixer_project_i/zed_audio_0/U0/i_clocking/mmcm_adv_inst/CLKOUT0 | audio_mixer_project_i/zed_audio_0/U0/i_clocking/zed_audio_clk_48M      |
+-----------+-----------+--------------------+------------+-----------------+--------------+-------------+-----------------+---------------------+-------------------+-----------------------------------------------------------------------+------------------------------------------------------------------------+
* Clock Loads column represents the clock pin loads (pin count)
** Non-Clock Loads column represents the non-clock pin loads (pin count)


4. Local Clock Details
----------------------

+----------+-----------------+------------+--------------------+--------------+-------------+-----------------+--------------+-------+-------------------------------------------------------------------------------------------------------------------------------+-----------------------------------------------------------------------------------------------------------------+
| Local Id | Driver Type/Pin | Constraint | Site/BEL           | Clock Region | Clock Loads | Non-Clock Loads | Clock Period | Clock | Driver Pin                                                                                                                    | Net                                                                                                             |
+----------+-----------------+------------+--------------------+--------------+-------------+-----------------+--------------+-------+-------------------------------------------------------------------------------------------------------------------------------+-----------------------------------------------------------------------------------------------------------------||
| 0        | FDCE/Q          | None       | SLICE_X83Y113/C5FF | X1Y2         |          32 |               6 |              |       | audio_mixer_project_i/FILTER_IIR_0/U0/FILTER_IIR_v1_0_S00_AXI_inst/Filter_Top_Level_inst/IIR_BP_L/mul/ShiftAdd.sr_READY_reg/Q | audio_mixer_project_i/FILTER_IIR_0/U0/FILTER_IIR_v1_0_S00_AXI_inst/Filter_Top_Level_inst/IIR_BP_L/mul/Mul_Ready - Static -
| 1        | FDCE/Q          | None       | SLICE_X67Y85/AFF   | X1Y1         |          32 |               6 |              |       | audio_mixer_project_i/FILTER_IIR_0/U0/FILTER_IIR_v1_0_S00_AXI_inst/Filter_Top_Level_inst/IIR_BP_R/mul/ShiftAdd.sr_READY_reg/Q | audio_mixer_project_i/FILTER_IIR_0/U0/FILTER_IIR_v1_0_S00_AXI_inst/Filter_Top_Level_inst/IIR_BP_R/mul/Mul_Ready - Static -
| 2        | FDCE/Q          | None       | SLICE_X58Y94/C5FF  | X1Y1         |          32 |               6 |              |       | audio_mixer_project_i/FILTER_IIR_0/U0/FILTER_IIR_v1_0_S00_AXI_inst/Filter_Top_Level_inst/IIR_HP_L/mul/ShiftAdd.sr_READY_reg/Q | audio_mixer_project_i/FILTER_IIR_0/U0/FILTER_IIR_v1_0_S00_AXI_inst/Filter_Top_Level_inst/IIR_HP_L/mul/Mul_Ready - Static -
| 3        | FDCE/Q          | None       | SLICE_X85Y84/AFF   | X1Y1         |          32 |               6 |              |       | audio_mixer_project_i/FILTER_IIR_0/U0/FILTER_IIR_v1_0_S00_AXI_inst/Filter_Top_Level_inst/IIR_HP_R/mul/ShiftAdd.sr_READY_reg/Q | audio_mixer_project_i/FILTER_IIR_0/U0/FILTER_IIR_v1_0_S00_AXI_inst/Filter_Top_Level_inst/IIR_HP_R/mul/Mul_Ready - Static -
| 4        | FDCE/Q          | None       | SLICE_X95Y108/A5FF | X1Y2         |          32 |               6 |              |       | audio_mixer_project_i/FILTER_IIR_0/U0/FILTER_IIR_v1_0_S00_AXI_inst/Filter_Top_Level_inst/IIR_LP_L/mul/ShiftAdd.sr_READY_reg/Q | audio_mixer_project_i/FILTER_IIR_0/U0/FILTER_IIR_v1_0_S00_AXI_inst/Filter_Top_Level_inst/IIR_LP_L/mul/Mul_Ready - Static -
| 5        | FDCE/Q          | None       | SLICE_X40Y77/D5FF  | X0Y1         |          32 |               6 |              |       | audio_mixer_project_i/FILTER_IIR_0/U0/FILTER_IIR_v1_0_S00_AXI_inst/Filter_Top_Level_inst/IIR_LP_R/mul/ShiftAdd.sr_READY_reg/Q | audio_mixer_project_i/FILTER_IIR_0/U0/FILTER_IIR_v1_0_S00_AXI_inst/Filter_Top_Level_inst/IIR_LP_R/mul/Mul_Ready - Static -
| 6        | FDCE/Q          | None       | SLICE_X85Y54/C5FF  | X1Y1         |          32 |               6 |              |       | audio_mixer_project_i/FILTER_IIR_1/U0/FILTER_IIR_v1_0_S00_AXI_inst/Filter_Top_Level_inst/IIR_BP_L/mul/ShiftAdd.sr_READY_reg/Q | audio_mixer_project_i/FILTER_IIR_1/U0/FILTER_IIR_v1_0_S00_AXI_inst/Filter_Top_Level_inst/IIR_BP_L/mul/Mul_Ready - Static -
| 7        | FDCE/Q          | None       | SLICE_X39Y36/AFF   | X0Y0         |          32 |               6 |              |       | audio_mixer_project_i/FILTER_IIR_1/U0/FILTER_IIR_v1_0_S00_AXI_inst/Filter_Top_Level_inst/IIR_BP_R/mul/ShiftAdd.sr_READY_reg/Q | audio_mixer_project_i/FILTER_IIR_1/U0/FILTER_IIR_v1_0_S00_AXI_inst/Filter_Top_Level_inst/IIR_BP_R/mul/Mul_Ready - Static -
| 8        | FDCE/Q          | None       | SLICE_X60Y44/CFF   | X1Y0         |          32 |               6 |              |       | audio_mixer_project_i/FILTER_IIR_1/U0/FILTER_IIR_v1_0_S00_AXI_inst/Filter_Top_Level_inst/IIR_HP_L/mul/ShiftAdd.sr_READY_reg/Q | audio_mixer_project_i/FILTER_IIR_1/U0/FILTER_IIR_v1_0_S00_AXI_inst/Filter_Top_Level_inst/IIR_HP_L/mul/Mul_Ready - Static -
| 9        | FDCE/Q          | None       | SLICE_X78Y37/AFF   | X1Y0         |          32 |               6 |              |       | audio_mixer_project_i/FILTER_IIR_1/U0/FILTER_IIR_v1_0_S00_AXI_inst/Filter_Top_Level_inst/IIR_HP_R/mul/ShiftAdd.sr_READY_reg/Q | audio_mixer_project_i/FILTER_IIR_1/U0/FILTER_IIR_v1_0_S00_AXI_inst/Filter_Top_Level_inst/IIR_HP_R/mul/Mul_Ready - Static -
| 10       | FDCE/Q          | None       | SLICE_X62Y52/AFF   | X1Y1         |          32 |               6 |              |       | audio_mixer_project_i/FILTER_IIR_1/U0/FILTER_IIR_v1_0_S00_AXI_inst/Filter_Top_Level_inst/IIR_LP_L/mul/ShiftAdd.sr_READY_reg/Q | audio_mixer_project_i/FILTER_IIR_1/U0/FILTER_IIR_v1_0_S00_AXI_inst/Filter_Top_Level_inst/IIR_LP_L/mul/Mul_Ready - Static -
| 11       | FDCE/Q          | None       | SLICE_X60Y35/CFF   | X1Y0         |          32 |               6 |              |       | audio_mixer_project_i/FILTER_IIR_1/U0/FILTER_IIR_v1_0_S00_AXI_inst/Filter_Top_Level_inst/IIR_LP_R/mul/ShiftAdd.sr_READY_reg/Q | audio_mixer_project_i/FILTER_IIR_1/U0/FILTER_IIR_v1_0_S00_AXI_inst/Filter_Top_Level_inst/IIR_LP_R/mul/Mul_Ready - Static -
+----------+-----------------+------------+--------------------+--------------+-------------+-----------------+--------------+-------+-------------------------------------------------------------------------------------------------------------------------------+-----------------------------------------------------------------------------------------------------------------||
* Local Clocks in this context represents only clocks driven by non-global buffers
** Clock Loads column represents the clock pin loads (pin count)
*** Non-Clock Loads column represents the non-clock pin loads (pin count)


5. Clock Regions: Key Resource Utilization
------------------------------------------

+-------------------+--------------+--------------+--------------+--------------+--------------+--------------+--------------+--------------+--------------+--------------+--------------+--------------+--------------+--------------+--------------+
|                   | Global Clock |     BUFRs    |    BUFMRs    |    BUFIOs    |     MMCM     |      PLL     |      GT      |      PCI     |    ILOGIC    |    OLOGIC    |      FF      |     LUTM     |    RAMB18    |    RAMB36    |    DSP48E2   |
+-------------------+------+-------+------+-------+------+-------+------+-------+------+-------+------+-------+------+-------+------+-------+------+-------+------+-------+------+-------+------+-------+------+-------+------+-------+------+-------+
| Clock Region Name | Used | Avail | Used | Avail | Used | Avail | Used | Avail | Used | Avail | Used | Avail | Used | Avail | Used | Avail | Used | Avail | Used | Avail | Used | Avail | Used | Avail | Used | Avail | Used | Avail | Used | Avail |
+-------------------+------+-------+------+-------+------+-------+------+-------+------+-------+------+-------+------+-------+------+-------+------+-------+------+-------+------+-------+------+-------+------+-------+------+-------+------+-------+
| X0Y0              |    2 |    12 |    0 |     4 |    0 |     2 |    0 |     4 |    0 |     1 |    0 |     1 |    0 |     0 |    0 |     0 |    0 |    50 |    0 |    50 | 2601 |  2500 |  978 |  1000 |    0 |    60 |    0 |    30 |    0 |    60 |
| X1Y0              |    1 |    12 |    0 |     4 |    0 |     2 |    0 |     4 |    1 |     1 |    0 |     1 |    0 |     0 |    0 |     0 |    0 |    50 |    0 |    50 | 1982 |  3200 |  377 |   850 |    0 |    60 |    0 |    30 |    0 |    40 |
| X0Y1              |    2 |    12 |    0 |     0 |    0 |     0 |    0 |     0 |    0 |     0 |    0 |     0 |    0 |     0 |    0 |     0 |    0 |     0 |    0 |     0 | 3354 |  1200 | 1162 |   400 |    0 |    20 |    0 |    10 |    0 |    20 |
| X1Y1              |    2 |    12 |    0 |     4 |    0 |     2 |    0 |     4 |    0 |     1 |    0 |     1 |    0 |     0 |    0 |     0 |    0 |    50 |    0 |    50 | 3865 |  2600 | 1202 |   850 |    0 |    60 |    0 |    30 |    0 |    40 |
| X0Y2              |    2 |    12 |    0 |     0 |    0 |     0 |    0 |     0 |    0 |     0 |    0 |     0 |    0 |     0 |    0 |     0 |    0 |     0 |    0 |     0 |  982 |  1200 |  302 |   400 |    0 |    20 |    0 |    10 |    0 |    20 |
| X1Y2              |    2 |    12 |    0 |     4 |    0 |     2 |    0 |     4 |    0 |     1 |    0 |     1 |    0 |     0 |    0 |     0 |    0 |    50 |    0 |    50 | 1898 |  2600 |  688 |   850 |    0 |    60 |    0 |    30 |    0 |    40 |
+-------------------+------+-------+------+-------+------+-------+------+-------+------+-------+------+-------+------+-------+------+-------+------+-------+------+-------+------+-------+------+-------+------+-------+------+-------+------+-------+
* Global Clock column represents track count; while other columns represents cell counts


6. Clock Regions : Global Clock Summary
---------------------------------------

All Modules
+----+----+----+
|    | X0 | X1 |
+----+----+----+
| Y2 |  2 |  2 |
| Y1 |  2 |  2 |
| Y0 |  2 |  1 |
+----+----+----+


7. Device Cell Placement Summary for Global Clock g0
----------------------------------------------------

+-----------+-----------------+-------------------+------------+-------------+---------------+-------------+----------+----------------+----------+-----------------------------------------------------------+
| Global Id | Driver Type/Pin | Driver Region (D) | Clock      | Period (ns) | Waveform (ns) | Slice Loads | IO Loads | Clocking Loads | GT Loads | Net                                                       |
+-----------+-----------------+-------------------+------------+-------------+---------------+-------------+----------+----------------+----------+-----------------------------------------------------------+
| g0        | BUFG/O          | n/a               | clk_fpga_0 |      10.000 | {0.000 5.000} |       14137 |        0 |              1 |        0 | audio_mixer_project_i/processing_system7_0/inst/FCLK_CLK0 |
+-----------+-----------------+-------------------+------------+-------------+---------------+-------------+----------+----------------+----------+-----------------------------------------------------------+
* Logic Loads column represents load cell count of all cell types other than IO, GT and clock resources
** IO Loads column represents load cell count of IO types
*** Clocking Loads column represents load cell count that are clock resources (global clock buffer, MMCM, PLL, etc)
**** GT Loads column represents load cell count of GT types


+----+-------+-------+
|    | X0    | X1    |
+----+-------+-------+
| Y2 |   937 |  1803 |
| Y1 |  3363 |  3674 |
| Y0 |  2502 |  1859 |
+----+-------+-------+


8. Device Cell Placement Summary for Global Clock g1
----------------------------------------------------

+-----------+-----------------+-------------------+-------------------+-------------+----------------+-------------+----------+----------------+----------+--------------------------------------------------------+
| Global Id | Driver Type/Pin | Driver Region (D) | Clock             | Period (ns) | Waveform (ns)  | Slice Loads | IO Loads | Clocking Loads | GT Loads | Net                                                    |
+-----------+-----------------+-------------------+-------------------+-------------+----------------+-------------+----------+----------------+----------+--------------------------------------------------------+
| g1        | BUFG/O          | n/a               | zed_audio_clk_48M |      20.833 | {0.000 10.417} |         236 |        0 |              0 |        0 | audio_mixer_project_i/zed_audio_0/U0/i_clocking/CLK_48 |
+-----------+-----------------+-------------------+-------------------+-------------+----------------+-------------+----------+----------------+----------+--------------------------------------------------------+
* Logic Loads column represents load cell count of all cell types other than IO, GT and clock resources
** IO Loads column represents load cell count of IO types
*** Clocking Loads column represents load cell count that are clock resources (global clock buffer, MMCM, PLL, etc)
**** GT Loads column represents load cell count of GT types


+----+-----+-----+
|    | X0  | X1  |
+----+-----+-----+
| Y2 |  69 |  31 |
| Y1 |   8 |  59 |
| Y0 |  69 |   0 |
+----+-----+-----+


9. Clock Region Cell Placement per Global Clock: Region X0Y0
------------------------------------------------------------

+-----------+-------+-----------------+------------+-------------+-----------------+------+--------+------+-----+----+------+-----+---------+-----------------------------------------------------------+
| Global Id | Track | Driver Type/Pin | Constraint | Clock Loads | Non-Clock Loads | FF   | LUTRAM | RAMB | DSP | GT | MMCM | PLL | Hard IP | Net                                                       |
+-----------+-------+-----------------+------------+-------------+-----------------+------+--------+------+-----+----+------+-----+---------+-----------------------------------------------------------+
| g0        | n/a   | BUFG/O          | None       |        2502 |               0 | 2501 |      0 |    0 |   0 |  0 |    0 |   0 |       0 | audio_mixer_project_i/processing_system7_0/inst/FCLK_CLK0 |
| g1        | n/a   | BUFG/O          | None       |          69 |               0 |   68 |      0 |    0 |   0 |  0 |    0 |   0 |       0 | audio_mixer_project_i/zed_audio_0/U0/i_clocking/CLK_48    |
+-----------+-------+-----------------+------------+-------------+-----------------+------+--------+------+-----+----+------+-----+---------+-----------------------------------------------------------+
* Clock Loads column represents the clock pin loads (pin count)
** Non-Clock Loads column represents the non-clock pin loads (pin count)
*** Columns FF, LUTRAM, RAMB through 'Hard IP' represents load cell counts


10. Clock Region Cell Placement per Global Clock: Region X1Y0
-------------------------------------------------------------

+-----------+-------+-----------------+------------+-------------+-----------------+------+--------+------+-----+----+------+-----+---------+-----------------------------------------------------------+
| Global Id | Track | Driver Type/Pin | Constraint | Clock Loads | Non-Clock Loads | FF   | LUTRAM | RAMB | DSP | GT | MMCM | PLL | Hard IP | Net                                                       |
+-----------+-------+-----------------+------------+-------------+-----------------+------+--------+------+-----+----+------+-----+---------+-----------------------------------------------------------+
| g0        | n/a   | BUFG/O          | None       |        1859 |               0 | 1858 |      0 |    0 |   0 |  0 |    1 |   0 |       0 | audio_mixer_project_i/processing_system7_0/inst/FCLK_CLK0 |
+-----------+-------+-----------------+------------+-------------+-----------------+------+--------+------+-----+----+------+-----+---------+-----------------------------------------------------------+
* Clock Loads column represents the clock pin loads (pin count)
** Non-Clock Loads column represents the non-clock pin loads (pin count)
*** Columns FF, LUTRAM, RAMB through 'Hard IP' represents load cell counts


11. Clock Region Cell Placement per Global Clock: Region X0Y1
-------------------------------------------------------------

+-----------+-------+-----------------+------------+-------------+-----------------+------+--------+------+-----+----+------+-----+---------+-----------------------------------------------------------+
| Global Id | Track | Driver Type/Pin | Constraint | Clock Loads | Non-Clock Loads | FF   | LUTRAM | RAMB | DSP | GT | MMCM | PLL | Hard IP | Net                                                       |
+-----------+-------+-----------------+------------+-------------+-----------------+------+--------+------+-----+----+------+-----+---------+-----------------------------------------------------------+
| g0        | n/a   | BUFG/O          | None       |        3363 |               0 | 3316 |     47 |    0 |   0 |  0 |    0 |   0 |       0 | audio_mixer_project_i/processing_system7_0/inst/FCLK_CLK0 |
| g1        | n/a   | BUFG/O          | None       |           8 |               0 |    6 |      2 |    0 |   0 |  0 |    0 |   0 |       0 | audio_mixer_project_i/zed_audio_0/U0/i_clocking/CLK_48    |
+-----------+-------+-----------------+------------+-------------+-----------------+------+--------+------+-----+----+------+-----+---------+-----------------------------------------------------------+
* Clock Loads column represents the clock pin loads (pin count)
** Non-Clock Loads column represents the non-clock pin loads (pin count)
*** Columns FF, LUTRAM, RAMB through 'Hard IP' represents load cell counts


12. Clock Region Cell Placement per Global Clock: Region X1Y1
-------------------------------------------------------------

+-----------+-------+-----------------+------------+-------------+-----------------+------+--------+------+-----+----+------+-----+---------+-----------------------------------------------------------+
| Global Id | Track | Driver Type/Pin | Constraint | Clock Loads | Non-Clock Loads | FF   | LUTRAM | RAMB | DSP | GT | MMCM | PLL | Hard IP | Net                                                       |
+-----------+-------+-----------------+------------+-------------+-----------------+------+--------+------+-----+----+------+-----+---------+-----------------------------------------------------------+
| g0        | n/a   | BUFG/O          | None       |        3674 |               0 | 3674 |      0 |    0 |   0 |  0 |    0 |   0 |       0 | audio_mixer_project_i/processing_system7_0/inst/FCLK_CLK0 |
| g1        | n/a   | BUFG/O          | None       |          59 |               0 |   59 |      0 |    0 |   0 |  0 |    0 |   0 |       0 | audio_mixer_project_i/zed_audio_0/U0/i_clocking/CLK_48    |
+-----------+-------+-----------------+------------+-------------+-----------------+------+--------+------+-----+----+------+-----+---------+-----------------------------------------------------------+
* Clock Loads column represents the clock pin loads (pin count)
** Non-Clock Loads column represents the non-clock pin loads (pin count)
*** Columns FF, LUTRAM, RAMB through 'Hard IP' represents load cell counts


13. Clock Region Cell Placement per Global Clock: Region X0Y2
-------------------------------------------------------------

+-----------+-------+-----------------+------------+-------------+-----------------+-----+--------+------+-----+----+------+-----+---------+-----------------------------------------------------------+
| Global Id | Track | Driver Type/Pin | Constraint | Clock Loads | Non-Clock Loads | FF  | LUTRAM | RAMB | DSP | GT | MMCM | PLL | Hard IP | Net                                                       |
+-----------+-------+-----------------+------------+-------------+-----------------+-----+--------+------+-----+----+------+-----+---------+-----------------------------------------------------------+
| g0        | n/a   | BUFG/O          | None       |         937 |               0 | 917 |     19 |    0 |   0 |  0 |    0 |   0 |       0 | audio_mixer_project_i/processing_system7_0/inst/FCLK_CLK0 |
| g1        | n/a   | BUFG/O          | None       |          69 |               0 |  65 |      4 |    0 |   0 |  0 |    0 |   0 |       0 | audio_mixer_project_i/zed_audio_0/U0/i_clocking/CLK_48    |
+-----------+-------+-----------------+------------+-------------+-----------------+-----+--------+------+-----+----+------+-----+---------+-----------------------------------------------------------+
* Clock Loads column represents the clock pin loads (pin count)
** Non-Clock Loads column represents the non-clock pin loads (pin count)
*** Columns FF, LUTRAM, RAMB through 'Hard IP' represents load cell counts


14. Clock Region Cell Placement per Global Clock: Region X1Y2
-------------------------------------------------------------

+-----------+-------+-----------------+------------+-------------+-----------------+------+--------+------+-----+----+------+-----+---------+-----------------------------------------------------------+
| Global Id | Track | Driver Type/Pin | Constraint | Clock Loads | Non-Clock Loads | FF   | LUTRAM | RAMB | DSP | GT | MMCM | PLL | Hard IP | Net                                                       |
+-----------+-------+-----------------+------------+-------------+-----------------+------+--------+------+-----+----+------+-----+---------+-----------------------------------------------------------+
| g0        | n/a   | BUFG/O          | None       |        1803 |               0 | 1803 |      0 |    0 |   0 |  0 |    0 |   0 |       0 | audio_mixer_project_i/processing_system7_0/inst/FCLK_CLK0 |
| g1        | n/a   | BUFG/O          | None       |          31 |               0 |   31 |      0 |    0 |   0 |  0 |    0 |   0 |       0 | audio_mixer_project_i/zed_audio_0/U0/i_clocking/CLK_48    |
+-----------+-------+-----------------+------------+-------------+-----------------+------+--------+------+-----+----+------+-----+---------+-----------------------------------------------------------+
* Clock Loads column represents the clock pin loads (pin count)
** Non-Clock Loads column represents the non-clock pin loads (pin count)
*** Columns FF, LUTRAM, RAMB through 'Hard IP' represents load cell counts



# Location of BUFG Primitives 
set_property LOC BUFGCTRL_X0Y0 [get_cells audio_mixer_project_i/zed_audio_0/U0/i_clocking/clkout1_buf]
set_property LOC BUFGCTRL_X0Y16 [get_cells audio_mixer_project_i/processing_system7_0/inst/buffer_fclk_clk_0.FCLK_CLK_0_BUFG]

# Location of IO Primitives which is load of clock spine

# Location of clock ports

# Clock net "audio_mixer_project_i/zed_audio_0/U0/i_clocking/CLK_48" driven by instance "audio_mixer_project_i/zed_audio_0/U0/i_clocking/clkout1_buf" located at site "BUFGCTRL_X0Y0"
#startgroup
create_pblock {CLKAG_audio_mixer_project_i/zed_audio_0/U0/i_clocking/CLK_48}
add_cells_to_pblock [get_pblocks  {CLKAG_audio_mixer_project_i/zed_audio_0/U0/i_clocking/CLK_48}] [get_cells -filter { PRIMITIVE_GROUP != I/O && IS_PRIMITIVE==1 && PRIMITIVE_LEVEL !=INTERNAL } -of_object [get_pins -filter {DIRECTION==IN} -of_objects [get_nets -hierarchical -filter {PARENT=="audio_mixer_project_i/zed_audio_0/U0/i_clocking/CLK_48"}]]]
resize_pblock [get_pblocks {CLKAG_audio_mixer_project_i/zed_audio_0/U0/i_clocking/CLK_48}] -add {CLOCKREGION_X0Y0:CLOCKREGION_X0Y0 CLOCKREGION_X0Y1:CLOCKREGION_X0Y1 CLOCKREGION_X0Y2:CLOCKREGION_X0Y2 CLOCKREGION_X1Y1:CLOCKREGION_X1Y1 CLOCKREGION_X1Y2:CLOCKREGION_X1Y2}
#endgroup

# Clock net "audio_mixer_project_i/processing_system7_0/inst/FCLK_CLK0" driven by instance "audio_mixer_project_i/processing_system7_0/inst/buffer_fclk_clk_0.FCLK_CLK_0_BUFG" located at site "BUFGCTRL_X0Y16"
#startgroup
create_pblock {CLKAG_audio_mixer_project_i/processing_system7_0/inst/FCLK_CLK0}
add_cells_to_pblock [get_pblocks  {CLKAG_audio_mixer_project_i/processing_system7_0/inst/FCLK_CLK0}] [get_cells -filter { PRIMITIVE_GROUP != I/O && IS_PRIMITIVE==1 && PRIMITIVE_LEVEL !=INTERNAL && NAME!=audio_mixer_project_i/zed_audio_0/U0/i_clocking/mmcm_adv_inst} -of_object [get_pins -filter {DIRECTION==IN} -of_objects [get_nets -hierarchical -filter {PARENT=="audio_mixer_project_i/processing_system7_0/inst/FCLK_CLK0"}]]]
resize_pblock [get_pblocks {CLKAG_audio_mixer_project_i/processing_system7_0/inst/FCLK_CLK0}] -add {CLOCKREGION_X0Y0:CLOCKREGION_X0Y0 CLOCKREGION_X0Y1:CLOCKREGION_X0Y1 CLOCKREGION_X0Y2:CLOCKREGION_X0Y2 CLOCKREGION_X1Y0:CLOCKREGION_X1Y0 CLOCKREGION_X1Y1:CLOCKREGION_X1Y1 CLOCKREGION_X1Y2:CLOCKREGION_X1Y2}
#endgroup
