
*** Running vivado
    with args -log audio_mixer_project_axi_to_audio_0_0.vds -m64 -product Vivado -mode batch -messageDb vivado.pb -notrace -source audio_mixer_project_axi_to_audio_0_0.tcl


****** Vivado v2017.3 (64-bit)
  **** SW Build 2018833 on Wed Oct  4 19:58:07 MDT 2017
  **** IP Build 2016188 on Wed Oct  4 21:52:56 MDT 2017
    ** Copyright 1986-2017 Xilinx, Inc. All Rights Reserved.

source audio_mixer_project_axi_to_audio_0_0.tcl -notrace
Command: synth_design -top audio_mixer_project_axi_to_audio_0_0 -part xc7z020clg484-1 -mode out_of_context
Starting synth_design
Attempting to get a license for feature 'Synthesis' and/or device 'xc7z020'
INFO: [Common 17-349] Got license for feature 'Synthesis' and/or device 'xc7z020'
INFO: Launching helper process for spawning children vivado processes
INFO: Helper process launched with PID 5980 
---------------------------------------------------------------------------------
Starting RTL Elaboration : Time (s): cpu = 00:00:06 ; elapsed = 00:00:10 . Memory (MB): peak = 1307.941 ; gain = 82.000 ; free physical = 7739 ; free virtual = 12598
---------------------------------------------------------------------------------
INFO: [Synth 8-638] synthesizing module 'audio_mixer_project_axi_to_audio_0_0' [/home/martin.perman/workspace/audio-mixer-project/vivado/audio-mixer-project.srcs/sources_1/bd/audio_mixer_project/ip/audio_mixer_project_axi_to_audio_0_0/synth/audio_mixer_project_axi_to_audio_0_0.vhd:83]
	Parameter C_S00_AXI_DATA_WIDTH bound to: 32 - type: integer 
	Parameter C_S00_AXI_ADDR_WIDTH bound to: 4 - type: integer 
INFO: [Synth 8-3491] module 'axi_to_audio_v1_0' declared at '/home/martin.perman/workspace/audio-mixer-project/vivado/audio-mixer-project.srcs/sources_1/bd/audio_mixer_project/ipshared/3e4a/hdl/axi_to_audio_v1_0.vhd:5' bound to instance 'U0' of component 'axi_to_audio_v1_0' [/home/martin.perman/workspace/audio-mixer-project/vivado/audio-mixer-project.srcs/sources_1/bd/audio_mixer_project/ip/audio_mixer_project_axi_to_audio_0_0/synth/audio_mixer_project_axi_to_audio_0_0.vhd:147]
INFO: [Synth 8-638] synthesizing module 'axi_to_audio_v1_0' [/home/martin.perman/workspace/audio-mixer-project/vivado/audio-mixer-project.srcs/sources_1/bd/audio_mixer_project/ipshared/3e4a/hdl/axi_to_audio_v1_0.vhd:49]
	Parameter C_S00_AXI_DATA_WIDTH bound to: 32 - type: integer 
	Parameter C_S00_AXI_ADDR_WIDTH bound to: 4 - type: integer 
WARNING: [Synth 8-5640] Port 'audio_out' is missing in component declaration [/home/martin.perman/workspace/audio-mixer-project/vivado/audio-mixer-project.srcs/sources_1/bd/audio_mixer_project/ipshared/3e4a/hdl/axi_to_audio_v1_0.vhd:52]
	Parameter C_S_AXI_DATA_WIDTH bound to: 32 - type: integer 
	Parameter C_S_AXI_ADDR_WIDTH bound to: 4 - type: integer 
INFO: [Synth 8-3491] module 'axi_to_audio_v1_0_S00_AXI' declared at '/home/martin.perman/workspace/audio-mixer-project/vivado/audio-mixer-project.srcs/sources_1/bd/audio_mixer_project/ipshared/3e4a/hdl/axi_to_audio_v1_0_S00_AXI.vhd:5' bound to instance 'axi_to_audio_v1_0_S00_AXI_inst' of component 'axi_to_audio_v1_0_S00_AXI' [/home/martin.perman/workspace/audio-mixer-project/vivado/audio-mixer-project.srcs/sources_1/bd/audio_mixer_project/ipshared/3e4a/hdl/axi_to_audio_v1_0.vhd:85]
INFO: [Synth 8-638] synthesizing module 'axi_to_audio_v1_0_S00_AXI' [/home/martin.perman/workspace/audio-mixer-project/vivado/audio-mixer-project.srcs/sources_1/bd/audio_mixer_project/ipshared/3e4a/hdl/axi_to_audio_v1_0_S00_AXI.vhd:86]
	Parameter C_S_AXI_DATA_WIDTH bound to: 32 - type: integer 
	Parameter C_S_AXI_ADDR_WIDTH bound to: 4 - type: integer 
INFO: [Synth 8-226] default block is never used [/home/martin.perman/workspace/audio-mixer-project/vivado/audio-mixer-project.srcs/sources_1/bd/audio_mixer_project/ipshared/3e4a/hdl/axi_to_audio_v1_0_S00_AXI.vhd:226]
INFO: [Synth 8-226] default block is never used [/home/martin.perman/workspace/audio-mixer-project/vivado/audio-mixer-project.srcs/sources_1/bd/audio_mixer_project/ipshared/3e4a/hdl/axi_to_audio_v1_0_S00_AXI.vhd:356]
WARNING: [Synth 8-6014] Unused sequential element loc_addr_reg was removed.  [/home/martin.perman/workspace/audio-mixer-project/vivado/audio-mixer-project.srcs/sources_1/bd/audio_mixer_project/ipshared/3e4a/hdl/axi_to_audio_v1_0_S00_AXI.vhd:224]
INFO: [Synth 8-256] done synthesizing module 'axi_to_audio_v1_0_S00_AXI' (1#1) [/home/martin.perman/workspace/audio-mixer-project/vivado/audio-mixer-project.srcs/sources_1/bd/audio_mixer_project/ipshared/3e4a/hdl/axi_to_audio_v1_0_S00_AXI.vhd:86]
WARNING: [Synth 8-3848] Net audio_out in module/entity axi_to_audio_v1_0 does not have driver. [/home/martin.perman/workspace/audio-mixer-project/vivado/audio-mixer-project.srcs/sources_1/bd/audio_mixer_project/ipshared/3e4a/hdl/axi_to_audio_v1_0.vhd:19]
INFO: [Synth 8-256] done synthesizing module 'axi_to_audio_v1_0' (2#1) [/home/martin.perman/workspace/audio-mixer-project/vivado/audio-mixer-project.srcs/sources_1/bd/audio_mixer_project/ipshared/3e4a/hdl/axi_to_audio_v1_0.vhd:49]
INFO: [Synth 8-256] done synthesizing module 'audio_mixer_project_axi_to_audio_0_0' (3#1) [/home/martin.perman/workspace/audio-mixer-project/vivado/audio-mixer-project.srcs/sources_1/bd/audio_mixer_project/ip/audio_mixer_project_axi_to_audio_0_0/synth/audio_mixer_project_axi_to_audio_0_0.vhd:83]
WARNING: [Synth 8-3331] design axi_to_audio_v1_0_S00_AXI has unconnected port S_AXI_AWPROT[2]
WARNING: [Synth 8-3331] design axi_to_audio_v1_0_S00_AXI has unconnected port S_AXI_AWPROT[1]
WARNING: [Synth 8-3331] design axi_to_audio_v1_0_S00_AXI has unconnected port S_AXI_AWPROT[0]
WARNING: [Synth 8-3331] design axi_to_audio_v1_0_S00_AXI has unconnected port S_AXI_ARPROT[2]
WARNING: [Synth 8-3331] design axi_to_audio_v1_0_S00_AXI has unconnected port S_AXI_ARPROT[1]
WARNING: [Synth 8-3331] design axi_to_audio_v1_0_S00_AXI has unconnected port S_AXI_ARPROT[0]
WARNING: [Synth 8-3331] design axi_to_audio_v1_0 has unconnected port audio_out[23]
WARNING: [Synth 8-3331] design axi_to_audio_v1_0 has unconnected port audio_out[22]
WARNING: [Synth 8-3331] design axi_to_audio_v1_0 has unconnected port audio_out[21]
WARNING: [Synth 8-3331] design axi_to_audio_v1_0 has unconnected port audio_out[20]
WARNING: [Synth 8-3331] design axi_to_audio_v1_0 has unconnected port audio_out[19]
WARNING: [Synth 8-3331] design axi_to_audio_v1_0 has unconnected port audio_out[18]
WARNING: [Synth 8-3331] design axi_to_audio_v1_0 has unconnected port audio_out[17]
WARNING: [Synth 8-3331] design axi_to_audio_v1_0 has unconnected port audio_out[16]
WARNING: [Synth 8-3331] design axi_to_audio_v1_0 has unconnected port audio_out[15]
WARNING: [Synth 8-3331] design axi_to_audio_v1_0 has unconnected port audio_out[14]
WARNING: [Synth 8-3331] design axi_to_audio_v1_0 has unconnected port audio_out[13]
WARNING: [Synth 8-3331] design axi_to_audio_v1_0 has unconnected port audio_out[12]
WARNING: [Synth 8-3331] design axi_to_audio_v1_0 has unconnected port audio_out[11]
WARNING: [Synth 8-3331] design axi_to_audio_v1_0 has unconnected port audio_out[10]
WARNING: [Synth 8-3331] design axi_to_audio_v1_0 has unconnected port audio_out[9]
WARNING: [Synth 8-3331] design axi_to_audio_v1_0 has unconnected port audio_out[8]
WARNING: [Synth 8-3331] design axi_to_audio_v1_0 has unconnected port audio_out[7]
WARNING: [Synth 8-3331] design axi_to_audio_v1_0 has unconnected port audio_out[6]
WARNING: [Synth 8-3331] design axi_to_audio_v1_0 has unconnected port audio_out[5]
WARNING: [Synth 8-3331] design axi_to_audio_v1_0 has unconnected port audio_out[4]
WARNING: [Synth 8-3331] design axi_to_audio_v1_0 has unconnected port audio_out[3]
WARNING: [Synth 8-3331] design axi_to_audio_v1_0 has unconnected port audio_out[2]
WARNING: [Synth 8-3331] design axi_to_audio_v1_0 has unconnected port audio_out[1]
WARNING: [Synth 8-3331] design axi_to_audio_v1_0 has unconnected port audio_out[0]
---------------------------------------------------------------------------------
Finished RTL Elaboration : Time (s): cpu = 00:00:07 ; elapsed = 00:00:11 . Memory (MB): peak = 1349.480 ; gain = 123.539 ; free physical = 7736 ; free virtual = 12595
---------------------------------------------------------------------------------

Report Check Netlist: 
+------+------------------+-------+---------+-------+------------------+
|      |Item              |Errors |Warnings |Status |Description       |
+------+------------------+-------+---------+-------+------------------+
|1     |multi_driven_nets |      0|        0|Passed |Multi driven nets |
+------+------------------+-------+---------+-------+------------------+
---------------------------------------------------------------------------------
Finished RTL Optimization Phase 1 : Time (s): cpu = 00:00:07 ; elapsed = 00:00:11 . Memory (MB): peak = 1349.480 ; gain = 123.539 ; free physical = 7731 ; free virtual = 12590
---------------------------------------------------------------------------------
INFO: [Device 21-403] Loading part xc7z020clg484-1
INFO: [Project 1-570] Preparing netlist for logic optimization

Processing XDC Constraints
Initializing timing engine
Completed Processing XDC Constraints

INFO: [Project 1-111] Unisim Transformation Summary:
No Unisim elements were transformed.

Constraint Validation Runtime : Time (s): cpu = 00:00:00.01 ; elapsed = 00:00:00.01 . Memory (MB): peak = 1687.496 ; gain = 0.000 ; free physical = 7587 ; free virtual = 12449
---------------------------------------------------------------------------------
Finished Constraint Validation : Time (s): cpu = 00:00:21 ; elapsed = 00:00:59 . Memory (MB): peak = 1687.496 ; gain = 461.555 ; free physical = 7535 ; free virtual = 12400
---------------------------------------------------------------------------------
---------------------------------------------------------------------------------
Start Loading Part and Timing Information
---------------------------------------------------------------------------------
Loading part: xc7z020clg484-1
---------------------------------------------------------------------------------
Finished Loading Part and Timing Information : Time (s): cpu = 00:00:21 ; elapsed = 00:00:59 . Memory (MB): peak = 1687.496 ; gain = 461.555 ; free physical = 7535 ; free virtual = 12400
---------------------------------------------------------------------------------
---------------------------------------------------------------------------------
Start Applying 'set_property' XDC Constraints
---------------------------------------------------------------------------------
---------------------------------------------------------------------------------
Finished applying 'set_property' XDC Constraints : Time (s): cpu = 00:00:21 ; elapsed = 00:00:59 . Memory (MB): peak = 1687.496 ; gain = 461.555 ; free physical = 7535 ; free virtual = 12400
---------------------------------------------------------------------------------
---------------------------------------------------------------------------------
Finished RTL Optimization Phase 2 : Time (s): cpu = 00:00:22 ; elapsed = 00:00:59 . Memory (MB): peak = 1687.496 ; gain = 461.555 ; free physical = 7528 ; free virtual = 12393
---------------------------------------------------------------------------------

Report RTL Partitions: 
+-+--------------+------------+----------+
| |RTL Partition |Replication |Instances |
+-+--------------+------------+----------+
+-+--------------+------------+----------+
---------------------------------------------------------------------------------
Start RTL Component Statistics 
---------------------------------------------------------------------------------
Detailed RTL Component Info : 
+---Registers : 
	               32 Bit    Registers := 5     
	                4 Bit    Registers := 2     
	                2 Bit    Registers := 2     
	                1 Bit    Registers := 6     
+---Muxes : 
	   2 Input     32 Bit        Muxes := 4     
	   4 Input     32 Bit        Muxes := 5     
	   2 Input      1 Bit        Muxes := 5     
---------------------------------------------------------------------------------
Finished RTL Component Statistics 
---------------------------------------------------------------------------------
---------------------------------------------------------------------------------
Start RTL Hierarchical Component Statistics 
---------------------------------------------------------------------------------
Hierarchical RTL Component report 
Module axi_to_audio_v1_0_S00_AXI 
Detailed RTL Component Info : 
+---Registers : 
	               32 Bit    Registers := 5     
	                4 Bit    Registers := 2     
	                2 Bit    Registers := 2     
	                1 Bit    Registers := 6     
+---Muxes : 
	   2 Input     32 Bit        Muxes := 4     
	   4 Input     32 Bit        Muxes := 5     
	   2 Input      1 Bit        Muxes := 5     
---------------------------------------------------------------------------------
Finished RTL Hierarchical Component Statistics
---------------------------------------------------------------------------------
---------------------------------------------------------------------------------
Start Part Resource Summary
---------------------------------------------------------------------------------
Part Resources:
DSPs: 220 (col length:60)
BRAMs: 280 (col length: RAMB18 60 RAMB36 30)
---------------------------------------------------------------------------------
Finished Part Resource Summary
---------------------------------------------------------------------------------
---------------------------------------------------------------------------------
Start Cross Boundary and Area Optimization
---------------------------------------------------------------------------------
WARNING: [Synth 8-3331] design audio_mixer_project_axi_to_audio_0_0 has unconnected port audio_out[23]
WARNING: [Synth 8-3331] design audio_mixer_project_axi_to_audio_0_0 has unconnected port audio_out[22]
WARNING: [Synth 8-3331] design audio_mixer_project_axi_to_audio_0_0 has unconnected port audio_out[21]
WARNING: [Synth 8-3331] design audio_mixer_project_axi_to_audio_0_0 has unconnected port audio_out[20]
WARNING: [Synth 8-3331] design audio_mixer_project_axi_to_audio_0_0 has unconnected port audio_out[19]
WARNING: [Synth 8-3331] design audio_mixer_project_axi_to_audio_0_0 has unconnected port audio_out[18]
WARNING: [Synth 8-3331] design audio_mixer_project_axi_to_audio_0_0 has unconnected port audio_out[17]
WARNING: [Synth 8-3331] design audio_mixer_project_axi_to_audio_0_0 has unconnected port audio_out[16]
WARNING: [Synth 8-3331] design audio_mixer_project_axi_to_audio_0_0 has unconnected port audio_out[15]
WARNING: [Synth 8-3331] design audio_mixer_project_axi_to_audio_0_0 has unconnected port audio_out[14]
WARNING: [Synth 8-3331] design audio_mixer_project_axi_to_audio_0_0 has unconnected port audio_out[13]
WARNING: [Synth 8-3331] design audio_mixer_project_axi_to_audio_0_0 has unconnected port audio_out[12]
WARNING: [Synth 8-3331] design audio_mixer_project_axi_to_audio_0_0 has unconnected port audio_out[11]
WARNING: [Synth 8-3331] design audio_mixer_project_axi_to_audio_0_0 has unconnected port audio_out[10]
WARNING: [Synth 8-3331] design audio_mixer_project_axi_to_audio_0_0 has unconnected port audio_out[9]
WARNING: [Synth 8-3331] design audio_mixer_project_axi_to_audio_0_0 has unconnected port audio_out[8]
WARNING: [Synth 8-3331] design audio_mixer_project_axi_to_audio_0_0 has unconnected port audio_out[7]
WARNING: [Synth 8-3331] design audio_mixer_project_axi_to_audio_0_0 has unconnected port audio_out[6]
WARNING: [Synth 8-3331] design audio_mixer_project_axi_to_audio_0_0 has unconnected port audio_out[5]
WARNING: [Synth 8-3331] design audio_mixer_project_axi_to_audio_0_0 has unconnected port audio_out[4]
WARNING: [Synth 8-3331] design audio_mixer_project_axi_to_audio_0_0 has unconnected port audio_out[3]
WARNING: [Synth 8-3331] design audio_mixer_project_axi_to_audio_0_0 has unconnected port audio_out[2]
WARNING: [Synth 8-3331] design audio_mixer_project_axi_to_audio_0_0 has unconnected port audio_out[1]
WARNING: [Synth 8-3331] design audio_mixer_project_axi_to_audio_0_0 has unconnected port audio_out[0]
WARNING: [Synth 8-3331] design audio_mixer_project_axi_to_audio_0_0 has unconnected port s00_axi_awprot[2]
WARNING: [Synth 8-3331] design audio_mixer_project_axi_to_audio_0_0 has unconnected port s00_axi_awprot[1]
WARNING: [Synth 8-3331] design audio_mixer_project_axi_to_audio_0_0 has unconnected port s00_axi_awprot[0]
WARNING: [Synth 8-3331] design audio_mixer_project_axi_to_audio_0_0 has unconnected port s00_axi_arprot[2]
WARNING: [Synth 8-3331] design audio_mixer_project_axi_to_audio_0_0 has unconnected port s00_axi_arprot[1]
WARNING: [Synth 8-3331] design audio_mixer_project_axi_to_audio_0_0 has unconnected port s00_axi_arprot[0]
INFO: [Synth 8-3333] propagating constant 1 across sequential element (\U0/axi_to_audio_v1_0_S00_AXI_inst/aw_en_reg )
INFO: [Synth 8-3886] merging instance 'U0/axi_to_audio_v1_0_S00_AXI_inst/axi_rresp_reg[0]' (FDRE) to 'U0/axi_to_audio_v1_0_S00_AXI_inst/axi_rresp_reg[1]'
INFO: [Synth 8-3333] propagating constant 0 across sequential element (\U0/axi_to_audio_v1_0_S00_AXI_inst/axi_rresp_reg[1] )
INFO: [Synth 8-3886] merging instance 'U0/axi_to_audio_v1_0_S00_AXI_inst/axi_bresp_reg[0]' (FDRE) to 'U0/axi_to_audio_v1_0_S00_AXI_inst/axi_bresp_reg[1]'
INFO: [Synth 8-3333] propagating constant 0 across sequential element (\U0/axi_to_audio_v1_0_S00_AXI_inst/axi_bresp_reg[1] )
INFO: [Synth 8-3332] Sequential element (U0/axi_to_audio_v1_0_S00_AXI_inst/aw_en_reg) is unused and will be removed from module audio_mixer_project_axi_to_audio_0_0.
INFO: [Synth 8-3332] Sequential element (U0/axi_to_audio_v1_0_S00_AXI_inst/axi_bresp_reg[1]) is unused and will be removed from module audio_mixer_project_axi_to_audio_0_0.
INFO: [Synth 8-3332] Sequential element (U0/axi_to_audio_v1_0_S00_AXI_inst/axi_araddr_reg[1]) is unused and will be removed from module audio_mixer_project_axi_to_audio_0_0.
INFO: [Synth 8-3332] Sequential element (U0/axi_to_audio_v1_0_S00_AXI_inst/axi_araddr_reg[0]) is unused and will be removed from module audio_mixer_project_axi_to_audio_0_0.
INFO: [Synth 8-3332] Sequential element (U0/axi_to_audio_v1_0_S00_AXI_inst/axi_awaddr_reg[1]) is unused and will be removed from module audio_mixer_project_axi_to_audio_0_0.
INFO: [Synth 8-3332] Sequential element (U0/axi_to_audio_v1_0_S00_AXI_inst/axi_awaddr_reg[0]) is unused and will be removed from module audio_mixer_project_axi_to_audio_0_0.
INFO: [Synth 8-3332] Sequential element (U0/axi_to_audio_v1_0_S00_AXI_inst/axi_rresp_reg[1]) is unused and will be removed from module audio_mixer_project_axi_to_audio_0_0.
---------------------------------------------------------------------------------
Finished Cross Boundary and Area Optimization : Time (s): cpu = 00:00:22 ; elapsed = 00:00:59 . Memory (MB): peak = 1687.496 ; gain = 461.555 ; free physical = 7518 ; free virtual = 12381
---------------------------------------------------------------------------------

Report RTL Partitions: 
+-+--------------+------------+----------+
| |RTL Partition |Replication |Instances |
+-+--------------+------------+----------+
+-+--------------+------------+----------+
---------------------------------------------------------------------------------
Start Applying XDC Timing Constraints
---------------------------------------------------------------------------------
---------------------------------------------------------------------------------
Finished Applying XDC Timing Constraints : Time (s): cpu = 00:00:27 ; elapsed = 00:01:09 . Memory (MB): peak = 1687.496 ; gain = 461.555 ; free physical = 8111 ; free virtual = 12975
---------------------------------------------------------------------------------
---------------------------------------------------------------------------------
Start Timing Optimization
---------------------------------------------------------------------------------
---------------------------------------------------------------------------------
Finished Timing Optimization : Time (s): cpu = 00:00:27 ; elapsed = 00:01:09 . Memory (MB): peak = 1687.496 ; gain = 461.555 ; free physical = 8110 ; free virtual = 12974
---------------------------------------------------------------------------------

Report RTL Partitions: 
+-+--------------+------------+----------+
| |RTL Partition |Replication |Instances |
+-+--------------+------------+----------+
+-+--------------+------------+----------+
---------------------------------------------------------------------------------
Start Technology Mapping
---------------------------------------------------------------------------------
---------------------------------------------------------------------------------
Finished Technology Mapping : Time (s): cpu = 00:00:27 ; elapsed = 00:01:09 . Memory (MB): peak = 1687.496 ; gain = 461.555 ; free physical = 8107 ; free virtual = 12971
---------------------------------------------------------------------------------

Report RTL Partitions: 
+-+--------------+------------+----------+
| |RTL Partition |Replication |Instances |
+-+--------------+------------+----------+
+-+--------------+------------+----------+
---------------------------------------------------------------------------------
Start IO Insertion
---------------------------------------------------------------------------------
---------------------------------------------------------------------------------
Start Flattening Before IO Insertion
---------------------------------------------------------------------------------
---------------------------------------------------------------------------------
Finished Flattening Before IO Insertion
---------------------------------------------------------------------------------
---------------------------------------------------------------------------------
Start Final Netlist Cleanup
---------------------------------------------------------------------------------
---------------------------------------------------------------------------------
Finished Final Netlist Cleanup
---------------------------------------------------------------------------------
---------------------------------------------------------------------------------
Finished IO Insertion : Time (s): cpu = 00:00:28 ; elapsed = 00:01:10 . Memory (MB): peak = 1687.496 ; gain = 461.555 ; free physical = 8098 ; free virtual = 12962
---------------------------------------------------------------------------------

Report Check Netlist: 
+------+------------------+-------+---------+-------+------------------+
|      |Item              |Errors |Warnings |Status |Description       |
+------+------------------+-------+---------+-------+------------------+
|1     |multi_driven_nets |      0|        0|Passed |Multi driven nets |
+------+------------------+-------+---------+-------+------------------+
---------------------------------------------------------------------------------
Start Renaming Generated Instances
---------------------------------------------------------------------------------
---------------------------------------------------------------------------------
Finished Renaming Generated Instances : Time (s): cpu = 00:00:28 ; elapsed = 00:01:10 . Memory (MB): peak = 1687.496 ; gain = 461.555 ; free physical = 8098 ; free virtual = 12962
---------------------------------------------------------------------------------

Report RTL Partitions: 
+-+--------------+------------+----------+
| |RTL Partition |Replication |Instances |
+-+--------------+------------+----------+
+-+--------------+------------+----------+
---------------------------------------------------------------------------------
Start Rebuilding User Hierarchy
---------------------------------------------------------------------------------
---------------------------------------------------------------------------------
Finished Rebuilding User Hierarchy : Time (s): cpu = 00:00:28 ; elapsed = 00:01:10 . Memory (MB): peak = 1687.496 ; gain = 461.555 ; free physical = 8097 ; free virtual = 12961
---------------------------------------------------------------------------------
---------------------------------------------------------------------------------
Start Renaming Generated Ports
---------------------------------------------------------------------------------
---------------------------------------------------------------------------------
Finished Renaming Generated Ports : Time (s): cpu = 00:00:28 ; elapsed = 00:01:10 . Memory (MB): peak = 1687.496 ; gain = 461.555 ; free physical = 8097 ; free virtual = 12961
---------------------------------------------------------------------------------
---------------------------------------------------------------------------------
Start Handling Custom Attributes
---------------------------------------------------------------------------------
---------------------------------------------------------------------------------
Finished Handling Custom Attributes : Time (s): cpu = 00:00:28 ; elapsed = 00:01:10 . Memory (MB): peak = 1687.496 ; gain = 461.555 ; free physical = 8097 ; free virtual = 12961
---------------------------------------------------------------------------------
---------------------------------------------------------------------------------
Start Renaming Generated Nets
---------------------------------------------------------------------------------
---------------------------------------------------------------------------------
Finished Renaming Generated Nets : Time (s): cpu = 00:00:28 ; elapsed = 00:01:10 . Memory (MB): peak = 1687.496 ; gain = 461.555 ; free physical = 8097 ; free virtual = 12961
---------------------------------------------------------------------------------
---------------------------------------------------------------------------------
Start Writing Synthesis Report
---------------------------------------------------------------------------------

Report BlackBoxes: 
+-+--------------+----------+
| |BlackBox name |Instances |
+-+--------------+----------+
+-+--------------+----------+

Report Cell Usage: 
+------+-----+------+
|      |Cell |Count |
+------+-----+------+
|1     |LUT1 |     1|
|2     |LUT2 |     1|
|3     |LUT3 |     3|
|4     |LUT4 |    20|
|5     |LUT5 |     2|
|6     |LUT6 |    33|
|7     |FDRE |   167|
|8     |FDSE |     2|
+------+-----+------+

Report Instance Areas: 
+------+-----------------------------------+--------------------------+------+
|      |Instance                           |Module                    |Cells |
+------+-----------------------------------+--------------------------+------+
|1     |top                                |                          |   229|
|2     |  U0                               |axi_to_audio_v1_0         |   229|
|3     |    axi_to_audio_v1_0_S00_AXI_inst |axi_to_audio_v1_0_S00_AXI |   229|
+------+-----------------------------------+--------------------------+------+
---------------------------------------------------------------------------------
Finished Writing Synthesis Report : Time (s): cpu = 00:00:28 ; elapsed = 00:01:10 . Memory (MB): peak = 1687.496 ; gain = 461.555 ; free physical = 8097 ; free virtual = 12961
---------------------------------------------------------------------------------
Synthesis finished with 0 errors, 0 critical warnings and 30 warnings.
Synthesis Optimization Runtime : Time (s): cpu = 00:00:20 ; elapsed = 00:00:32 . Memory (MB): peak = 1687.496 ; gain = 123.539 ; free physical = 8151 ; free virtual = 13016
Synthesis Optimization Complete : Time (s): cpu = 00:00:28 ; elapsed = 00:01:10 . Memory (MB): peak = 1687.496 ; gain = 461.555 ; free physical = 8160 ; free virtual = 13024
INFO: [Project 1-571] Translating synthesized netlist
INFO: [Project 1-570] Preparing netlist for logic optimization
INFO: [Opt 31-138] Pushed 0 inverter(s) to 0 load pin(s).
INFO: [Project 1-111] Unisim Transformation Summary:
No Unisim elements were transformed.

INFO: [Common 17-83] Releasing license: Synthesis
31 Infos, 63 Warnings, 0 Critical Warnings and 0 Errors encountered.
synth_design completed successfully
synth_design: Time (s): cpu = 00:00:29 ; elapsed = 00:01:11 . Memory (MB): peak = 1687.496 ; gain = 487.375 ; free physical = 8122 ; free virtual = 12986
INFO: [Common 17-1381] The checkpoint '/home/martin.perman/workspace/audio-mixer-project/vivado/audio-mixer-project.runs/audio_mixer_project_axi_to_audio_0_0_synth_1/audio_mixer_project_axi_to_audio_0_0.dcp' has been generated.
