#-----------------------------------------------------------
# Vivado v2017.3 (64-bit)
# SW Build 2018833 on Wed Oct  4 19:58:07 MDT 2017
# IP Build 2016188 on Wed Oct  4 21:52:56 MDT 2017
# Start of session at: Tue Apr 24 18:08:57 2018
# Process ID: 2994
# Current directory: /home/martin.perman/workspace/audio-mixer-project/vivado
# Command line: vivado
# Log file: /home/martin.perman/workspace/audio-mixer-project/vivado/vivado.log
# Journal file: /home/martin.perman/workspace/audio-mixer-project/vivado/vivado.jou
#-----------------------------------------------------------
start_gui
open_project /home/martin.perman/workspace/audio-mixer-project/vivado/audio-mixer-project.xpr
INFO: [Project 1-313] Project file moved from '/home/martin.perman/workspace/vivado' since last save.
Scanning sources...
Finished scanning sources
INFO: [IP_Flow 19-234] Refreshing IP repositories
INFO: [IP_Flow 19-1700] Loaded user IP repository '/home/martin.perman/workspace/audio-mixer-project/ip-repo/SoC_Design/HDL/Audio_Mixer'.
INFO: [IP_Flow 19-1700] Loaded user IP repository '/home/martin.perman/workspace/audio-mixer-project/ip-repo/axi_to_audio_1.0'.
INFO: [IP_Flow 19-1700] Loaded user IP repository '/home/martin.perman/workspace/audio-mixer-project/ip-repo/zedboard_audio'.
INFO: [IP_Flow 19-1700] Loaded user IP repository '/home/martin.perman/workspace/audio-mixer-project/ip-repo/ip_repo_vivado/FILTER_IIR_1.0'.
INFO: [IP_Flow 19-1700] Loaded user IP repository '/home/martin.perman/workspace/audio-mixer-project/ip-repo/Volume_Pregain'.
INFO: [IP_Flow 19-1700] Loaded user IP repository '/home/martin.perman/workspace/audio-mixer-project/ip-repo/SoC_Design/IPs/OLED/ZedBoard_OLED_1.0'.
INFO: [IP_Flow 19-2313] Loaded Vivado IP repository '/cad/x_17/Vivado/2017.3/data/ip'.
open_project: Time (s): cpu = 00:00:08 ; elapsed = 00:00:06 . Memory (MB): peak = 6084.484 ; gain = 39.090 ; free physical = 11424 ; free virtual = 15498
update_compile_order -fileset sources_1
open_bd_design {/home/martin.perman/workspace/audio-mixer-project/vivado/audio-mixer-project.srcs/sources_1/bd/audio_mixer_project/audio_mixer_project.bd}
Adding cell -- xilinx.com:ip:processing_system7:5.5 - processing_system7_0
Adding cell -- xilinx.com:ip:axi_gpio:2.0 - axi_gpio_0
Adding cell -- xilinx.com:ip:proc_sys_reset:5.0 - rst_ps7_0_100M
Adding cell -- user.org:user:zed_audio:1.0 - zed_audio_0
Adding cell -- xilinx.com:ip:xlconstant:1.1 - xlconstant_0
Adding cell -- tsotnep:userLibrary:FILTER_IIR:1.0 - FILTER_IIR_0
Adding cell -- tsotnep:userLibrary:Volume_Pregain:1.0 - Volume_Pregain_0
Adding cell -- xilinx.com:ip:xlconcat:2.1 - xlconcat_0
Adding cell -- user.org:user:mixer:1.0 - mixer_0
Adding cell -- tamu.edu:user:ZedboardOLED:1.0 - ZedboardOLED_0
Adding cell -- tsotnep:userLibrary:Volume_Pregain:1.0 - Volume_Pregain_1
Adding cell -- tsotnep:userLibrary:FILTER_IIR:1.0 - FILTER_IIR_1
Adding cell -- ttu.ee:user:axi_to_audio:1.0 - axi_to_audio_0
WARNING: [BD 41-1731] Type mismatch between connected pins: /processing_system7_0/FCLK_CLK0(clk) and /zed_audio_0/clk_100(undef)
Adding cell -- xilinx.com:ip:axi_crossbar:2.1 - xbar
Successfully read diagram <audio_mixer_project> from BD file </home/martin.perman/workspace/audio-mixer-project/vivado/audio-mixer-project.srcs/sources_1/bd/audio_mixer_project/audio_mixer_project.bd>
open_bd_design: Time (s): cpu = 00:00:08 ; elapsed = 00:00:07 . Memory (MB): peak = 6208.902 ; gain = 90.781 ; free physical = 11132 ; free virtual = 15241
regenerate_bd_layout
startgroup
make_bd_pins_external  [get_bd_pins ZedboardOLED_0/VDD] [get_bd_pins ZedboardOLED_0/RES] [get_bd_pins ZedboardOLED_0/VBAT] [get_bd_pins ZedboardOLED_0/DC] [get_bd_pins ZedboardOLED_0/SCLK] [get_bd_pins ZedboardOLED_0/SDIN]
endgroup
make_wrapper -files [get_files /home/martin.perman/workspace/audio-mixer-project/vivado/audio-mixer-project.srcs/sources_1/bd/audio_mixer_project/audio_mixer_project.bd] -top
CRITICAL WARNING: [PSU-1]  Parameter : PCW_UIPARAM_DDR_DQS_TO_CLK_DELAY_2 has negative value -0.009 . PS DDR interfaces might fail when entering negative DQS skew values. 
CRITICAL WARNING: [PSU-2]  Parameter : PCW_UIPARAM_DDR_DQS_TO_CLK_DELAY_3 has negative value -0.061 . PS DDR interfaces might fail when entering negative DQS skew values. 
CRITICAL WARNING: [PSU-1]  Parameter : PCW_UIPARAM_DDR_DQS_TO_CLK_DELAY_2 has negative value -0.009 . PS DDR interfaces might fail when entering negative DQS skew values. 
CRITICAL WARNING: [PSU-2]  Parameter : PCW_UIPARAM_DDR_DQS_TO_CLK_DELAY_3 has negative value -0.061 . PS DDR interfaces might fail when entering negative DQS skew values. 
INFO: [Ipptcl 7-1463] No Compatible Board Interface found. Board Tab not created in customize GUI
Wrote  : </home/martin.perman/workspace/audio-mixer-project/vivado/audio-mixer-project.srcs/sources_1/bd/audio_mixer_project/audio_mixer_project.bd> 
VHDL Output written to : /home/martin.perman/workspace/audio-mixer-project/vivado/audio-mixer-project.srcs/sources_1/bd/audio_mixer_project/synth/audio_mixer_project.vhd
VHDL Output written to : /home/martin.perman/workspace/audio-mixer-project/vivado/audio-mixer-project.srcs/sources_1/bd/audio_mixer_project/sim/audio_mixer_project.vhd
VHDL Output written to : /home/martin.perman/workspace/audio-mixer-project/vivado/audio-mixer-project.srcs/sources_1/bd/audio_mixer_project/hdl/audio_mixer_project_wrapper.vhd
make_wrapper: Time (s): cpu = 00:00:05 ; elapsed = 00:00:06 . Memory (MB): peak = 6367.727 ; gain = 128.727 ; free physical = 10126 ; free virtual = 14816
add_files -norecurse /home/martin.perman/workspace/audio-mixer-project/vivado/audio-mixer-project.srcs/sources_1/bd/audio_mixer_project/hdl/audio_mixer_project_wrapper.vhd
save_bd_design
Wrote  : </home/martin.perman/workspace/audio-mixer-project/vivado/audio-mixer-project.srcs/sources_1/bd/audio_mixer_project/ui/bd_fb16669a.ui> 
exit
INFO: [Common 17-206] Exiting Vivado at Tue Apr 24 18:26:47 2018...
