#-----------------------------------------------------------
# Vivado v2017.3 (64-bit)
# SW Build 2018833 on Wed Oct  4 19:58:07 MDT 2017
# IP Build 2016188 on Wed Oct  4 21:52:56 MDT 2017
# Start of session at: Tue May  8 11:29:46 2018
# Process ID: 3146
# Current directory: /home/martin.perman/workspace/audio-mixer-project/vivado
# Command line: vivado
# Log file: /home/martin.perman/workspace/audio-mixer-project/vivado/vivado.log
# Journal file: /home/martin.perman/workspace/audio-mixer-project/vivado/vivado.jou
#-----------------------------------------------------------
start_gui
open_project /home/martin.perman/workspace/audio-mixer-project/vivado/audio-mixer-project.xpr
Scanning sources...
Finished scanning sources
INFO: [IP_Flow 19-234] Refreshing IP repositories
INFO: [IP_Flow 19-1700] Loaded user IP repository '/home/martin.perman/workspace/audio-mixer-project/ip-repo/SoC_Design/HDL/Audio_Mixer'.
INFO: [IP_Flow 19-1700] Loaded user IP repository '/home/martin.perman/workspace/audio-mixer-project/ip-repo/axi_to_audio_1.0'.
INFO: [IP_Flow 19-1700] Loaded user IP repository '/home/martin.perman/workspace/audio-mixer-project/ip-repo/zedboard_audio'.
INFO: [IP_Flow 19-1700] Loaded user IP repository '/home/martin.perman/workspace/audio-mixer-project/ip-repo/ip_repo_vivado/FILTER_IIR_1.0'.
INFO: [IP_Flow 19-1700] Loaded user IP repository '/home/martin.perman/workspace/audio-mixer-project/ip-repo/Volume_Pregain'.
INFO: [IP_Flow 19-1700] Loaded user IP repository '/home/martin.perman/workspace/audio-mixer-project/ip-repo/SoC_Design/IPs/OLED/ZedBoard_OLED_1.0'.
INFO: [IP_Flow 19-2313] Loaded Vivado IP repository '/cad/x_17/Vivado/2017.3/data/ip'.
WARNING: [IP_Flow 19-3664] IP 'audio_mixer_project_auto_pc_0' generated file not found '/home/martin.perman/workspace/audio-mixer-project/vivado/audio-mixer-project.srcs/sources_1/bd/audio_mixer_project/ip/audio_mixer_project_auto_pc_0/stats.txt'. Please regenerate to continue.
open_project: Time (s): cpu = 00:00:14 ; elapsed = 00:00:09 . Memory (MB): peak = 6143.746 ; gain = 98.527 ; free physical = 11021 ; free virtual = 15268
update_compile_order -fileset sources_1
reset_run synth_1
launch_runs impl_1 -to_step write_bitstream -jobs 4
[Tue May  8 11:30:55 2018] Launched synth_1...
Run output will be captured here: /home/martin.perman/workspace/audio-mixer-project/vivado/audio-mixer-project.runs/synth_1/runme.log
[Tue May  8 11:30:55 2018] Launched impl_1...
Run output will be captured here: /home/martin.perman/workspace/audio-mixer-project/vivado/audio-mixer-project.runs/impl_1/runme.log
file copy -force /home/martin.perman/workspace/audio-mixer-project/vivado/audio-mixer-project.runs/impl_1/audio_mixer_project_wrapper.sysdef /home/martin.perman/workspace/audio-mixer-project/vivado/audio-mixer-project.sdk/audio_mixer_project_wrapper.hdf

launch_sdk -workspace /home/martin.perman/workspace/audio-mixer-project/vivado/audio-mixer-project.sdk -hwspec /home/martin.perman/workspace/audio-mixer-project/vivado/audio-mixer-project.sdk/audio_mixer_project_wrapper.hdf
INFO: [Vivado 12-393] Launching SDK...
INFO: [Vivado 12-417] Running xsdk -workspace /home/martin.perman/workspace/audio-mixer-project/vivado/audio-mixer-project.sdk -hwspec /home/martin.perman/workspace/audio-mixer-project/vivado/audio-mixer-project.sdk/audio_mixer_project_wrapper.hdf
INFO: [Vivado 12-3157] SDK launch initiated. Please check console for any further messages.
exit
INFO: [Common 17-206] Exiting Vivado at Tue May  8 11:58:52 2018...
