#-----------------------------------------------------------
# Vivado v2017.3 (64-bit)
# SW Build 2018833 on Wed Oct  4 19:58:07 MDT 2017
# IP Build 2016188 on Wed Oct  4 21:52:56 MDT 2017
# Start of session at: Tue Apr 24 18:27:54 2018
# Process ID: 3758
# Current directory: /home/martin.perman/workspace/audio-mixer-project/vivado
# Command line: vivado
# Log file: /home/martin.perman/workspace/audio-mixer-project/vivado/vivado.log
# Journal file: /home/martin.perman/workspace/audio-mixer-project/vivado/vivado.jou
#-----------------------------------------------------------
start_gui
open_project /home/martin.perman/workspace/audio-mixer-project/vivado/audio-mixer-project.xpr
Scanning sources...
Finished scanning sources
INFO: [IP_Flow 19-234] Refreshing IP repositories
INFO: [IP_Flow 19-1700] Loaded user IP repository '/home/martin.perman/workspace/audio-mixer-project/ip-repo/SoC_Design/HDL/Audio_Mixer'.
INFO: [IP_Flow 19-1700] Loaded user IP repository '/home/martin.perman/workspace/audio-mixer-project/ip-repo/axi_to_audio_1.0'.
INFO: [IP_Flow 19-1700] Loaded user IP repository '/home/martin.perman/workspace/audio-mixer-project/ip-repo/zedboard_audio'.
INFO: [IP_Flow 19-1700] Loaded user IP repository '/home/martin.perman/workspace/audio-mixer-project/ip-repo/ip_repo_vivado/FILTER_IIR_1.0'.
INFO: [IP_Flow 19-1700] Loaded user IP repository '/home/martin.perman/workspace/audio-mixer-project/ip-repo/Volume_Pregain'.
INFO: [IP_Flow 19-1700] Loaded user IP repository '/home/martin.perman/workspace/audio-mixer-project/ip-repo/SoC_Design/IPs/OLED/ZedBoard_OLED_1.0'.
INFO: [IP_Flow 19-2313] Loaded Vivado IP repository '/cad/x_17/Vivado/2017.3/data/ip'.
open_project: Time (s): cpu = 00:00:08 ; elapsed = 00:00:05 . Memory (MB): peak = 6094.453 ; gain = 54.891 ; free physical = 10307 ; free virtual = 15015
update_compile_order -fileset sources_1
open_bd_design {/home/martin.perman/workspace/audio-mixer-project/vivado/audio-mixer-project.srcs/sources_1/bd/audio_mixer_project/audio_mixer_project.bd}
Adding cell -- xilinx.com:ip:processing_system7:5.5 - processing_system7_0
Adding cell -- xilinx.com:ip:axi_gpio:2.0 - axi_gpio_0
Adding cell -- xilinx.com:ip:proc_sys_reset:5.0 - rst_ps7_0_100M
Adding cell -- user.org:user:zed_audio:1.0 - zed_audio_0
Adding cell -- xilinx.com:ip:xlconstant:1.1 - xlconstant_0
Adding cell -- tsotnep:userLibrary:FILTER_IIR:1.0 - FILTER_IIR_0
Adding cell -- tsotnep:userLibrary:Volume_Pregain:1.0 - Volume_Pregain_0
Adding cell -- xilinx.com:ip:xlconcat:2.1 - xlconcat_0
Adding cell -- user.org:user:mixer:1.0 - mixer_0
Adding cell -- tamu.edu:user:ZedboardOLED:1.0 - ZedboardOLED_0
Adding cell -- tsotnep:userLibrary:Volume_Pregain:1.0 - Volume_Pregain_1
Adding cell -- tsotnep:userLibrary:FILTER_IIR:1.0 - FILTER_IIR_1
Adding cell -- ttu.ee:user:axi_to_audio:1.0 - axi_to_audio_0
WARNING: [BD 41-1731] Type mismatch between connected pins: /processing_system7_0/FCLK_CLK0(clk) and /zed_audio_0/clk_100(undef)
Adding cell -- xilinx.com:ip:axi_crossbar:2.1 - xbar
Adding cell -- xilinx.com:ip:axi_protocol_converter:2.1 - auto_pc
Successfully read diagram <audio_mixer_project> from BD file </home/martin.perman/workspace/audio-mixer-project/vivado/audio-mixer-project.srcs/sources_1/bd/audio_mixer_project/audio_mixer_project.bd>
open_bd_design: Time (s): cpu = 00:00:06 ; elapsed = 00:00:06 . Memory (MB): peak = 6201.367 ; gain = 78.918 ; free physical = 10233 ; free virtual = 14940
launch_runs impl_1 -to_step write_bitstream -jobs 4
INFO: [BD 41-1662] The design 'audio_mixer_project.bd' is already validated. Therefore parameter propagation will not be re-run.
VHDL Output written to : /home/martin.perman/workspace/audio-mixer-project/vivado/audio-mixer-project.srcs/sources_1/bd/audio_mixer_project/synth/audio_mixer_project.vhd
VHDL Output written to : /home/martin.perman/workspace/audio-mixer-project/vivado/audio-mixer-project.srcs/sources_1/bd/audio_mixer_project/sim/audio_mixer_project.vhd
VHDL Output written to : /home/martin.perman/workspace/audio-mixer-project/vivado/audio-mixer-project.srcs/sources_1/bd/audio_mixer_project/hdl/audio_mixer_project_wrapper.vhd
WARNING: [IP_Flow 19-5160] IP 'audio_mixer_project_processing_system7_0_0' detected simulation language mismatch. Simulation type 'rtl' does not support 'VHDL' outputs (see project's "simulator_language" property), delivering 'Any Language' outputs instead.
WARNING: [IP_Flow 19-5160] IP 'audio_mixer_project_processing_system7_0_0' detected simulation language mismatch. Simulation type 'tlm_dpi' does not support 'VHDL' outputs (see project's "simulator_language" property), delivering 'Any Language' outputs instead.
INFO: [BD 41-1029] Generation completed for the IP Integrator block processing_system7_0 .
INFO: [BD 41-1029] Generation completed for the IP Integrator block axi_gpio_0 .
INFO: [BD 41-1029] Generation completed for the IP Integrator block rst_ps7_0_100M .
INFO: [BD 41-1029] Generation completed for the IP Integrator block zed_audio_0 .
INFO: [BD 41-1029] Generation completed for the IP Integrator block xlconstant_0 .
INFO: [BD 41-1029] Generation completed for the IP Integrator block FILTER_IIR_0 .
INFO: [BD 41-1029] Generation completed for the IP Integrator block Volume_Pregain_0 .
INFO: [BD 41-1029] Generation completed for the IP Integrator block xlconcat_0 .
INFO: [BD 41-1029] Generation completed for the IP Integrator block mixer_0 .
INFO: [BD 41-1029] Generation completed for the IP Integrator block ps7_0_axi_periph/xbar .
INFO: [Device 21-403] Loading part xc7z020clg484-1
INFO: [IP_Flow 19-1972] Upgraded charLib from Block Memory Generator 8.2 to Block Memory Generator 8.4
INFO: [BD 41-1029] Generation completed for the IP Integrator block ZedboardOLED_0 .
INFO: [BD 41-1029] Generation completed for the IP Integrator block Volume_Pregain_1 .
INFO: [BD 41-1029] Generation completed for the IP Integrator block FILTER_IIR_1 .
INFO: [BD 41-1029] Generation completed for the IP Integrator block axi_to_audio_0 .
WARNING: [IP_Flow 19-4994] Overwriting existing constraint file '/home/martin.perman/workspace/audio-mixer-project/vivado/audio-mixer-project.srcs/sources_1/bd/audio_mixer_project/ip/audio_mixer_project_auto_pc_0/audio_mixer_project_auto_pc_0_ooc.xdc'
INFO: [BD 41-1029] Generation completed for the IP Integrator block ps7_0_axi_periph/s00_couplers/auto_pc .
Exporting to file /home/martin.perman/workspace/audio-mixer-project/vivado/audio-mixer-project.srcs/sources_1/bd/audio_mixer_project/hw_handoff/audio_mixer_project.hwh
Generated Block Design Tcl file /home/martin.perman/workspace/audio-mixer-project/vivado/audio-mixer-project.srcs/sources_1/bd/audio_mixer_project/hw_handoff/audio_mixer_project_bd.tcl
Generated Hardware Definition File /home/martin.perman/workspace/audio-mixer-project/vivado/audio-mixer-project.srcs/sources_1/bd/audio_mixer_project/synth/audio_mixer_project.hwdef
[Tue Apr 24 18:30:25 2018] Launched audio_mixer_project_mixer_0_0_synth_1, audio_mixer_project_xlconcat_0_0_synth_1, audio_mixer_project_Volume_Pregain_0_0_synth_1, audio_mixer_project_rst_ps7_0_100M_0_synth_1, audio_mixer_project_zed_audio_0_0_synth_1, audio_mixer_project_xlconstant_0_0_synth_1, audio_mixer_project_FILTER_IIR_0_0_synth_1, audio_mixer_project_axi_gpio_0_0_synth_1, audio_mixer_project_processing_system7_0_0_synth_1, audio_mixer_project_xbar_0_synth_1, audio_mixer_project_ZedboardOLED_0_0_synth_1, audio_mixer_project_Volume_Pregain_1_0_synth_1, audio_mixer_project_FILTER_IIR_1_0_synth_1, audio_mixer_project_axi_to_audio_0_0_synth_1, audio_mixer_project_auto_pc_0_synth_1, synth_1...
Run output will be captured here:
audio_mixer_project_mixer_0_0_synth_1: /home/martin.perman/workspace/audio-mixer-project/vivado/audio-mixer-project.runs/audio_mixer_project_mixer_0_0_synth_1/runme.log
audio_mixer_project_xlconcat_0_0_synth_1: /home/martin.perman/workspace/audio-mixer-project/vivado/audio-mixer-project.runs/audio_mixer_project_xlconcat_0_0_synth_1/runme.log
audio_mixer_project_Volume_Pregain_0_0_synth_1: /home/martin.perman/workspace/audio-mixer-project/vivado/audio-mixer-project.runs/audio_mixer_project_Volume_Pregain_0_0_synth_1/runme.log
audio_mixer_project_rst_ps7_0_100M_0_synth_1: /home/martin.perman/workspace/audio-mixer-project/vivado/audio-mixer-project.runs/audio_mixer_project_rst_ps7_0_100M_0_synth_1/runme.log
audio_mixer_project_zed_audio_0_0_synth_1: /home/martin.perman/workspace/audio-mixer-project/vivado/audio-mixer-project.runs/audio_mixer_project_zed_audio_0_0_synth_1/runme.log
audio_mixer_project_xlconstant_0_0_synth_1: /home/martin.perman/workspace/audio-mixer-project/vivado/audio-mixer-project.runs/audio_mixer_project_xlconstant_0_0_synth_1/runme.log
audio_mixer_project_FILTER_IIR_0_0_synth_1: /home/martin.perman/workspace/audio-mixer-project/vivado/audio-mixer-project.runs/audio_mixer_project_FILTER_IIR_0_0_synth_1/runme.log
audio_mixer_project_axi_gpio_0_0_synth_1: /home/martin.perman/workspace/audio-mixer-project/vivado/audio-mixer-project.runs/audio_mixer_project_axi_gpio_0_0_synth_1/runme.log
audio_mixer_project_processing_system7_0_0_synth_1: /home/martin.perman/workspace/audio-mixer-project/vivado/audio-mixer-project.runs/audio_mixer_project_processing_system7_0_0_synth_1/runme.log
audio_mixer_project_xbar_0_synth_1: /home/martin.perman/workspace/audio-mixer-project/vivado/audio-mixer-project.runs/audio_mixer_project_xbar_0_synth_1/runme.log
audio_mixer_project_ZedboardOLED_0_0_synth_1: /home/martin.perman/workspace/audio-mixer-project/vivado/audio-mixer-project.runs/audio_mixer_project_ZedboardOLED_0_0_synth_1/runme.log
audio_mixer_project_Volume_Pregain_1_0_synth_1: /home/martin.perman/workspace/audio-mixer-project/vivado/audio-mixer-project.runs/audio_mixer_project_Volume_Pregain_1_0_synth_1/runme.log
audio_mixer_project_FILTER_IIR_1_0_synth_1: /home/martin.perman/workspace/audio-mixer-project/vivado/audio-mixer-project.runs/audio_mixer_project_FILTER_IIR_1_0_synth_1/runme.log
audio_mixer_project_axi_to_audio_0_0_synth_1: /home/martin.perman/workspace/audio-mixer-project/vivado/audio-mixer-project.runs/audio_mixer_project_axi_to_audio_0_0_synth_1/runme.log
audio_mixer_project_auto_pc_0_synth_1: /home/martin.perman/workspace/audio-mixer-project/vivado/audio-mixer-project.runs/audio_mixer_project_auto_pc_0_synth_1/runme.log
synth_1: /home/martin.perman/workspace/audio-mixer-project/vivado/audio-mixer-project.runs/synth_1/runme.log
[Tue Apr 24 18:30:32 2018] Launched impl_1...
Run output will be captured here: /home/martin.perman/workspace/audio-mixer-project/vivado/audio-mixer-project.runs/impl_1/runme.log
launch_runs: Time (s): cpu = 00:00:36 ; elapsed = 00:00:58 . Memory (MB): peak = 6525.133 ; gain = 306.695 ; free physical = 9656 ; free virtual = 14464
regenerate_bd_layout
regenerate_bd_layout
set_property name SDIN [get_bd_ports SDIN_0]
set_property name DC [get_bd_ports DC_0]
set_property name RES [get_bd_ports RES_0]
set_property name VBAT [get_bd_ports VBAT_0]
set_property name VDD [get_bd_ports VDD_0]
set_property name SCLK [get_bd_ports SCLK_0]
regenerate_bd_layout
save_bd_design
Wrote  : </home/martin.perman/workspace/audio-mixer-project/vivado/audio-mixer-project.srcs/sources_1/bd/audio_mixer_project/audio_mixer_project.bd> 
Wrote  : </home/martin.perman/workspace/audio-mixer-project/vivado/audio-mixer-project.srcs/sources_1/bd/audio_mixer_project/ui/bd_fb16669a.ui> 
reset_run synth_1
launch_runs impl_1 -to_step write_bitstream -jobs 2
CRITICAL WARNING: [PSU-1]  Parameter : PCW_UIPARAM_DDR_DQS_TO_CLK_DELAY_2 has negative value -0.009 . PS DDR interfaces might fail when entering negative DQS skew values. 
CRITICAL WARNING: [PSU-2]  Parameter : PCW_UIPARAM_DDR_DQS_TO_CLK_DELAY_3 has negative value -0.061 . PS DDR interfaces might fail when entering negative DQS skew values. 
CRITICAL WARNING: [PSU-1]  Parameter : PCW_UIPARAM_DDR_DQS_TO_CLK_DELAY_2 has negative value -0.009 . PS DDR interfaces might fail when entering negative DQS skew values. 
CRITICAL WARNING: [PSU-2]  Parameter : PCW_UIPARAM_DDR_DQS_TO_CLK_DELAY_3 has negative value -0.061 . PS DDR interfaces might fail when entering negative DQS skew values. 
Wrote  : </home/martin.perman/workspace/audio-mixer-project/vivado/audio-mixer-project.srcs/sources_1/bd/audio_mixer_project/audio_mixer_project.bd> 
VHDL Output written to : /home/martin.perman/workspace/audio-mixer-project/vivado/audio-mixer-project.srcs/sources_1/bd/audio_mixer_project/synth/audio_mixer_project.vhd
VHDL Output written to : /home/martin.perman/workspace/audio-mixer-project/vivado/audio-mixer-project.srcs/sources_1/bd/audio_mixer_project/sim/audio_mixer_project.vhd
VHDL Output written to : /home/martin.perman/workspace/audio-mixer-project/vivado/audio-mixer-project.srcs/sources_1/bd/audio_mixer_project/hdl/audio_mixer_project_wrapper.vhd
WARNING: [IP_Flow 19-5160] IP 'audio_mixer_project_processing_system7_0_0' detected simulation language mismatch. Simulation type 'rtl' does not support 'VHDL' outputs (see project's "simulator_language" property), delivering 'Any Language' outputs instead.
WARNING: [IP_Flow 19-5160] IP 'audio_mixer_project_processing_system7_0_0' detected simulation language mismatch. Simulation type 'tlm_dpi' does not support 'VHDL' outputs (see project's "simulator_language" property), delivering 'Any Language' outputs instead.
INFO: [BD 41-1029] Generation completed for the IP Integrator block processing_system7_0 .
INFO: [BD 41-1029] Generation completed for the IP Integrator block axi_gpio_0 .
WARNING: [IP_Flow 19-3452] Invalid long/float value '1e+08' specified for parameter 'FREQ_HZ(clock)' for audio_mixer_project_rst_ps7_0_100M_0.
INFO: [BD 41-1029] Generation completed for the IP Integrator block rst_ps7_0_100M .
INFO: [BD 41-1029] Generation completed for the IP Integrator block zed_audio_0 .
INFO: [BD 41-1029] Generation completed for the IP Integrator block xlconstant_0 .
INFO: [BD 41-1029] Generation completed for the IP Integrator block FILTER_IIR_0 .
INFO: [BD 41-1029] Generation completed for the IP Integrator block Volume_Pregain_0 .
INFO: [BD 41-1029] Generation completed for the IP Integrator block xlconcat_0 .
INFO: [BD 41-1029] Generation completed for the IP Integrator block mixer_0 .
WARNING: [IP_Flow 19-3452] Invalid long/float value '1e+08' specified for parameter 'FREQ_HZ(CLKIF)' for audio_mixer_project_xbar_0.
INFO: [BD 41-1029] Generation completed for the IP Integrator block ps7_0_axi_periph/xbar .
INFO: [BD 41-1029] Generation completed for the IP Integrator block ZedboardOLED_0 .
INFO: [BD 41-1029] Generation completed for the IP Integrator block Volume_Pregain_1 .
INFO: [BD 41-1029] Generation completed for the IP Integrator block FILTER_IIR_1 .
INFO: [BD 41-1029] Generation completed for the IP Integrator block axi_to_audio_0 .
WARNING: [IP_Flow 19-3452] Invalid long/float value '1e+08' specified for parameter 'FREQ_HZ(CLK)' for audio_mixer_project_auto_pc_0.
INFO: [BD 41-1029] Generation completed for the IP Integrator block ps7_0_axi_periph/s00_couplers/auto_pc .
Exporting to file /home/martin.perman/workspace/audio-mixer-project/vivado/audio-mixer-project.srcs/sources_1/bd/audio_mixer_project/hw_handoff/audio_mixer_project.hwh
Generated Block Design Tcl file /home/martin.perman/workspace/audio-mixer-project/vivado/audio-mixer-project.srcs/sources_1/bd/audio_mixer_project/hw_handoff/audio_mixer_project_bd.tcl
Generated Hardware Definition File /home/martin.perman/workspace/audio-mixer-project/vivado/audio-mixer-project.srcs/sources_1/bd/audio_mixer_project/synth/audio_mixer_project.hwdef
[Tue Apr 24 18:48:47 2018] Launched audio_mixer_project_rst_ps7_0_100M_0_synth_1, audio_mixer_project_processing_system7_0_0_synth_1, audio_mixer_project_xbar_0_synth_1, audio_mixer_project_auto_pc_0_synth_1, synth_1...
Run output will be captured here:
audio_mixer_project_rst_ps7_0_100M_0_synth_1: /home/martin.perman/workspace/audio-mixer-project/vivado/audio-mixer-project.runs/audio_mixer_project_rst_ps7_0_100M_0_synth_1/runme.log
audio_mixer_project_processing_system7_0_0_synth_1: /home/martin.perman/workspace/audio-mixer-project/vivado/audio-mixer-project.runs/audio_mixer_project_processing_system7_0_0_synth_1/runme.log
audio_mixer_project_xbar_0_synth_1: /home/martin.perman/workspace/audio-mixer-project/vivado/audio-mixer-project.runs/audio_mixer_project_xbar_0_synth_1/runme.log
audio_mixer_project_auto_pc_0_synth_1: /home/martin.perman/workspace/audio-mixer-project/vivado/audio-mixer-project.runs/audio_mixer_project_auto_pc_0_synth_1/runme.log
synth_1: /home/martin.perman/workspace/audio-mixer-project/vivado/audio-mixer-project.runs/synth_1/runme.log
[Tue Apr 24 18:48:47 2018] Launched impl_1...
Run output will be captured here: /home/martin.perman/workspace/audio-mixer-project/vivado/audio-mixer-project.runs/impl_1/runme.log
launch_runs: Time (s): cpu = 00:00:18 ; elapsed = 00:00:19 . Memory (MB): peak = 6706.414 ; gain = 0.000 ; free physical = 9265 ; free virtual = 14149
delete_bd_objs [get_bd_nets Volume_Pregain_1_OUT_VOLCTRL_L] [get_bd_nets Volume_Pregain_1_OUT_VOLCTRL_R] [get_bd_nets axi_to_audio_0_audio_out] [get_bd_intf_nets ps7_0_axi_periph_M04_AXI] [get_bd_cells Volume_Pregain_1]
startgroup
create_bd_cell -type ip -vlnv tsotnep:userLibrary:Volume_Pregain:1.0 Volume_Pregain_1
endgroup
apply_bd_automation -rule xilinx.com:bd_rule:axi4 -config {Master "/processing_system7_0/M_AXI_GP0" intc_ip "/ps7_0_axi_periph" Clk_xbar "Auto" Clk_master "Auto" Clk_slave "Auto" }  [get_bd_intf_pins Volume_Pregain_1/S00_AXI]
</Volume_Pregain_1/S00_AXI/S00_AXI_reg> is being mapped into </processing_system7_0/Data> at <0x43C30000 [ 64K ]>
connect_bd_net [get_bd_pins Volume_Pregain_1/IN_SIG_R] [get_bd_pins axi_to_audio_0/audio_out]
connect_bd_net [get_bd_pins Volume_Pregain_1/IN_SIG_L] [get_bd_pins axi_to_audio_0/audio_out]
delete_bd_objs [get_bd_nets axi_to_audio_0_audio_out]
connect_bd_net [get_bd_pins Volume_Pregain_1/IN_SIG_R] [get_bd_pins axi_to_audio_0/audio_out]
connect_bd_net [get_bd_pins Volume_Pregain_1/IN_SIG_L] [get_bd_pins axi_to_audio_0/audio_out]
connect_bd_net [get_bd_pins Volume_Pregain_1/OUT_RDY] [get_bd_pins xlconcat_0/In3]
connect_bd_net [get_bd_pins FILTER_IIR_1/AUDIO_IN_L] [get_bd_pins Volume_Pregain_1/OUT_VOLCTRL_L]
connect_bd_net [get_bd_pins Volume_Pregain_1/OUT_VOLCTRL_R] [get_bd_pins FILTER_IIR_1/AUDIO_IN_R]
regenerate_bd_layout
save_bd_design
Wrote  : </home/martin.perman/workspace/audio-mixer-project/vivado/audio-mixer-project.srcs/sources_1/bd/audio_mixer_project/audio_mixer_project.bd> 
Wrote  : </home/martin.perman/workspace/audio-mixer-project/vivado/audio-mixer-project.srcs/sources_1/bd/audio_mixer_project/ui/bd_fb16669a.ui> 
reset_run synth_1
launch_runs impl_1 -to_step write_bitstream -jobs 4
Wrote  : </home/martin.perman/workspace/audio-mixer-project/vivado/audio-mixer-project.srcs/sources_1/bd/audio_mixer_project/audio_mixer_project.bd> 
VHDL Output written to : /home/martin.perman/workspace/audio-mixer-project/vivado/audio-mixer-project.srcs/sources_1/bd/audio_mixer_project/synth/audio_mixer_project.vhd
VHDL Output written to : /home/martin.perman/workspace/audio-mixer-project/vivado/audio-mixer-project.srcs/sources_1/bd/audio_mixer_project/sim/audio_mixer_project.vhd
VHDL Output written to : /home/martin.perman/workspace/audio-mixer-project/vivado/audio-mixer-project.srcs/sources_1/bd/audio_mixer_project/hdl/audio_mixer_project_wrapper.vhd
INFO: [BD 41-1029] Generation completed for the IP Integrator block processing_system7_0 .
INFO: [BD 41-1029] Generation completed for the IP Integrator block axi_gpio_0 .
INFO: [BD 41-1029] Generation completed for the IP Integrator block rst_ps7_0_100M .
INFO: [BD 41-1029] Generation completed for the IP Integrator block zed_audio_0 .
INFO: [BD 41-1029] Generation completed for the IP Integrator block xlconstant_0 .
INFO: [BD 41-1029] Generation completed for the IP Integrator block FILTER_IIR_0 .
INFO: [BD 41-1029] Generation completed for the IP Integrator block Volume_Pregain_0 .
INFO: [BD 41-1029] Generation completed for the IP Integrator block xlconcat_0 .
INFO: [BD 41-1029] Generation completed for the IP Integrator block mixer_0 .
INFO: [BD 41-1029] Generation completed for the IP Integrator block ps7_0_axi_periph/xbar .
INFO: [BD 41-1029] Generation completed for the IP Integrator block ZedboardOLED_0 .
INFO: [BD 41-1029] Generation completed for the IP Integrator block FILTER_IIR_1 .
INFO: [BD 41-1029] Generation completed for the IP Integrator block axi_to_audio_0 .
INFO: [BD 41-1029] Generation completed for the IP Integrator block Volume_Pregain_1 .
WARNING: [IP_Flow 19-3452] Invalid long/float value '1e+08' specified for parameter 'FREQ_HZ(CLK)' for audio_mixer_project_auto_pc_0.
INFO: [BD 41-1029] Generation completed for the IP Integrator block ps7_0_axi_periph/s00_couplers/auto_pc .
Exporting to file /home/martin.perman/workspace/audio-mixer-project/vivado/audio-mixer-project.srcs/sources_1/bd/audio_mixer_project/hw_handoff/audio_mixer_project.hwh
Generated Block Design Tcl file /home/martin.perman/workspace/audio-mixer-project/vivado/audio-mixer-project.srcs/sources_1/bd/audio_mixer_project/hw_handoff/audio_mixer_project_bd.tcl
Generated Hardware Definition File /home/martin.perman/workspace/audio-mixer-project/vivado/audio-mixer-project.srcs/sources_1/bd/audio_mixer_project/synth/audio_mixer_project.hwdef
INFO: [IP_Flow 19-4993] Using cached IP synthesis design for IP audio_mixer_project_auto_pc_0, cache-ID = d96ebe782a2ba995; cache size = 16.687 MB.
[Tue Apr 24 19:05:08 2018] Launched audio_mixer_project_Volume_Pregain_1_1_synth_1, synth_1...
Run output will be captured here:
audio_mixer_project_Volume_Pregain_1_1_synth_1: /home/martin.perman/workspace/audio-mixer-project/vivado/audio-mixer-project.runs/audio_mixer_project_Volume_Pregain_1_1_synth_1/runme.log
synth_1: /home/martin.perman/workspace/audio-mixer-project/vivado/audio-mixer-project.runs/synth_1/runme.log
[Tue Apr 24 19:05:08 2018] Launched impl_1...
Run output will be captured here: /home/martin.perman/workspace/audio-mixer-project/vivado/audio-mixer-project.runs/impl_1/runme.log
launch_runs: Time (s): cpu = 00:00:08 ; elapsed = 00:00:09 . Memory (MB): peak = 6823.066 ; gain = 0.984 ; free physical = 9210 ; free virtual = 14102
delete_bd_objs [get_bd_nets axi_to_audio_0_audio_out]
connect_bd_net [get_bd_pins Volume_Pregain_1/IN_SIG_R] [get_bd_pins axi_to_audio_0/audio_out]
startgroup
create_bd_cell -type ip -vlnv xilinx.com:ip:xlconstant:1.1 xlconstant_1
endgroup
connect_bd_net [get_bd_pins xlconstant_1/dout] [get_bd_pins Volume_Pregain_1/IN_SIG_L]
startgroup
set_property -dict [list CONFIG.CONST_WIDTH {23} CONFIG.CONST_VAL {0}] [get_bd_cells xlconstant_1]
endgroup
startgroup
set_property -dict [list CONFIG.CONST_WIDTH {24}] [get_bd_cells xlconstant_1]
endgroup
regenerate_bd_layout
regenerate_bd_layout
save_bd_design
Wrote  : </home/martin.perman/workspace/audio-mixer-project/vivado/audio-mixer-project.srcs/sources_1/bd/audio_mixer_project/audio_mixer_project.bd> 
Wrote  : </home/martin.perman/workspace/audio-mixer-project/vivado/audio-mixer-project.srcs/sources_1/bd/audio_mixer_project/ui/bd_fb16669a.ui> 
reset_run synth_1
launch_runs impl_1 -to_step write_bitstream -jobs 4
Wrote  : </home/martin.perman/workspace/audio-mixer-project/vivado/audio-mixer-project.srcs/sources_1/bd/audio_mixer_project/audio_mixer_project.bd> 
VHDL Output written to : /home/martin.perman/workspace/audio-mixer-project/vivado/audio-mixer-project.srcs/sources_1/bd/audio_mixer_project/synth/audio_mixer_project.vhd
VHDL Output written to : /home/martin.perman/workspace/audio-mixer-project/vivado/audio-mixer-project.srcs/sources_1/bd/audio_mixer_project/sim/audio_mixer_project.vhd
VHDL Output written to : /home/martin.perman/workspace/audio-mixer-project/vivado/audio-mixer-project.srcs/sources_1/bd/audio_mixer_project/hdl/audio_mixer_project_wrapper.vhd
INFO: [BD 41-1029] Generation completed for the IP Integrator block processing_system7_0 .
INFO: [BD 41-1029] Generation completed for the IP Integrator block axi_gpio_0 .
INFO: [BD 41-1029] Generation completed for the IP Integrator block rst_ps7_0_100M .
INFO: [BD 41-1029] Generation completed for the IP Integrator block zed_audio_0 .
INFO: [BD 41-1029] Generation completed for the IP Integrator block xlconstant_0 .
INFO: [BD 41-1029] Generation completed for the IP Integrator block FILTER_IIR_0 .
INFO: [BD 41-1029] Generation completed for the IP Integrator block Volume_Pregain_0 .
INFO: [BD 41-1029] Generation completed for the IP Integrator block xlconcat_0 .
INFO: [BD 41-1029] Generation completed for the IP Integrator block mixer_0 .
INFO: [BD 41-1029] Generation completed for the IP Integrator block ps7_0_axi_periph/xbar .
INFO: [BD 41-1029] Generation completed for the IP Integrator block ZedboardOLED_0 .
INFO: [BD 41-1029] Generation completed for the IP Integrator block FILTER_IIR_1 .
INFO: [BD 41-1029] Generation completed for the IP Integrator block axi_to_audio_0 .
INFO: [BD 41-1029] Generation completed for the IP Integrator block Volume_Pregain_1 .
INFO: [BD 41-1029] Generation completed for the IP Integrator block xlconstant_1 .
WARNING: [IP_Flow 19-3452] Invalid long/float value '1e+08' specified for parameter 'FREQ_HZ(CLK)' for audio_mixer_project_auto_pc_0.
INFO: [BD 41-1029] Generation completed for the IP Integrator block ps7_0_axi_periph/s00_couplers/auto_pc .
Exporting to file /home/martin.perman/workspace/audio-mixer-project/vivado/audio-mixer-project.srcs/sources_1/bd/audio_mixer_project/hw_handoff/audio_mixer_project.hwh
Generated Block Design Tcl file /home/martin.perman/workspace/audio-mixer-project/vivado/audio-mixer-project.srcs/sources_1/bd/audio_mixer_project/hw_handoff/audio_mixer_project_bd.tcl
Generated Hardware Definition File /home/martin.perman/workspace/audio-mixer-project/vivado/audio-mixer-project.srcs/sources_1/bd/audio_mixer_project/synth/audio_mixer_project.hwdef
INFO: [IP_Flow 19-4993] Using cached IP synthesis design for IP audio_mixer_project_auto_pc_0, cache-ID = d96ebe782a2ba995; cache size = 17.515 MB.
[Tue Apr 24 19:12:20 2018] Launched audio_mixer_project_xlconstant_1_0_synth_1, synth_1...
Run output will be captured here:
audio_mixer_project_xlconstant_1_0_synth_1: /home/martin.perman/workspace/audio-mixer-project/vivado/audio-mixer-project.runs/audio_mixer_project_xlconstant_1_0_synth_1/runme.log
synth_1: /home/martin.perman/workspace/audio-mixer-project/vivado/audio-mixer-project.runs/synth_1/runme.log
[Tue Apr 24 19:12:20 2018] Launched impl_1...
Run output will be captured here: /home/martin.perman/workspace/audio-mixer-project/vivado/audio-mixer-project.runs/impl_1/runme.log
launch_runs: Time (s): cpu = 00:00:08 ; elapsed = 00:00:09 . Memory (MB): peak = 6916.707 ; gain = 0.000 ; free physical = 9161 ; free virtual = 14057
ipx::edit_ip_in_project -upgrade true -name axi_to_audio_v1_0_project -directory /home/martin.perman/workspace/audio-mixer-project/vivado/audio-mixer-project.tmp/axi_to_audio_v1_0_project /home/martin.perman/workspace/audio-mixer-project/ip-repo/axi_to_audio_1.0/component.xml
INFO: [IP_Flow 19-234] Refreshing IP repositories
INFO: [IP_Flow 19-1704] No user IP repositories specified
INFO: [IP_Flow 19-2313] Loaded Vivado IP repository '/cad/x_17/Vivado/2017.3/data/ip'.
INFO: [IP_Flow 19-234] Refreshing IP repositories
INFO: [IP_Flow 19-1700] Loaded user IP repository '/home/martin.perman/workspace/audio-mixer-project/ip-repo/SoC_Design/HDL/Audio_Mixer'.
INFO: [IP_Flow 19-1700] Loaded user IP repository '/home/martin.perman/workspace/audio-mixer-project/ip-repo/axi_to_audio_1.0'.
INFO: [IP_Flow 19-1700] Loaded user IP repository '/home/martin.perman/workspace/audio-mixer-project/ip-repo/zedboard_audio'.
INFO: [IP_Flow 19-1700] Loaded user IP repository '/home/martin.perman/workspace/audio-mixer-project/ip-repo/ip_repo_vivado/FILTER_IIR_1.0'.
INFO: [IP_Flow 19-1700] Loaded user IP repository '/home/martin.perman/workspace/audio-mixer-project/ip-repo/Volume_Pregain'.
INFO: [IP_Flow 19-1700] Loaded user IP repository '/home/martin.perman/workspace/audio-mixer-project/ip-repo/SoC_Design/IPs/OLED/ZedBoard_OLED_1.0'.
INFO: [IP_Flow 19-795] Syncing license key meta-data
update_compile_order -fileset sources_1
ipx::merge_project_changes files [ipx::current_core]
ipx::merge_project_changes hdl_parameters [ipx::current_core]
set_property core_revision 4 [ipx::current_core]
ipx::create_xgui_files [ipx::current_core]
ipx::update_checksums [ipx::current_core]
ipx::save_core [ipx::current_core]
close_project -delete
update_ip_catalog -rebuild -repo_path /home/martin.perman/workspace/audio-mixer-project/ip-repo/axi_to_audio_1.0
INFO: [IP_Flow 19-725] Reloaded user IP repository '/home/martin.perman/workspace/audio-mixer-project/ip-repo/axi_to_audio_1.0'
report_ip_status -name ip_status 
upgrade_ip -vlnv ttu.ee:user:axi_to_audio:1.0 [get_ips  audio_mixer_project_axi_to_audio_0_0] -log ip_upgrade.log
Upgrading '/home/martin.perman/workspace/audio-mixer-project/vivado/audio-mixer-project.srcs/sources_1/bd/audio_mixer_project/audio_mixer_project.bd'
INFO: [IP_Flow 19-3422] Upgraded audio_mixer_project_axi_to_audio_0_0 (axi_to_audio_v1.0 1.0) from revision 3 to revision 4
Wrote  : </home/martin.perman/workspace/audio-mixer-project/vivado/audio-mixer-project.srcs/sources_1/bd/audio_mixer_project/audio_mixer_project.bd> 
Wrote  : </home/martin.perman/workspace/audio-mixer-project/vivado/audio-mixer-project.srcs/sources_1/bd/audio_mixer_project/ui/bd_fb16669a.ui> 
INFO: [Coretcl 2-1525] Wrote upgrade log to '/home/martin.perman/workspace/audio-mixer-project/vivado/ip_upgrade.log'.
export_ip_user_files -of_objects [get_ips audio_mixer_project_axi_to_audio_0_0] -no_script -sync -force -quiet
delete_bd_objs [get_bd_nets xlconstant_1_dout] [get_bd_cells xlconstant_1]
connect_bd_net [get_bd_pins Volume_Pregain_1/IN_SIG_L] [get_bd_pins axi_to_audio_0/audio_out]
save_bd_design
Wrote  : </home/martin.perman/workspace/audio-mixer-project/vivado/audio-mixer-project.srcs/sources_1/bd/audio_mixer_project/audio_mixer_project.bd> 
Wrote  : </home/martin.perman/workspace/audio-mixer-project/vivado/audio-mixer-project.srcs/sources_1/bd/audio_mixer_project/ui/bd_fb16669a.ui> 
report_ip_status -name ip_status 
reset_run synth_1
launch_runs impl_1 -to_step write_bitstream -jobs 4
Wrote  : </home/martin.perman/workspace/audio-mixer-project/vivado/audio-mixer-project.srcs/sources_1/bd/audio_mixer_project/audio_mixer_project.bd> 
VHDL Output written to : /home/martin.perman/workspace/audio-mixer-project/vivado/audio-mixer-project.srcs/sources_1/bd/audio_mixer_project/synth/audio_mixer_project.vhd
VHDL Output written to : /home/martin.perman/workspace/audio-mixer-project/vivado/audio-mixer-project.srcs/sources_1/bd/audio_mixer_project/sim/audio_mixer_project.vhd
VHDL Output written to : /home/martin.perman/workspace/audio-mixer-project/vivado/audio-mixer-project.srcs/sources_1/bd/audio_mixer_project/hdl/audio_mixer_project_wrapper.vhd
INFO: [BD 41-1029] Generation completed for the IP Integrator block processing_system7_0 .
INFO: [BD 41-1029] Generation completed for the IP Integrator block axi_gpio_0 .
INFO: [BD 41-1029] Generation completed for the IP Integrator block rst_ps7_0_100M .
INFO: [BD 41-1029] Generation completed for the IP Integrator block zed_audio_0 .
INFO: [BD 41-1029] Generation completed for the IP Integrator block xlconstant_0 .
INFO: [BD 41-1029] Generation completed for the IP Integrator block FILTER_IIR_0 .
INFO: [BD 41-1029] Generation completed for the IP Integrator block Volume_Pregain_0 .
INFO: [BD 41-1029] Generation completed for the IP Integrator block xlconcat_0 .
INFO: [BD 41-1029] Generation completed for the IP Integrator block mixer_0 .
INFO: [BD 41-1029] Generation completed for the IP Integrator block ps7_0_axi_periph/xbar .
INFO: [BD 41-1029] Generation completed for the IP Integrator block ZedboardOLED_0 .
INFO: [BD 41-1029] Generation completed for the IP Integrator block FILTER_IIR_1 .
INFO: [BD 41-1029] Generation completed for the IP Integrator block axi_to_audio_0 .
INFO: [BD 41-1029] Generation completed for the IP Integrator block Volume_Pregain_1 .
WARNING: [IP_Flow 19-3452] Invalid long/float value '1e+08' specified for parameter 'FREQ_HZ(CLK)' for audio_mixer_project_auto_pc_0.
INFO: [BD 41-1029] Generation completed for the IP Integrator block ps7_0_axi_periph/s00_couplers/auto_pc .
Exporting to file /home/martin.perman/workspace/audio-mixer-project/vivado/audio-mixer-project.srcs/sources_1/bd/audio_mixer_project/hw_handoff/audio_mixer_project.hwh
Generated Block Design Tcl file /home/martin.perman/workspace/audio-mixer-project/vivado/audio-mixer-project.srcs/sources_1/bd/audio_mixer_project/hw_handoff/audio_mixer_project_bd.tcl
Generated Hardware Definition File /home/martin.perman/workspace/audio-mixer-project/vivado/audio-mixer-project.srcs/sources_1/bd/audio_mixer_project/synth/audio_mixer_project.hwdef
INFO: [IP_Flow 19-4993] Using cached IP synthesis design for IP audio_mixer_project_auto_pc_0, cache-ID = d96ebe782a2ba995; cache size = 17.537 MB.
[Tue Apr 24 19:26:37 2018] Launched audio_mixer_project_axi_to_audio_0_0_synth_1, synth_1...
Run output will be captured here:
audio_mixer_project_axi_to_audio_0_0_synth_1: /home/martin.perman/workspace/audio-mixer-project/vivado/audio-mixer-project.runs/audio_mixer_project_axi_to_audio_0_0_synth_1/runme.log
synth_1: /home/martin.perman/workspace/audio-mixer-project/vivado/audio-mixer-project.runs/synth_1/runme.log
[Tue Apr 24 19:26:37 2018] Launched impl_1...
Run output will be captured here: /home/martin.perman/workspace/audio-mixer-project/vivado/audio-mixer-project.runs/impl_1/runme.log
launch_runs: Time (s): cpu = 00:00:08 ; elapsed = 00:00:09 . Memory (MB): peak = 7058.582 ; gain = 0.000 ; free physical = 9042 ; free virtual = 13960
file mkdir /home/martin.perman/workspace/audio-mixer-project/vivado/audio-mixer-project.sdk
write_hwdef -force  -file /home/martin.perman/workspace/audio-mixer-project/vivado/audio-mixer-project.sdk/audio_mixer_project_wrapper.hdf
file copy -force /home/martin.perman/workspace/audio-mixer-project/vivado/audio-mixer-project.runs/impl_1/audio_mixer_project_wrapper.sysdef /home/martin.perman/workspace/audio-mixer-project/vivado/audio-mixer-project.sdk/audio_mixer_project_wrapper.hdf

exit
INFO: [Common 17-206] Exiting Vivado at Tue Apr 24 19:33:47 2018...
