
*** Running vivado
    with args -log audio_mixer_project_rst_ps7_0_100M_0.vds -m64 -product Vivado -mode batch -messageDb vivado.pb -notrace -source audio_mixer_project_rst_ps7_0_100M_0.tcl


****** Vivado v2017.3 (64-bit)
  **** SW Build 2018833 on Wed Oct  4 19:58:07 MDT 2017
  **** IP Build 2016188 on Wed Oct  4 21:52:56 MDT 2017
    ** Copyright 1986-2017 Xilinx, Inc. All Rights Reserved.

source audio_mixer_project_rst_ps7_0_100M_0.tcl -notrace
Starting RTL Elaboration : Time (s): cpu = 00:00:06 ; elapsed = 00:00:09 . Memory (MB): peak = 1307.941 ; gain = 81.000 ; free physical = 8524 ; free virtual = 13335
INFO: [Synth 8-638] synthesizing module 'audio_mixer_project_rst_ps7_0_100M_0' [/home/martin.perman/workspace/audio-mixer-project/vivado/audio-mixer-project.srcs/sources_1/bd/audio_mixer_project/ip/audio_mixer_project_rst_ps7_0_100M_0/synth/audio_mixer_project_rst_ps7_0_100M_0.vhd:74]
INFO: [Synth 8-638] synthesizing module 'proc_sys_reset' [/home/martin.perman/workspace/audio-mixer-project/vivado/audio-mixer-project.srcs/sources_1/bd/audio_mixer_project/ipshared/f86a/hdl/proc_sys_reset_v5_0_vh_rfs.vhd:1323]
INFO: [Synth 8-638] synthesizing module 'lpf' [/home/martin.perman/workspace/audio-mixer-project/vivado/audio-mixer-project.srcs/sources_1/bd/audio_mixer_project/ipshared/f86a/hdl/proc_sys_reset_v5_0_vh_rfs.vhd:816]
INFO: [Synth 8-638] synthesizing module 'SRL16' [/cad/x_17/Vivado/2017.3/scripts/rt/data/unisim_comp.v:50689]
INFO: [Synth 8-256] done synthesizing module 'SRL16' (1#1) [/cad/x_17/Vivado/2017.3/scripts/rt/data/unisim_comp.v:50689]
INFO: [Synth 8-638] synthesizing module 'cdc_sync' [/home/martin.perman/workspace/audio-mixer-project/vivado/audio-mixer-project.srcs/sources_1/bd/audio_mixer_project/ipshared/ef1e/hdl/lib_cdc_v1_0_rfs.vhd:106]
INFO: [Synth 8-256] done synthesizing module 'cdc_sync' (2#1) [/home/martin.perman/workspace/audio-mixer-project/vivado/audio-mixer-project.srcs/sources_1/bd/audio_mixer_project/ipshared/ef1e/hdl/lib_cdc_v1_0_rfs.vhd:106]
INFO: [Synth 8-256] done synthesizing module 'lpf' (3#1) [/home/martin.perman/workspace/audio-mixer-project/vivado/audio-mixer-project.srcs/sources_1/bd/audio_mixer_project/ipshared/f86a/hdl/proc_sys_reset_v5_0_vh_rfs.vhd:816]
INFO: [Synth 8-638] synthesizing module 'sequence_psr' [/home/martin.perman/workspace/audio-mixer-project/vivado/audio-mixer-project.srcs/sources_1/bd/audio_mixer_project/ipshared/f86a/hdl/proc_sys_reset_v5_0_vh_rfs.vhd:301]
INFO: [Synth 8-638] synthesizing module 'upcnt_n' [/home/martin.perman/workspace/audio-mixer-project/vivado/audio-mixer-project.srcs/sources_1/bd/audio_mixer_project/ipshared/f86a/hdl/proc_sys_reset_v5_0_vh_rfs.vhd:125]
INFO: [Synth 8-256] done synthesizing module 'upcnt_n' (4#1) [/home/martin.perman/workspace/audio-mixer-project/vivado/audio-mixer-project.srcs/sources_1/bd/audio_mixer_project/ipshared/f86a/hdl/proc_sys_reset_v5_0_vh_rfs.vhd:125]
INFO: [Synth 8-256] done synthesizing module 'sequence_psr' (5#1) [/home/martin.perman/workspace/audio-mixer-project/vivado/audio-mixer-project.srcs/sources_1/bd/audio_mixer_project/ipshared/f86a/hdl/proc_sys_reset_v5_0_vh_rfs.vhd:301]
INFO: [Synth 8-256] done synthesizing module 'proc_sys_reset' (6#1) [/home/martin.perman/workspace/audio-mixer-project/vivado/audio-mixer-project.srcs/sources_1/bd/audio_mixer_project/ipshared/f86a/hdl/proc_sys_reset_v5_0_vh_rfs.vhd:1323]
INFO: [Synth 8-256] done synthesizing module 'audio_mixer_project_rst_ps7_0_100M_0' (7#1) [/home/martin.perman/workspace/audio-mixer-project/vivado/audio-mixer-project.srcs/sources_1/bd/audio_mixer_project/ip/audio_mixer_project_rst_ps7_0_100M_0/synth/audio_mixer_project_rst_ps7_0_100M_0.vhd:74]
Finished RTL Elaboration : Time (s): cpu = 00:00:07 ; elapsed = 00:00:10 . Memory (MB): peak = 1350.480 ; gain = 123.539 ; free physical = 8519 ; free virtual = 13333
Finished RTL Optimization Phase 1 : Time (s): cpu = 00:00:07 ; elapsed = 00:00:11 . Memory (MB): peak = 1350.480 ; gain = 123.539 ; free physical = 8543 ; free virtual = 13357
INFO: [Device 21-403] Loading part xc7z020clg484-1
Constraint Validation Runtime : Time (s): cpu = 00:00:00 ; elapsed = 00:00:00 . Memory (MB): peak = 1695.488 ; gain = 1.000 ; free physical = 7579 ; free virtual = 12403
Finished Constraint Validation : Time (s): cpu = 00:00:22 ; elapsed = 00:00:58 . Memory (MB): peak = 1695.488 ; gain = 468.547 ; free physical = 7766 ; free virtual = 12598
Finished Loading Part and Timing Information : Time (s): cpu = 00:00:22 ; elapsed = 00:00:58 . Memory (MB): peak = 1695.488 ; gain = 468.547 ; free physical = 7766 ; free virtual = 12598
Finished applying 'set_property' XDC Constraints : Time (s): cpu = 00:00:22 ; elapsed = 00:00:58 . Memory (MB): peak = 1695.488 ; gain = 468.547 ; free physical = 7751 ; free virtual = 12583
Finished RTL Optimization Phase 2 : Time (s): cpu = 00:00:22 ; elapsed = 00:00:58 . Memory (MB): peak = 1695.488 ; gain = 468.547 ; free physical = 7740 ; free virtual = 12572
Finished Cross Boundary and Area Optimization : Time (s): cpu = 00:00:22 ; elapsed = 00:00:59 . Memory (MB): peak = 1695.488 ; gain = 468.547 ; free physical = 7728 ; free virtual = 12560
Finished Applying XDC Timing Constraints : Time (s): cpu = 00:00:27 ; elapsed = 00:01:11 . Memory (MB): peak = 1695.488 ; gain = 468.547 ; free physical = 7278 ; free virtual = 12110
Finished Timing Optimization : Time (s): cpu = 00:00:27 ; elapsed = 00:01:11 . Memory (MB): peak = 1695.488 ; gain = 468.547 ; free physical = 7276 ; free virtual = 12109
Finished Technology Mapping : Time (s): cpu = 00:00:27 ; elapsed = 00:01:11 . Memory (MB): peak = 1695.488 ; gain = 468.547 ; free physical = 7320 ; free virtual = 12152
Finished IO Insertion : Time (s): cpu = 00:00:28 ; elapsed = 00:01:11 . Memory (MB): peak = 1695.488 ; gain = 468.547 ; free physical = 7315 ; free virtual = 12147
Finished Renaming Generated Instances : Time (s): cpu = 00:00:28 ; elapsed = 00:01:11 . Memory (MB): peak = 1695.488 ; gain = 468.547 ; free physical = 7315 ; free virtual = 12147
Finished Rebuilding User Hierarchy : Time (s): cpu = 00:00:28 ; elapsed = 00:01:11 . Memory (MB): peak = 1695.488 ; gain = 468.547 ; free physical = 7315 ; free virtual = 12147
Finished Renaming Generated Ports : Time (s): cpu = 00:00:28 ; elapsed = 00:01:11 . Memory (MB): peak = 1695.488 ; gain = 468.547 ; free physical = 7315 ; free virtual = 12147
Finished Handling Custom Attributes : Time (s): cpu = 00:00:28 ; elapsed = 00:01:11 . Memory (MB): peak = 1695.488 ; gain = 468.547 ; free physical = 7315 ; free virtual = 12147
Finished Renaming Generated Nets : Time (s): cpu = 00:00:28 ; elapsed = 00:01:11 . Memory (MB): peak = 1695.488 ; gain = 468.547 ; free physical = 7315 ; free virtual = 12147

Report Cell Usage: 
+------+------+------+
|      |Cell  |Count |
+------+------+------+
|1     |LUT1  |     5|
|2     |LUT2  |     9|
|3     |LUT3  |     1|
|4     |LUT4  |     6|
|5     |LUT5  |     3|
|6     |LUT6  |     1|
|7     |SRL16 |     1|
|8     |FDR   |     8|
|9     |FDRE  |    28|
|10    |FDSE  |     4|
+------+------+------+
Finished Writing Synthesis Report : Time (s): cpu = 00:00:28 ; elapsed = 00:01:11 . Memory (MB): peak = 1695.488 ; gain = 468.547 ; free physical = 7315 ; free virtual = 12147
synth_design: Time (s): cpu = 00:00:29 ; elapsed = 00:01:12 . Memory (MB): peak = 1695.488 ; gain = 494.367 ; free physical = 7963 ; free virtual = 12795
