
*** Running vivado
    with args -log audio_mixer_project_xlconstant_1_0.vds -m64 -product Vivado -mode batch -messageDb vivado.pb -notrace -source audio_mixer_project_xlconstant_1_0.tcl


****** Vivado v2017.3 (64-bit)
  **** SW Build 2018833 on Wed Oct  4 19:58:07 MDT 2017
  **** IP Build 2016188 on Wed Oct  4 21:52:56 MDT 2017
    ** Copyright 1986-2017 Xilinx, Inc. All Rights Reserved.

source audio_mixer_project_xlconstant_1_0.tcl -notrace
Starting RTL Elaboration : Time (s): cpu = 00:00:06 ; elapsed = 00:00:07 . Memory (MB): peak = 1308.938 ; gain = 83.000 ; free physical = 8845 ; free virtual = 13741
INFO: [Synth 8-638] synthesizing module 'audio_mixer_project_xlconstant_1_0' [/home/martin.perman/workspace/audio-mixer-project/vivado/audio-mixer-project.srcs/sources_1/bd/audio_mixer_project/ip/audio_mixer_project_xlconstant_1_0/synth/audio_mixer_project_xlconstant_1_0.v:57]
INFO: [Synth 8-638] synthesizing module 'xlconstant_v1_1_3_xlconstant' [/home/martin.perman/workspace/audio-mixer-project/vivado/audio-mixer-project.srcs/sources_1/bd/audio_mixer_project/ipshared/0750/hdl/xlconstant_v1_1_vl_rfs.v:23]
INFO: [Synth 8-256] done synthesizing module 'xlconstant_v1_1_3_xlconstant' (1#1) [/home/martin.perman/workspace/audio-mixer-project/vivado/audio-mixer-project.srcs/sources_1/bd/audio_mixer_project/ipshared/0750/hdl/xlconstant_v1_1_vl_rfs.v:23]
INFO: [Synth 8-256] done synthesizing module 'audio_mixer_project_xlconstant_1_0' (2#1) [/home/martin.perman/workspace/audio-mixer-project/vivado/audio-mixer-project.srcs/sources_1/bd/audio_mixer_project/ip/audio_mixer_project_xlconstant_1_0/synth/audio_mixer_project_xlconstant_1_0.v:57]
Finished RTL Elaboration : Time (s): cpu = 00:00:07 ; elapsed = 00:00:08 . Memory (MB): peak = 1350.477 ; gain = 124.539 ; free physical = 8859 ; free virtual = 13755
Finished RTL Optimization Phase 1 : Time (s): cpu = 00:00:07 ; elapsed = 00:00:08 . Memory (MB): peak = 1350.477 ; gain = 124.539 ; free physical = 8858 ; free virtual = 13754
INFO: [Device 21-403] Loading part xc7z020clg484-1
Constraint Validation Runtime : Time (s): cpu = 00:00:00.01 ; elapsed = 00:00:00.01 . Memory (MB): peak = 1597.477 ; gain = 0.000 ; free physical = 8592 ; free virtual = 13487
Finished Constraint Validation : Time (s): cpu = 00:00:20 ; elapsed = 00:00:44 . Memory (MB): peak = 1597.477 ; gain = 371.539 ; free physical = 8665 ; free virtual = 13561
Finished Loading Part and Timing Information : Time (s): cpu = 00:00:20 ; elapsed = 00:00:44 . Memory (MB): peak = 1597.477 ; gain = 371.539 ; free physical = 8665 ; free virtual = 13561
Finished applying 'set_property' XDC Constraints : Time (s): cpu = 00:00:20 ; elapsed = 00:00:44 . Memory (MB): peak = 1597.477 ; gain = 371.539 ; free physical = 8667 ; free virtual = 13563
Finished RTL Optimization Phase 2 : Time (s): cpu = 00:00:20 ; elapsed = 00:00:44 . Memory (MB): peak = 1597.477 ; gain = 371.539 ; free physical = 8667 ; free virtual = 13563
Finished Cross Boundary and Area Optimization : Time (s): cpu = 00:00:21 ; elapsed = 00:00:44 . Memory (MB): peak = 1597.477 ; gain = 371.539 ; free physical = 8667 ; free virtual = 13562
Finished Applying XDC Timing Constraints : Time (s): cpu = 00:00:26 ; elapsed = 00:00:54 . Memory (MB): peak = 1647.477 ; gain = 421.539 ; free physical = 8541 ; free virtual = 13437
Finished Timing Optimization : Time (s): cpu = 00:00:26 ; elapsed = 00:00:54 . Memory (MB): peak = 1647.477 ; gain = 421.539 ; free physical = 8541 ; free virtual = 13437
Finished Technology Mapping : Time (s): cpu = 00:00:26 ; elapsed = 00:00:54 . Memory (MB): peak = 1656.492 ; gain = 430.555 ; free physical = 8541 ; free virtual = 13436
Finished IO Insertion : Time (s): cpu = 00:00:26 ; elapsed = 00:00:54 . Memory (MB): peak = 1656.496 ; gain = 430.559 ; free physical = 8540 ; free virtual = 13436
Finished Renaming Generated Instances : Time (s): cpu = 00:00:26 ; elapsed = 00:00:54 . Memory (MB): peak = 1656.496 ; gain = 430.559 ; free physical = 8540 ; free virtual = 13436
Finished Rebuilding User Hierarchy : Time (s): cpu = 00:00:26 ; elapsed = 00:00:54 . Memory (MB): peak = 1656.496 ; gain = 430.559 ; free physical = 8540 ; free virtual = 13436
Finished Renaming Generated Ports : Time (s): cpu = 00:00:26 ; elapsed = 00:00:54 . Memory (MB): peak = 1656.496 ; gain = 430.559 ; free physical = 8540 ; free virtual = 13436
Finished Handling Custom Attributes : Time (s): cpu = 00:00:26 ; elapsed = 00:00:54 . Memory (MB): peak = 1656.496 ; gain = 430.559 ; free physical = 8540 ; free virtual = 13436
Finished Renaming Generated Nets : Time (s): cpu = 00:00:26 ; elapsed = 00:00:54 . Memory (MB): peak = 1656.496 ; gain = 430.559 ; free physical = 8540 ; free virtual = 13436

Report Cell Usage: 
+-+-----+------+
| |Cell |Count |
+-+-----+------+
+-+-----+------+
Finished Writing Synthesis Report : Time (s): cpu = 00:00:26 ; elapsed = 00:00:54 . Memory (MB): peak = 1656.496 ; gain = 430.559 ; free physical = 8540 ; free virtual = 13436
synth_design: Time (s): cpu = 00:00:27 ; elapsed = 00:00:55 . Memory (MB): peak = 1670.496 ; gain = 470.379 ; free physical = 8580 ; free virtual = 13475
