
*** Running vivado
    with args -log audio_mixer_project_xlconcat_0_0.vds -m64 -product Vivado -mode batch -messageDb vivado.pb -notrace -source audio_mixer_project_xlconcat_0_0.tcl


****** Vivado v2017.3 (64-bit)
  **** SW Build 2018833 on Wed Oct  4 19:58:07 MDT 2017
  **** IP Build 2016188 on Wed Oct  4 21:52:56 MDT 2017
    ** Copyright 1986-2017 Xilinx, Inc. All Rights Reserved.

source audio_mixer_project_xlconcat_0_0.tcl -notrace
Starting RTL Elaboration : Time (s): cpu = 00:00:06 ; elapsed = 00:00:09 . Memory (MB): peak = 1308.938 ; gain = 82.000 ; free physical = 8510 ; free virtual = 13321
INFO: [Synth 8-638] synthesizing module 'audio_mixer_project_xlconcat_0_0' [/home/martin.perman/workspace/audio-mixer-project/vivado/audio-mixer-project.srcs/sources_1/bd/audio_mixer_project/ip/audio_mixer_project_xlconcat_0_0/synth/audio_mixer_project_xlconcat_0_0.v:58]
INFO: [Synth 8-638] synthesizing module 'xlconcat_v2_1_1_xlconcat' [/home/martin.perman/workspace/audio-mixer-project/vivado/audio-mixer-project.srcs/sources_1/bd/audio_mixer_project/ipshared/2f66/hdl/xlconcat_v2_1_vl_rfs.v:14]
INFO: [Synth 8-256] done synthesizing module 'xlconcat_v2_1_1_xlconcat' (1#1) [/home/martin.perman/workspace/audio-mixer-project/vivado/audio-mixer-project.srcs/sources_1/bd/audio_mixer_project/ipshared/2f66/hdl/xlconcat_v2_1_vl_rfs.v:14]
INFO: [Synth 8-256] done synthesizing module 'audio_mixer_project_xlconcat_0_0' (2#1) [/home/martin.perman/workspace/audio-mixer-project/vivado/audio-mixer-project.srcs/sources_1/bd/audio_mixer_project/ip/audio_mixer_project_xlconcat_0_0/synth/audio_mixer_project_xlconcat_0_0.v:58]
Finished RTL Elaboration : Time (s): cpu = 00:00:07 ; elapsed = 00:00:10 . Memory (MB): peak = 1350.477 ; gain = 123.539 ; free physical = 8472 ; free virtual = 13286
Finished RTL Optimization Phase 1 : Time (s): cpu = 00:00:07 ; elapsed = 00:00:10 . Memory (MB): peak = 1350.477 ; gain = 123.539 ; free physical = 8520 ; free virtual = 13334
INFO: [Device 21-403] Loading part xc7z020clg484-1
Constraint Validation Runtime : Time (s): cpu = 00:00:00 ; elapsed = 00:00:00.01 . Memory (MB): peak = 1602.461 ; gain = 0.000 ; free physical = 7635 ; free virtual = 12459
Finished Constraint Validation : Time (s): cpu = 00:00:21 ; elapsed = 00:00:57 . Memory (MB): peak = 1602.461 ; gain = 375.523 ; free physical = 7777 ; free virtual = 12602
Finished Loading Part and Timing Information : Time (s): cpu = 00:00:21 ; elapsed = 00:00:57 . Memory (MB): peak = 1602.461 ; gain = 375.523 ; free physical = 7777 ; free virtual = 12602
Finished applying 'set_property' XDC Constraints : Time (s): cpu = 00:00:21 ; elapsed = 00:00:57 . Memory (MB): peak = 1602.461 ; gain = 375.523 ; free physical = 7779 ; free virtual = 12603
Finished RTL Optimization Phase 2 : Time (s): cpu = 00:00:21 ; elapsed = 00:00:57 . Memory (MB): peak = 1602.461 ; gain = 375.523 ; free physical = 7778 ; free virtual = 12603
Finished Cross Boundary and Area Optimization : Time (s): cpu = 00:00:22 ; elapsed = 00:00:57 . Memory (MB): peak = 1602.461 ; gain = 375.523 ; free physical = 7755 ; free virtual = 12580
Finished Applying XDC Timing Constraints : Time (s): cpu = 00:00:27 ; elapsed = 00:01:09 . Memory (MB): peak = 1648.461 ; gain = 421.523 ; free physical = 7416 ; free virtual = 12248
Finished Timing Optimization : Time (s): cpu = 00:00:27 ; elapsed = 00:01:09 . Memory (MB): peak = 1648.461 ; gain = 421.523 ; free physical = 7416 ; free virtual = 12248
Finished Technology Mapping : Time (s): cpu = 00:00:27 ; elapsed = 00:01:09 . Memory (MB): peak = 1656.477 ; gain = 429.539 ; free physical = 7415 ; free virtual = 12247
Finished IO Insertion : Time (s): cpu = 00:00:28 ; elapsed = 00:01:09 . Memory (MB): peak = 1656.480 ; gain = 429.543 ; free physical = 7412 ; free virtual = 12244
Finished Renaming Generated Instances : Time (s): cpu = 00:00:28 ; elapsed = 00:01:09 . Memory (MB): peak = 1656.480 ; gain = 429.543 ; free physical = 7412 ; free virtual = 12244
Finished Rebuilding User Hierarchy : Time (s): cpu = 00:00:28 ; elapsed = 00:01:09 . Memory (MB): peak = 1656.480 ; gain = 429.543 ; free physical = 7411 ; free virtual = 12243
Finished Renaming Generated Ports : Time (s): cpu = 00:00:28 ; elapsed = 00:01:09 . Memory (MB): peak = 1656.480 ; gain = 429.543 ; free physical = 7411 ; free virtual = 12243
Finished Handling Custom Attributes : Time (s): cpu = 00:00:28 ; elapsed = 00:01:09 . Memory (MB): peak = 1656.480 ; gain = 429.543 ; free physical = 7411 ; free virtual = 12243
Finished Renaming Generated Nets : Time (s): cpu = 00:00:28 ; elapsed = 00:01:09 . Memory (MB): peak = 1656.480 ; gain = 429.543 ; free physical = 7411 ; free virtual = 12243

Report Cell Usage: 
+-+-----+------+
| |Cell |Count |
+-+-----+------+
+-+-----+------+
Finished Writing Synthesis Report : Time (s): cpu = 00:00:28 ; elapsed = 00:01:09 . Memory (MB): peak = 1656.480 ; gain = 429.543 ; free physical = 7411 ; free virtual = 12243
synth_design: Time (s): cpu = 00:00:29 ; elapsed = 00:01:11 . Memory (MB): peak = 1663.477 ; gain = 462.359 ; free physical = 7320 ; free virtual = 12152
