
*** Running vivado
    with args -log audio_mixer_project_auto_pc_0.vds -m64 -product Vivado -mode batch -messageDb vivado.pb -notrace -source audio_mixer_project_auto_pc_0.tcl


****** Vivado v2017.3 (64-bit)
  **** SW Build 2018833 on Wed Oct  4 19:58:07 MDT 2017
  **** IP Build 2016188 on Wed Oct  4 21:52:56 MDT 2017
    ** Copyright 1986-2017 Xilinx, Inc. All Rights Reserved.

source audio_mixer_project_auto_pc_0.tcl -notrace
Starting RTL Elaboration : Time (s): cpu = 00:00:09 ; elapsed = 00:00:25 . Memory (MB): peak = 1313.941 ; gain = 88.004 ; free physical = 8650 ; free virtual = 13514
INFO: [Synth 8-638] synthesizing module 'audio_mixer_project_auto_pc_0' [/home/martin.perman/workspace/audio-mixer-project/vivado/audio-mixer-project.srcs/sources_1/bd/audio_mixer_project/ip/audio_mixer_project_auto_pc_0/synth/audio_mixer_project_auto_pc_0.v:58]
INFO: [Synth 8-638] synthesizing module 'axi_protocol_converter_v2_1_14_axi_protocol_converter' [/home/martin.perman/workspace/audio-mixer-project/vivado/audio-mixer-project.srcs/sources_1/bd/audio_mixer_project/ipshared/33cc/hdl/axi_protocol_converter_v2_1_vl_rfs.v:4811]
INFO: [Synth 8-638] synthesizing module 'axi_protocol_converter_v2_1_14_b2s' [/home/martin.perman/workspace/audio-mixer-project/vivado/audio-mixer-project.srcs/sources_1/bd/audio_mixer_project/ipshared/33cc/hdl/axi_protocol_converter_v2_1_vl_rfs.v:4229]
INFO: [Synth 8-638] synthesizing module 'axi_protocol_converter_v2_1_14_b2s_aw_channel' [/home/martin.perman/workspace/audio-mixer-project/vivado/audio-mixer-project.srcs/sources_1/bd/audio_mixer_project/ipshared/33cc/hdl/axi_protocol_converter_v2_1_vl_rfs.v:3974]
INFO: [Synth 8-638] synthesizing module 'axi_protocol_converter_v2_1_14_b2s_cmd_translator' [/home/martin.perman/workspace/audio-mixer-project/vivado/audio-mixer-project.srcs/sources_1/bd/audio_mixer_project/ipshared/33cc/hdl/axi_protocol_converter_v2_1_vl_rfs.v:3467]
INFO: [Synth 8-638] synthesizing module 'axi_protocol_converter_v2_1_14_b2s_incr_cmd' [/home/martin.perman/workspace/audio-mixer-project/vivado/audio-mixer-project.srcs/sources_1/bd/audio_mixer_project/ipshared/33cc/hdl/axi_protocol_converter_v2_1_vl_rfs.v:3093]
INFO: [Synth 8-256] done synthesizing module 'axi_protocol_converter_v2_1_14_b2s_incr_cmd' (1#1) [/home/martin.perman/workspace/audio-mixer-project/vivado/audio-mixer-project.srcs/sources_1/bd/audio_mixer_project/ipshared/33cc/hdl/axi_protocol_converter_v2_1_vl_rfs.v:3093]
INFO: [Synth 8-638] synthesizing module 'axi_protocol_converter_v2_1_14_b2s_wrap_cmd' [/home/martin.perman/workspace/audio-mixer-project/vivado/audio-mixer-project.srcs/sources_1/bd/audio_mixer_project/ipshared/33cc/hdl/axi_protocol_converter_v2_1_vl_rfs.v:2903]
INFO: [Synth 8-256] done synthesizing module 'axi_protocol_converter_v2_1_14_b2s_wrap_cmd' (2#1) [/home/martin.perman/workspace/audio-mixer-project/vivado/audio-mixer-project.srcs/sources_1/bd/audio_mixer_project/ipshared/33cc/hdl/axi_protocol_converter_v2_1_vl_rfs.v:2903]
INFO: [Synth 8-256] done synthesizing module 'axi_protocol_converter_v2_1_14_b2s_cmd_translator' (3#1) [/home/martin.perman/workspace/audio-mixer-project/vivado/audio-mixer-project.srcs/sources_1/bd/audio_mixer_project/ipshared/33cc/hdl/axi_protocol_converter_v2_1_vl_rfs.v:3467]
INFO: [Synth 8-638] synthesizing module 'axi_protocol_converter_v2_1_14_b2s_wr_cmd_fsm' [/home/martin.perman/workspace/audio-mixer-project/vivado/audio-mixer-project.srcs/sources_1/bd/audio_mixer_project/ipshared/33cc/hdl/axi_protocol_converter_v2_1_vl_rfs.v:3225]
INFO: [Synth 8-256] done synthesizing module 'axi_protocol_converter_v2_1_14_b2s_wr_cmd_fsm' (4#1) [/home/martin.perman/workspace/audio-mixer-project/vivado/audio-mixer-project.srcs/sources_1/bd/audio_mixer_project/ipshared/33cc/hdl/axi_protocol_converter_v2_1_vl_rfs.v:3225]
INFO: [Synth 8-256] done synthesizing module 'axi_protocol_converter_v2_1_14_b2s_aw_channel' (5#1) [/home/martin.perman/workspace/audio-mixer-project/vivado/audio-mixer-project.srcs/sources_1/bd/audio_mixer_project/ipshared/33cc/hdl/axi_protocol_converter_v2_1_vl_rfs.v:3974]
INFO: [Synth 8-638] synthesizing module 'axi_protocol_converter_v2_1_14_b2s_b_channel' [/home/martin.perman/workspace/audio-mixer-project/vivado/audio-mixer-project.srcs/sources_1/bd/audio_mixer_project/ipshared/33cc/hdl/axi_protocol_converter_v2_1_vl_rfs.v:3609]
INFO: [Synth 8-638] synthesizing module 'axi_protocol_converter_v2_1_14_b2s_simple_fifo' [/home/martin.perman/workspace/audio-mixer-project/vivado/audio-mixer-project.srcs/sources_1/bd/audio_mixer_project/ipshared/33cc/hdl/axi_protocol_converter_v2_1_vl_rfs.v:2816]
INFO: [Synth 8-256] done synthesizing module 'axi_protocol_converter_v2_1_14_b2s_simple_fifo' (6#1) [/home/martin.perman/workspace/audio-mixer-project/vivado/audio-mixer-project.srcs/sources_1/bd/audio_mixer_project/ipshared/33cc/hdl/axi_protocol_converter_v2_1_vl_rfs.v:2816]
INFO: [Synth 8-638] synthesizing module 'axi_protocol_converter_v2_1_14_b2s_simple_fifo__parameterized0' [/home/martin.perman/workspace/audio-mixer-project/vivado/audio-mixer-project.srcs/sources_1/bd/audio_mixer_project/ipshared/33cc/hdl/axi_protocol_converter_v2_1_vl_rfs.v:2816]
INFO: [Synth 8-256] done synthesizing module 'axi_protocol_converter_v2_1_14_b2s_simple_fifo__parameterized0' (6#1) [/home/martin.perman/workspace/audio-mixer-project/vivado/audio-mixer-project.srcs/sources_1/bd/audio_mixer_project/ipshared/33cc/hdl/axi_protocol_converter_v2_1_vl_rfs.v:2816]
INFO: [Synth 8-256] done synthesizing module 'axi_protocol_converter_v2_1_14_b2s_b_channel' (7#1) [/home/martin.perman/workspace/audio-mixer-project/vivado/audio-mixer-project.srcs/sources_1/bd/audio_mixer_project/ipshared/33cc/hdl/axi_protocol_converter_v2_1_vl_rfs.v:3609]
INFO: [Synth 8-638] synthesizing module 'axi_protocol_converter_v2_1_14_b2s_ar_channel' [/home/martin.perman/workspace/audio-mixer-project/vivado/audio-mixer-project.srcs/sources_1/bd/audio_mixer_project/ipshared/33cc/hdl/axi_protocol_converter_v2_1_vl_rfs.v:4085]
INFO: [Synth 8-638] synthesizing module 'axi_protocol_converter_v2_1_14_b2s_rd_cmd_fsm' [/home/martin.perman/workspace/audio-mixer-project/vivado/audio-mixer-project.srcs/sources_1/bd/audio_mixer_project/ipshared/33cc/hdl/axi_protocol_converter_v2_1_vl_rfs.v:3336]
INFO: [Synth 8-256] done synthesizing module 'axi_protocol_converter_v2_1_14_b2s_rd_cmd_fsm' (8#1) [/home/martin.perman/workspace/audio-mixer-project/vivado/audio-mixer-project.srcs/sources_1/bd/audio_mixer_project/ipshared/33cc/hdl/axi_protocol_converter_v2_1_vl_rfs.v:3336]
INFO: [Synth 8-256] done synthesizing module 'axi_protocol_converter_v2_1_14_b2s_ar_channel' (9#1) [/home/martin.perman/workspace/audio-mixer-project/vivado/audio-mixer-project.srcs/sources_1/bd/audio_mixer_project/ipshared/33cc/hdl/axi_protocol_converter_v2_1_vl_rfs.v:4085]
INFO: [Synth 8-638] synthesizing module 'axi_protocol_converter_v2_1_14_b2s_r_channel' [/home/martin.perman/workspace/audio-mixer-project/vivado/audio-mixer-project.srcs/sources_1/bd/audio_mixer_project/ipshared/33cc/hdl/axi_protocol_converter_v2_1_vl_rfs.v:3814]
INFO: [Synth 8-638] synthesizing module 'axi_protocol_converter_v2_1_14_b2s_simple_fifo__parameterized1' [/home/martin.perman/workspace/audio-mixer-project/vivado/audio-mixer-project.srcs/sources_1/bd/audio_mixer_project/ipshared/33cc/hdl/axi_protocol_converter_v2_1_vl_rfs.v:2816]
INFO: [Synth 8-256] done synthesizing module 'axi_protocol_converter_v2_1_14_b2s_simple_fifo__parameterized1' (9#1) [/home/martin.perman/workspace/audio-mixer-project/vivado/audio-mixer-project.srcs/sources_1/bd/audio_mixer_project/ipshared/33cc/hdl/axi_protocol_converter_v2_1_vl_rfs.v:2816]
INFO: [Synth 8-638] synthesizing module 'axi_protocol_converter_v2_1_14_b2s_simple_fifo__parameterized2' [/home/martin.perman/workspace/audio-mixer-project/vivado/audio-mixer-project.srcs/sources_1/bd/audio_mixer_project/ipshared/33cc/hdl/axi_protocol_converter_v2_1_vl_rfs.v:2816]
INFO: [Synth 8-256] done synthesizing module 'axi_protocol_converter_v2_1_14_b2s_simple_fifo__parameterized2' (9#1) [/home/martin.perman/workspace/audio-mixer-project/vivado/audio-mixer-project.srcs/sources_1/bd/audio_mixer_project/ipshared/33cc/hdl/axi_protocol_converter_v2_1_vl_rfs.v:2816]
INFO: [Synth 8-256] done synthesizing module 'axi_protocol_converter_v2_1_14_b2s_r_channel' (10#1) [/home/martin.perman/workspace/audio-mixer-project/vivado/audio-mixer-project.srcs/sources_1/bd/audio_mixer_project/ipshared/33cc/hdl/axi_protocol_converter_v2_1_vl_rfs.v:3814]
INFO: [Synth 8-638] synthesizing module 'axi_register_slice_v2_1_14_axi_register_slice' [/home/martin.perman/workspace/audio-mixer-project/vivado/audio-mixer-project.srcs/sources_1/bd/audio_mixer_project/ipshared/a259/hdl/axi_register_slice_v2_1_vl_rfs.v:1284]
INFO: [Synth 8-638] synthesizing module 'axi_register_slice_v2_1_14_axic_register_slice' [/home/martin.perman/workspace/audio-mixer-project/vivado/audio-mixer-project.srcs/sources_1/bd/audio_mixer_project/ipshared/a259/hdl/axi_register_slice_v2_1_vl_rfs.v:189]
INFO: [Synth 8-256] done synthesizing module 'axi_register_slice_v2_1_14_axic_register_slice' (11#1) [/home/martin.perman/workspace/audio-mixer-project/vivado/audio-mixer-project.srcs/sources_1/bd/audio_mixer_project/ipshared/a259/hdl/axi_register_slice_v2_1_vl_rfs.v:189]
INFO: [Synth 8-638] synthesizing module 'axi_register_slice_v2_1_14_axic_register_slice__parameterized0' [/home/martin.perman/workspace/audio-mixer-project/vivado/audio-mixer-project.srcs/sources_1/bd/audio_mixer_project/ipshared/a259/hdl/axi_register_slice_v2_1_vl_rfs.v:189]
INFO: [Synth 8-256] done synthesizing module 'axi_register_slice_v2_1_14_axic_register_slice__parameterized0' (11#1) [/home/martin.perman/workspace/audio-mixer-project/vivado/audio-mixer-project.srcs/sources_1/bd/audio_mixer_project/ipshared/a259/hdl/axi_register_slice_v2_1_vl_rfs.v:189]
INFO: [Synth 8-638] synthesizing module 'axi_register_slice_v2_1_14_axic_register_slice__parameterized1' [/home/martin.perman/workspace/audio-mixer-project/vivado/audio-mixer-project.srcs/sources_1/bd/audio_mixer_project/ipshared/a259/hdl/axi_register_slice_v2_1_vl_rfs.v:189]
INFO: [Synth 8-256] done synthesizing module 'axi_register_slice_v2_1_14_axic_register_slice__parameterized1' (11#1) [/home/martin.perman/workspace/audio-mixer-project/vivado/audio-mixer-project.srcs/sources_1/bd/audio_mixer_project/ipshared/a259/hdl/axi_register_slice_v2_1_vl_rfs.v:189]
INFO: [Synth 8-638] synthesizing module 'axi_register_slice_v2_1_14_axic_register_slice__parameterized2' [/home/martin.perman/workspace/audio-mixer-project/vivado/audio-mixer-project.srcs/sources_1/bd/audio_mixer_project/ipshared/a259/hdl/axi_register_slice_v2_1_vl_rfs.v:189]
INFO: [Synth 8-256] done synthesizing module 'axi_register_slice_v2_1_14_axic_register_slice__parameterized2' (11#1) [/home/martin.perman/workspace/audio-mixer-project/vivado/audio-mixer-project.srcs/sources_1/bd/audio_mixer_project/ipshared/a259/hdl/axi_register_slice_v2_1_vl_rfs.v:189]
INFO: [Synth 8-638] synthesizing module 'axi_infrastructure_v1_1_0_axi2vector' [/home/martin.perman/workspace/audio-mixer-project/vivado/audio-mixer-project.srcs/sources_1/bd/audio_mixer_project/ipshared/ec67/hdl/axi_infrastructure_v1_1_vl_rfs.v:60]
INFO: [Synth 8-256] done synthesizing module 'axi_infrastructure_v1_1_0_axi2vector' (12#1) [/home/martin.perman/workspace/audio-mixer-project/vivado/audio-mixer-project.srcs/sources_1/bd/audio_mixer_project/ipshared/ec67/hdl/axi_infrastructure_v1_1_vl_rfs.v:60]
INFO: [Synth 8-638] synthesizing module 'axi_infrastructure_v1_1_0_vector2axi' [/home/martin.perman/workspace/audio-mixer-project/vivado/audio-mixer-project.srcs/sources_1/bd/audio_mixer_project/ipshared/ec67/hdl/axi_infrastructure_v1_1_vl_rfs.v:474]
INFO: [Synth 8-256] done synthesizing module 'axi_infrastructure_v1_1_0_vector2axi' (13#1) [/home/martin.perman/workspace/audio-mixer-project/vivado/audio-mixer-project.srcs/sources_1/bd/audio_mixer_project/ipshared/ec67/hdl/axi_infrastructure_v1_1_vl_rfs.v:474]
INFO: [Synth 8-256] done synthesizing module 'axi_register_slice_v2_1_14_axi_register_slice' (14#1) [/home/martin.perman/workspace/audio-mixer-project/vivado/audio-mixer-project.srcs/sources_1/bd/audio_mixer_project/ipshared/a259/hdl/axi_register_slice_v2_1_vl_rfs.v:1284]
INFO: [Synth 8-638] synthesizing module 'axi_register_slice_v2_1_14_axi_register_slice__parameterized0' [/home/martin.perman/workspace/audio-mixer-project/vivado/audio-mixer-project.srcs/sources_1/bd/audio_mixer_project/ipshared/a259/hdl/axi_register_slice_v2_1_vl_rfs.v:1284]
INFO: [Synth 8-638] synthesizing module 'axi_register_slice_v2_1_14_axic_register_slice__parameterized3' [/home/martin.perman/workspace/audio-mixer-project/vivado/audio-mixer-project.srcs/sources_1/bd/audio_mixer_project/ipshared/a259/hdl/axi_register_slice_v2_1_vl_rfs.v:189]
INFO: [Synth 8-256] done synthesizing module 'axi_register_slice_v2_1_14_axic_register_slice__parameterized3' (14#1) [/home/martin.perman/workspace/audio-mixer-project/vivado/audio-mixer-project.srcs/sources_1/bd/audio_mixer_project/ipshared/a259/hdl/axi_register_slice_v2_1_vl_rfs.v:189]
INFO: [Synth 8-638] synthesizing module 'axi_register_slice_v2_1_14_axic_register_slice__parameterized4' [/home/martin.perman/workspace/audio-mixer-project/vivado/audio-mixer-project.srcs/sources_1/bd/audio_mixer_project/ipshared/a259/hdl/axi_register_slice_v2_1_vl_rfs.v:189]
INFO: [Synth 8-256] done synthesizing module 'axi_register_slice_v2_1_14_axic_register_slice__parameterized4' (14#1) [/home/martin.perman/workspace/audio-mixer-project/vivado/audio-mixer-project.srcs/sources_1/bd/audio_mixer_project/ipshared/a259/hdl/axi_register_slice_v2_1_vl_rfs.v:189]
INFO: [Synth 8-638] synthesizing module 'axi_register_slice_v2_1_14_axic_register_slice__parameterized5' [/home/martin.perman/workspace/audio-mixer-project/vivado/audio-mixer-project.srcs/sources_1/bd/audio_mixer_project/ipshared/a259/hdl/axi_register_slice_v2_1_vl_rfs.v:189]
INFO: [Synth 8-256] done synthesizing module 'axi_register_slice_v2_1_14_axic_register_slice__parameterized5' (14#1) [/home/martin.perman/workspace/audio-mixer-project/vivado/audio-mixer-project.srcs/sources_1/bd/audio_mixer_project/ipshared/a259/hdl/axi_register_slice_v2_1_vl_rfs.v:189]
INFO: [Synth 8-638] synthesizing module 'axi_register_slice_v2_1_14_axic_register_slice__parameterized6' [/home/martin.perman/workspace/audio-mixer-project/vivado/audio-mixer-project.srcs/sources_1/bd/audio_mixer_project/ipshared/a259/hdl/axi_register_slice_v2_1_vl_rfs.v:189]
INFO: [Synth 8-256] done synthesizing module 'axi_register_slice_v2_1_14_axic_register_slice__parameterized6' (14#1) [/home/martin.perman/workspace/audio-mixer-project/vivado/audio-mixer-project.srcs/sources_1/bd/audio_mixer_project/ipshared/a259/hdl/axi_register_slice_v2_1_vl_rfs.v:189]
INFO: [Synth 8-638] synthesizing module 'axi_infrastructure_v1_1_0_axi2vector__parameterized0' [/home/martin.perman/workspace/audio-mixer-project/vivado/audio-mixer-project.srcs/sources_1/bd/audio_mixer_project/ipshared/ec67/hdl/axi_infrastructure_v1_1_vl_rfs.v:60]
INFO: [Synth 8-256] done synthesizing module 'axi_infrastructure_v1_1_0_axi2vector__parameterized0' (14#1) [/home/martin.perman/workspace/audio-mixer-project/vivado/audio-mixer-project.srcs/sources_1/bd/audio_mixer_project/ipshared/ec67/hdl/axi_infrastructure_v1_1_vl_rfs.v:60]
INFO: [Synth 8-638] synthesizing module 'axi_infrastructure_v1_1_0_vector2axi__parameterized0' [/home/martin.perman/workspace/audio-mixer-project/vivado/audio-mixer-project.srcs/sources_1/bd/audio_mixer_project/ipshared/ec67/hdl/axi_infrastructure_v1_1_vl_rfs.v:474]
INFO: [Synth 8-256] done synthesizing module 'axi_infrastructure_v1_1_0_vector2axi__parameterized0' (14#1) [/home/martin.perman/workspace/audio-mixer-project/vivado/audio-mixer-project.srcs/sources_1/bd/audio_mixer_project/ipshared/ec67/hdl/axi_infrastructure_v1_1_vl_rfs.v:474]
INFO: [Synth 8-256] done synthesizing module 'axi_register_slice_v2_1_14_axi_register_slice__parameterized0' (14#1) [/home/martin.perman/workspace/audio-mixer-project/vivado/audio-mixer-project.srcs/sources_1/bd/audio_mixer_project/ipshared/a259/hdl/axi_register_slice_v2_1_vl_rfs.v:1284]
INFO: [Synth 8-256] done synthesizing module 'axi_protocol_converter_v2_1_14_b2s' (15#1) [/home/martin.perman/workspace/audio-mixer-project/vivado/audio-mixer-project.srcs/sources_1/bd/audio_mixer_project/ipshared/33cc/hdl/axi_protocol_converter_v2_1_vl_rfs.v:4229]
INFO: [Synth 8-256] done synthesizing module 'axi_protocol_converter_v2_1_14_axi_protocol_converter' (16#1) [/home/martin.perman/workspace/audio-mixer-project/vivado/audio-mixer-project.srcs/sources_1/bd/audio_mixer_project/ipshared/33cc/hdl/axi_protocol_converter_v2_1_vl_rfs.v:4811]
INFO: [Synth 8-256] done synthesizing module 'audio_mixer_project_auto_pc_0' (17#1) [/home/martin.perman/workspace/audio-mixer-project/vivado/audio-mixer-project.srcs/sources_1/bd/audio_mixer_project/ip/audio_mixer_project_auto_pc_0/synth/audio_mixer_project_auto_pc_0.v:58]
Finished RTL Elaboration : Time (s): cpu = 00:00:27 ; elapsed = 00:00:55 . Memory (MB): peak = 1437.477 ; gain = 211.539 ; free physical = 8558 ; free virtual = 13423
Finished RTL Optimization Phase 1 : Time (s): cpu = 00:00:27 ; elapsed = 00:00:55 . Memory (MB): peak = 1437.477 ; gain = 211.539 ; free physical = 8560 ; free virtual = 13425
INFO: [Device 21-403] Loading part xc7z020clg484-1
Constraint Validation Runtime : Time (s): cpu = 00:00:00.05 ; elapsed = 00:00:00.04 . Memory (MB): peak = 1714.086 ; gain = 1.000 ; free physical = 8231 ; free virtual = 13096
Finished Constraint Validation : Time (s): cpu = 00:00:42 ; elapsed = 00:01:33 . Memory (MB): peak = 1714.086 ; gain = 488.148 ; free physical = 8322 ; free virtual = 13186
Finished Loading Part and Timing Information : Time (s): cpu = 00:00:42 ; elapsed = 00:01:33 . Memory (MB): peak = 1714.086 ; gain = 488.148 ; free physical = 8322 ; free virtual = 13186
Finished applying 'set_property' XDC Constraints : Time (s): cpu = 00:00:42 ; elapsed = 00:01:33 . Memory (MB): peak = 1714.086 ; gain = 488.148 ; free physical = 8324 ; free virtual = 13188
Finished RTL Optimization Phase 2 : Time (s): cpu = 00:00:42 ; elapsed = 00:01:34 . Memory (MB): peak = 1714.086 ; gain = 488.148 ; free physical = 8315 ; free virtual = 13180
Finished Cross Boundary and Area Optimization : Time (s): cpu = 00:00:43 ; elapsed = 00:01:35 . Memory (MB): peak = 1714.086 ; gain = 488.148 ; free physical = 8296 ; free virtual = 13161
Finished Applying XDC Timing Constraints : Time (s): cpu = 00:00:48 ; elapsed = 00:01:44 . Memory (MB): peak = 1714.086 ; gain = 488.148 ; free physical = 8153 ; free virtual = 13018
Finished Timing Optimization : Time (s): cpu = 00:00:49 ; elapsed = 00:01:46 . Memory (MB): peak = 1737.156 ; gain = 511.219 ; free physical = 8124 ; free virtual = 12988
Finished Technology Mapping : Time (s): cpu = 00:00:50 ; elapsed = 00:01:46 . Memory (MB): peak = 1745.164 ; gain = 519.227 ; free physical = 8124 ; free virtual = 12989
Finished IO Insertion : Time (s): cpu = 00:00:50 ; elapsed = 00:01:46 . Memory (MB): peak = 1745.168 ; gain = 519.230 ; free physical = 8123 ; free virtual = 12988
Finished Renaming Generated Instances : Time (s): cpu = 00:00:50 ; elapsed = 00:01:46 . Memory (MB): peak = 1745.168 ; gain = 519.230 ; free physical = 8123 ; free virtual = 12988
Finished Rebuilding User Hierarchy : Time (s): cpu = 00:00:50 ; elapsed = 00:01:46 . Memory (MB): peak = 1745.168 ; gain = 519.230 ; free physical = 8123 ; free virtual = 12988
Finished Renaming Generated Ports : Time (s): cpu = 00:00:50 ; elapsed = 00:01:46 . Memory (MB): peak = 1745.168 ; gain = 519.230 ; free physical = 8123 ; free virtual = 12988
Finished Handling Custom Attributes : Time (s): cpu = 00:00:50 ; elapsed = 00:01:46 . Memory (MB): peak = 1745.168 ; gain = 519.230 ; free physical = 8123 ; free virtual = 12988
Finished Renaming Generated Nets : Time (s): cpu = 00:00:50 ; elapsed = 00:01:46 . Memory (MB): peak = 1745.168 ; gain = 519.230 ; free physical = 8123 ; free virtual = 12988

Report Cell Usage: 
+------+--------+------+
|      |Cell    |Count |
+------+--------+------+
|1     |CARRY4  |    18|
|2     |LUT1    |     6|
|3     |LUT2    |    19|
|4     |LUT3    |   243|
|5     |LUT4    |    47|
|6     |LUT5    |    66|
|7     |LUT6    |   104|
|8     |SRL16E  |    18|
|9     |SRLC32E |    47|
|10    |FDRE    |   552|
|11    |FDSE    |    49|
+------+--------+------+
Finished Writing Synthesis Report : Time (s): cpu = 00:00:50 ; elapsed = 00:01:46 . Memory (MB): peak = 1745.168 ; gain = 519.230 ; free physical = 8123 ; free virtual = 12988
synth_design: Time (s): cpu = 00:00:52 ; elapsed = 00:01:48 . Memory (MB): peak = 1746.164 ; gain = 546.047 ; free physical = 8194 ; free virtual = 13059
